Project started ...
Register SyncActionNode CreateMass.
Register SyncActionNode CreateInterTarget.
Register ConditionNode IsOnTarget.
Register ConditionNode IsCloseToTarget.
Register ConditionNode IsThereHinder.
Register SyncActionNode ChangeInterTarget.
Register SyncActionNode ResetInterTarget.
Register SyncActionNode MoveTo.
All Nodes Registered.
Read from stored xml data ...
Tree well created.
Node CreateMass Initialized.
Node CreateInterTarget Initialized.
Node IsOnTarget Initialized.
Node IsCloseToTarget Initialized.
Node IsThereHinder Initialized.
Node ChangeInterTarget Initialized.
Node MoveTo Initialized.
Node ResetInterTarget Initialized.
All Nodes Initialized.
----------------
Sequence
   CreateMass
   CreateInterTarget
   main_control
      IsOnTarget
      ForceFailure
         move_and_set_target
            ForceSuccess
               IsCloseToTarget
            MoveBase
               move_to_intertarget
                  avoid_hinder
                     Inverter
                        IsThereHinder
                     ChangeInterTarget
                  MoveTo
            ResetInterTarget
----------------
BehaviorTree is successfully printed.
FileLogger and MinitraceLogger Launched.
Create a mass for moving.
Write current position to file:trace_mass_1.0.dat
Create a target for moving.
Distance Mass-Target:141.4214
Still in course.
Far from target. Set high gear.
Hinder { 39.0000;41.0000;0.0000;0.0000 } score: 0.2678
Hinder { 61.0000;61.0000;0.0000;0.0000 } score: 0.4170
Hinder { 80.0000;75.0000;0.0000;0.0000 } score: 0.5448
Distance from Hinder to Mass-Target Line:1.4142
Distance Mass-Hinder:51.5879
Hinder not found. Keep high gear.
Predicted position not in hinder safe range.
Now Position: [3.54, 3.54]
Reset intertarget to original target.
count=1
Write current position to file:trace_mass_1.0.dat
Distance Mass-Target:136.4214
Still in course.
Far from target. Set high gear.
Hinder { 39.0000;41.0000;0.0000;0.0000 } score: 0.2514
Hinder { 61.0000;61.0000;0.0000;0.0000 } score: 0.4062
Hinder { 80.0000;75.0000;0.0000;0.0000 } score: 0.5389
Distance from Hinder to Mass-Target Line:1.4142
Distance Mass-Hinder:46.5900
Hinder not found. Keep high gear.
Predicted position not in hinder safe range.
Now Position: [7.07, 7.07]
Reset intertarget to original target.
count=2
Write current position to file:trace_mass_1.0.dat
Distance Mass-Target:131.4214
Still in course.
Far from target. Set high gear.
Hinder { 39.0000;41.0000;0.0000;0.0000 } score: 0.2337
Hinder { 61.0000;61.0000;0.0000;0.0000 } score: 0.3946
Hinder { 80.0000;75.0000;0.0000;0.0000 } score: 0.5326
Distance from Hinder to Mass-Target Line:1.4142
Distance Mass-Hinder:41.5926
Hinder not found. Keep high gear.
Predicted position not in hinder safe range.
Now Position: [10.61, 10.61]
Reset intertarget to original target.
count=3
Write current position to file:trace_mass_1.0.dat
Distance Mass-Target:126.4214
Still in course.
Far from target. Set high gear.
Hinder { 39.0000;41.0000;0.0000;0.0000 } score: 0.2145
Hinder { 61.0000;61.0000;0.0000;0.0000 } score: 0.3820
Hinder { 80.0000;75.0000;0.0000;0.0000 } score: 0.5257
Distance from Hinder to Mass-Target Line:1.4142
Distance Mass-Hinder:36.5959
Hinder not found. Keep high gear.
Predicted position not in hinder safe range.
Now Position: [14.14, 14.14]
Reset intertarget to original target.
count=4
Write current position to file:trace_mass_1.0.dat
Distance Mass-Target:121.4214
Still in course.
Far from target. Set high gear.
Hinder { 39.0000;41.0000;0.0000;0.0000 } score: 0.1936
Hinder { 61.0000;61.0000;0.0000;0.0000 } score: 0.3684
Hinder { 80.0000;75.0000;0.0000;0.0000 } score: 0.5182
Distance from Hinder to Mass-Target Line:1.4142
Distance Mass-Hinder:31.6003
Hinder not found. Keep high gear.
Predicted position not in hinder safe range.
Now Position: [17.68, 17.68]
Reset intertarget to original target.
count=5
Write current position to file:trace_mass_1.0.dat
Distance Mass-Target:116.4215
Still in course.
Far from target. Set high gear.
Hinder { 39.0000;41.0000;0.0000;0.0000 } score: 0.1710
Hinder { 61.0000;61.0000;0.0000;0.0000 } score: 0.3535
Hinder { 80.0000;75.0000;0.0000;0.0000 } score: 0.5101
Distance from Hinder to Mass-Target Line:1.4142
Distance Mass-Hinder:26.6063
Hinder not found. Keep high gear.
Predicted position not in hinder safe range.
Now Position: [21.21, 21.21]
Reset intertarget to original target.
count=6
Write current position to file:trace_mass_1.0.dat
Distance Mass-Target:111.4215
Still in course.
Far from target. Set high gear.
Hinder { 39.0000;41.0000;0.0000;0.0000 } score: 0.1462
Hinder { 61.0000;61.0000;0.0000;0.0000 } score: 0.3372
Hinder { 80.0000;75.0000;0.0000;0.0000 } score: 0.5012
Distance from Hinder to Mass-Target Line:1.4142
Distance Mass-Hinder:21.6150
Hinder not found. Keep high gear.
Predicted position not in hinder safe range.
Now Position: [24.75, 24.75]
Reset intertarget to original target.
count=7
Write current position to file:trace_mass_1.0.dat
Distance Mass-Target:106.4216
Still in course.
Far from target. Set high gear.
Hinder { 39.0000;41.0000;0.0000;0.0000 } score: 0.1190
Hinder { 61.0000;61.0000;0.0000;0.0000 } score: 0.3193
Hinder { 80.0000;75.0000;0.0000;0.0000 } score: 0.4915
Distance from Hinder to Mass-Target Line:1.4142
Distance Mass-Hinder:16.6290
Hinder not found. Keep high gear.
Predicted position not in hinder safe range.
Now Position: [28.28, 28.28]
Reset intertarget to original target.
count=8
Write current position to file:trace_mass_1.0.dat
Distance Mass-Target:101.4216
Still in course.
Far from target. Set high gear.
Hinder { 39.0000;41.0000;0.0000;0.0000 } score: 0.0890
Hinder { 61.0000;61.0000;0.0000;0.0000 } score: 0.2996
Hinder { 80.0000;75.0000;0.0000;0.0000 } score: 0.4807
Distance from Hinder to Mass-Target Line:1.4142
Distance Mass-Hinder:11.6549
Hinder not found. Keep high gear.
Predicted position not in hinder safe range.
Now Position: [31.82, 31.82]
Reset intertarget to original target.
count=9
Write current position to file:trace_mass_1.0.dat
Distance Mass-Target:96.4216
Still in course.
Far from target. Set high gear.
Hinder { 39.0000;41.0000;0.0000;0.0000 } score: 0.0561
Hinder { 61.0000;61.0000;0.0000;0.0000 } score: 0.2777
Hinder { 80.0000;75.0000;0.0000;0.0000 } score: 0.4688
Distance from Hinder to Mass-Target Line:1.4142
Distance Mass-Hinder:6.7193
Hinder not found. Keep high gear.
Predicted position not in hinder safe range.
Now Position: [35.36, 35.36]
Reset intertarget to original target.
count=10
Write current position to file:trace_mass_1.0.dat
Distance Mass-Target:91.4217
Still in course.
Far from target. Set high gear.
Hinder { 39.0000;41.0000;0.0000;0.0000 } score: 0.0220
Hinder { 61.0000;61.0000;0.0000;0.0000 } score: 0.2533
Hinder { 80.0000;75.0000;0.0000;0.0000 } score: 0.4555
Distance from Hinder to Mass-Target Line:1.4142
Distance Mass-Hinder:2.1122
Hinder found. Set mid gear.
Current position in hinder safe range.
distMassHinder - safedist  = 1.7194
Change to second inter-target.
Add an intertarget [39.79, 36.06] to the current route.
Now Position: [38.32, 35.83]
Reset intertarget to original target.
count=11
Write current position to file:trace_mass_1.0.dat
Distance Mass-Target:89.0100
Still in course.
Far from target. Set high gear.
Hinder { 61.0000;61.0000;0.0000;0.0000 } score: 0.2446
Hinder { 80.0000;75.0000;0.0000;0.0000 } score: 0.4454
Distance from Hinder to Mass-Target Line:1.0909
Distance Mass-Hinder:28.8870
Hinder not found. Keep high gear.
Predicted position not in hinder safe range.
Now Position: [41.78, 39.43]
Reset intertarget to original target.
count=12
Write current position to file:trace_mass_1.0.dat
Distance Mass-Target:84.0100
Still in course.
Far from target. Set high gear.
Hinder { 61.0000;61.0000;0.0000;0.0000 } score: 0.2158
Hinder { 80.0000;75.0000;0.0000;0.0000 } score: 0.4293
Distance from Hinder to Mass-Target Line:1.0908
Distance Mass-Hinder:23.8913
Hinder not found. Keep high gear.
Predicted position not in hinder safe range.
Now Position: [45.25, 43.04]
Reset intertarget to original target.
count=13
Write current position to file:trace_mass_1.0.dat
Distance Mass-Target:79.0100
Still in course.
Far from target. Set high gear.
Hinder { 61.0000;61.0000;0.0000;0.0000 } score: 0.1832
Hinder { 80.0000;75.0000;0.0000;0.0000 } score: 0.4112
Distance from Hinder to Mass-Target Line:1.0908
Distance Mass-Hinder:18.8979
Hinder not found. Keep high gear.
Predicted position not in hinder safe range.
Now Position: [48.71, 46.64]
Reset intertarget to original target.
count=14
Write current position to file:trace_mass_1.0.dat
Distance Mass-Target:74.0099
Still in course.
Far from target. Set high gear.
Hinder { 61.0000;61.0000;0.0000;0.0000 } score: 0.1458
Hinder { 80.0000;75.0000;0.0000;0.0000 } score: 0.3904
Distance from Hinder to Mass-Target Line:1.0908
Distance Mass-Hinder:13.9092
Hinder not found. Keep high gear.
Predicted position not in hinder safe range.
Now Position: [52.18, 50.25]
Reset intertarget to original target.
count=15
Write current position to file:trace_mass_1.0.dat
Distance Mass-Target:69.0099
Still in course.
Far from target. Set high gear.
Hinder { 61.0000;61.0000;0.0000;0.0000 } score: 0.1028
Hinder { 80.0000;75.0000;0.0000;0.0000 } score: 0.3664
Distance from Hinder to Mass-Target Line:1.0908
Distance Mass-Hinder:8.9332
Hinder not found. Keep high gear.
Predicted position not in hinder safe range.
Now Position: [55.64, 53.85]
Reset intertarget to original target.
count=16
Write current position to file:trace_mass_1.0.dat
Distance Mass-Target:64.0099
Still in course.
Far from target. Set high gear.
Hinder { 61.0000;61.0000;0.0000;0.0000 } score: 0.0532
Hinder { 80.0000;75.0000;0.0000;0.0000 } score: 0.3384
Distance from Hinder to Mass-Target Line:1.0907
Distance Mass-Hinder:4.0173
Hinder found. Set mid gear.
Current position in hinder safe range.
distMassHinder - safedist  = 3.9332
Change to second inter-target.
Add an intertarget [62.64, 56.28] to the current route.
Now Position: [58.48, 54.83]
Reset intertarget to original target.
count=17
Write current position to file:trace_mass_1.0.dat
Distance Mass-Target:61.3525
Still in course.
Far from target. Set high gear.
Hinder { 61.0000;61.0000;0.0000;0.0000 } score: 0.0450
Hinder { 80.0000;75.0000;0.0000;0.0000 } score: 0.3162
Distance from Hinder to Mass-Target Line:2.3156
Distance Mass-Hinder:2.6299
Hinder found. Set mid gear.
Current position in hinder safe range.
distMassHinder - safedist  = 1.6622
Change to second inter-target.
Add an intertarget [62.64, 56.28] to the current route.
Now Position: [61.31, 55.82]
Reset intertarget to original target.
count=18
Write current position to file:trace_mass_1.0.dat
Distance Mass-Target:58.7282
Still in course.
Far from target. Set high gear.
Hinder { 80.0000;75.0000;0.0000;0.0000 } score: 0.2918
Distance from Hinder to Mass-Target Line:1.4225
Distance Mass-Hinder:21.7907
Hinder not found. Keep high gear.
Predicted position not in hinder safe range.
Now Position: [64.61, 59.58]
Reset intertarget to original target.
count=19
Write current position to file:trace_mass_1.0.dat
Distance Mass-Target:53.7282
Still in course.
Far from target. Set high gear.
Hinder { 80.0000;75.0000;0.0000;0.0000 } score: 0.2502
Distance from Hinder to Mass-Target Line:1.4224
Distance Mass-Hinder:16.8045
Hinder not found. Keep high gear.
Predicted position not in hinder safe range.
Now Position: [67.90, 63.34]
Reset intertarget to original target.
count=20
Write current position to file:trace_mass_1.0.dat
Distance Mass-Target:48.7281
Still in course.
Far from target. Set high gear.
Hinder { 80.0000;75.0000;0.0000;0.0000 } score: 0.1991
Distance from Hinder to Mass-Target Line:1.4224
Distance Mass-Hinder:11.8300
Hinder not found. Keep high gear.
Predicted position not in hinder safe range.
Now Position: [71.19, 67.10]
Reset intertarget to original target.
count=21
Write current position to file:trace_mass_1.0.dat
Distance Mass-Target:43.7281
Still in course.
Far from target. Set high gear.
Hinder { 80.0000;75.0000;0.0000;0.0000 } score: 0.1356
Distance from Hinder to Mass-Target Line:1.4224
Distance Mass-Hinder:6.8925
Hinder not found. Keep high gear.
Predicted position not in hinder safe range.
Now Position: [74.49, 70.86]
Reset intertarget to original target.
count=22
Write current position to file:trace_mass_1.0.dat
Distance Mass-Target:38.7281
Still in course.
Far from target. Set high gear.
Hinder { 80.0000;75.0000;0.0000;0.0000 } score: 0.0594
Distance from Hinder to Mass-Target Line:1.4223
Distance Mass-Hinder:2.2505
Hinder found. Set mid gear.
Current position in hinder safe range.
distMassHinder - safedist  = 1.8925
Change to second inter-target.
Add an intertarget [75.03, 75.58] to the current route.
Now Position: [74.83, 73.84]
Reset intertarget to original target.
count=23
Write current position to file:trace_mass_1.0.dat
Distance Mass-Target:36.2986
Still in course.
Far from target. Set high gear.
Distance from Hinder to Mass-Target Line:2.7252
Distance Mass-Hinder:110.1302
Hinder not found. Keep high gear.
Angle > Orthogonal angle, hinder without threat.
Now Position: [78.30, 77.45]
Reset intertarget to original target.
count=24
Write current position to file:trace_mass_1.0.dat
Distance Mass-Target:31.2986
Still in course.
Far from target. Set high gear.
Distance from Hinder to Mass-Target Line:2.7250
Distance Mass-Hinder:115.1287
Hinder not found. Keep high gear.
Angle > Orthogonal angle, hinder without threat.
Now Position: [81.77, 81.05]
Reset intertarget to original target.
count=25
Write current position to file:trace_mass_1.0.dat
Distance Mass-Target:26.2986
Still in course.
Far from target. Set high gear.
Distance from Hinder to Mass-Target Line:2.7252
Distance Mass-Hinder:120.1274
Hinder not found. Keep high gear.
Angle > Orthogonal angle, hinder without threat.
Now Position: [85.23, 84.65]
Reset intertarget to original target.
count=26
Write current position to file:trace_mass_1.0.dat
Distance Mass-Target:21.2986
Still in course.
Far from target. Set high gear.
Distance from Hinder to Mass-Target Line:2.7251
Distance Mass-Hinder:125.1262
Hinder not found. Keep high gear.
Angle > Orthogonal angle, hinder without threat.
Now Position: [88.70, 88.26]
Reset intertarget to original target.
count=27
Write current position to file:trace_mass_1.0.dat
Distance Mass-Target:16.2986
Still in course.
Far from target. Set high gear.
Distance from Hinder to Mass-Target Line:2.7254
Distance Mass-Hinder:130.1251
Hinder not found. Keep high gear.
Angle > Orthogonal angle, hinder without threat.
Now Position: [92.17, 91.86]
Reset intertarget to original target.
count=28
Write current position to file:trace_mass_1.0.dat
Distance Mass-Target:11.2986
Still in course.
Far from target. Set high gear.
Distance from Hinder to Mass-Target Line:2.7251
Distance Mass-Hinder:135.1240
Hinder not found. Keep high gear.
Angle > Orthogonal angle, hinder without threat.
Now Position: [95.63, 95.46]
Reset intertarget to original target.
count=29
Write current position to file:trace_mass_1.0.dat
Distance Mass-Target:6.2987
Still in course.
Far from target. Set high gear.
Distance from Hinder to Mass-Target Line:2.7244
Distance Mass-Hinder:140.1229
Hinder not found. Keep high gear.
Angle > Orthogonal angle, hinder without threat.
Now Position: [99.10, 99.06]
Reset intertarget to original target.
count=30
Write current position to file:trace_mass_1.0.dat
Distance Mass-Target:1.2986
Still in course.
Close to target. Set low gear.
Distance from Hinder to Mass-Target Line:2.7259
Distance Mass-Hinder:141.1228
Hinder not found. Keep low gear.
Angle > Orthogonal angle, hinder without threat.
Now Position: [99.79, 99.78]
Reset intertarget to original target.
count=31
Write current position to file:trace_mass_1.0.dat
Distance Mass-Target:0.2987
Target reached successfully.
count=32
