Project started ...
Register SyncActionNode CreateMass.
Register SyncActionNode CreateInterTarget.
Register ConditionNode IsOnTarget.
Register ConditionNode IsCloseToTarget.
Register ConditionNode IsThereHinder.
Register SyncActionNode ChangeInterTarget.
Register SyncActionNode ResetInterTarget.
Register SyncActionNode MoveTo.
All Nodes Registered.
Read from stored xml data ...
Tree well created.
Node CreateMass Initialized.
Node CreateInterTarget Initialized.
Node IsOnTarget Initialized.
Node IsCloseToTarget Initialized.
Node IsThereHinder Initialized.
Node ChangeInterTarget Initialized.
Node MoveTo Initialized.
Node ResetInterTarget Initialized.
All Nodes Initialized.
----------------
Sequence
   CreateMass
   CreateInterTarget
   main_control
      IsOnTarget
      ForceFailure
         move_and_set_target
            ForceSuccess
               IsCloseToTarget
            MoveBase
               move_to_intertarget
                  avoid_hinder
                     Inverter
                        IsThereHinder
                     ChangeInterTarget
                  MoveTo
            ResetInterTarget
----------------
BehaviorTree is successfully printed.
FileLogger and MinitraceLogger Launched.
Create a mass for moving.
Write current position to file:trace_mass_0.25.dat
Create a target for moving.
Distance Mass-Target:141.4214
Still in course.
Far from target. Set high gear.
Hinder { 39.0000;41.0000;0.0000;0.0000 } score: 0.2794
Hinder { 61.0000;61.0000;0.0000;0.0000 } score: 0.4246
Hinder { 80.0000;75.0000;0.0000;0.0000 } score: 0.5490
Distance from Hinder to Mass-Target Line:1.4142
Distance Mass-Hinder:55.3366
Hinder not found. Keep high gear.
Predicted position not in hinder safe range.
Now Position: [0.88, 0.88]
Reset intertarget to original target.
count=1
Write current position to file:trace_mass_0.25.dat
Distance Mass-Target:140.1714
Still in course.
Far from target. Set high gear.
Hinder { 39.0000;41.0000;0.0000;0.0000 } score: 0.2756
Hinder { 61.0000;61.0000;0.0000;0.0000 } score: 0.4221
Hinder { 80.0000;75.0000;0.0000;0.0000 } score: 0.5476
Distance from Hinder to Mass-Target Line:1.4142
Distance Mass-Hinder:54.0870
Hinder not found. Keep high gear.
Predicted position not in hinder safe range.
Now Position: [1.77, 1.77]
Reset intertarget to original target.
count=2
Write current position to file:trace_mass_0.25.dat
Distance Mass-Target:138.9214
Still in course.
Far from target. Set high gear.
Hinder { 39.0000;41.0000;0.0000;0.0000 } score: 0.2717
Hinder { 61.0000;61.0000;0.0000;0.0000 } score: 0.4196
Hinder { 80.0000;75.0000;0.0000;0.0000 } score: 0.5462
Distance from Hinder to Mass-Target Line:1.4142
Distance Mass-Hinder:52.8375
Hinder not found. Keep high gear.
Predicted position not in hinder safe range.
Now Position: [2.65, 2.65]
Reset intertarget to original target.
count=3
Write current position to file:trace_mass_0.25.dat
Distance Mass-Target:137.6714
Still in course.
Far from target. Set high gear.
Hinder { 39.0000;41.0000;0.0000;0.0000 } score: 0.2678
Hinder { 61.0000;61.0000;0.0000;0.0000 } score: 0.4170
Hinder { 80.0000;75.0000;0.0000;0.0000 } score: 0.5448
Distance from Hinder to Mass-Target Line:1.4142
Distance Mass-Hinder:51.5879
Hinder not found. Keep high gear.
Predicted position not in hinder safe range.
Now Position: [3.54, 3.54]
Reset intertarget to original target.
count=4
Write current position to file:trace_mass_0.25.dat
Distance Mass-Target:136.4214
Still in course.
Far from target. Set high gear.
Hinder { 39.0000;41.0000;0.0000;0.0000 } score: 0.2638
Hinder { 61.0000;61.0000;0.0000;0.0000 } score: 0.4144
Hinder { 80.0000;75.0000;0.0000;0.0000 } score: 0.5434
Distance from Hinder to Mass-Target Line:1.4142
Distance Mass-Hinder:50.3384
Hinder not found. Keep high gear.
Predicted position not in hinder safe range.
Now Position: [4.42, 4.42]
Reset intertarget to original target.
count=5
Write current position to file:trace_mass_0.25.dat
Distance Mass-Target:135.1714
Still in course.
Far from target. Set high gear.
Hinder { 39.0000;41.0000;0.0000;0.0000 } score: 0.2598
Hinder { 61.0000;61.0000;0.0000;0.0000 } score: 0.4117
Hinder { 80.0000;75.0000;0.0000;0.0000 } score: 0.5419
Distance from Hinder to Mass-Target Line:1.4142
Distance Mass-Hinder:49.0889
Hinder not found. Keep high gear.
Predicted position not in hinder safe range.
Now Position: [5.30, 5.30]
Reset intertarget to original target.
count=6
Write current position to file:trace_mass_0.25.dat
Distance Mass-Target:133.9214
Still in course.
Far from target. Set high gear.
Hinder { 39.0000;41.0000;0.0000;0.0000 } score: 0.2556
Hinder { 61.0000;61.0000;0.0000;0.0000 } score: 0.4090
Hinder { 80.0000;75.0000;0.0000;0.0000 } score: 0.5404
Distance from Hinder to Mass-Target Line:1.4142
Distance Mass-Hinder:47.8395
Hinder not found. Keep high gear.
Predicted position not in hinder safe range.
Now Position: [6.19, 6.19]
Reset intertarget to original target.
count=7
Write current position to file:trace_mass_0.25.dat
Distance Mass-Target:132.6714
Still in course.
Far from target. Set high gear.
Hinder { 39.0000;41.0000;0.0000;0.0000 } score: 0.2514
Hinder { 61.0000;61.0000;0.0000;0.0000 } score: 0.4062
Hinder { 80.0000;75.0000;0.0000;0.0000 } score: 0.5389
Distance from Hinder to Mass-Target Line:1.4142
Distance Mass-Hinder:46.5900
Hinder not found. Keep high gear.
Predicted position not in hinder safe range.
Now Position: [7.07, 7.07]
Reset intertarget to original target.
count=8
Write current position to file:trace_mass_0.25.dat
Distance Mass-Target:131.4214
Still in course.
Far from target. Set high gear.
Hinder { 39.0000;41.0000;0.0000;0.0000 } score: 0.2471
Hinder { 61.0000;61.0000;0.0000;0.0000 } score: 0.4034
Hinder { 80.0000;75.0000;0.0000;0.0000 } score: 0.5374
Distance from Hinder to Mass-Target Line:1.4142
Distance Mass-Hinder:45.3406
Hinder not found. Keep high gear.
Predicted position not in hinder safe range.
Now Position: [7.95, 7.95]
Reset intertarget to original target.
count=9
Write current position to file:trace_mass_0.25.dat
Distance Mass-Target:130.1714
Still in course.
Far from target. Set high gear.
Hinder { 39.0000;41.0000;0.0000;0.0000 } score: 0.2427
Hinder { 61.0000;61.0000;0.0000;0.0000 } score: 0.4005
Hinder { 80.0000;75.0000;0.0000;0.0000 } score: 0.5358
Distance from Hinder to Mass-Target Line:1.4142
Distance Mass-Hinder:44.0913
Hinder not found. Keep high gear.
Predicted position not in hinder safe range.
Now Position: [8.84, 8.84]
Reset intertarget to original target.
count=10
Write current position to file:trace_mass_0.25.dat
Distance Mass-Target:128.9214
Still in course.
Far from target. Set high gear.
Hinder { 39.0000;41.0000;0.0000;0.0000 } score: 0.2382
Hinder { 61.0000;61.0000;0.0000;0.0000 } score: 0.3976
Hinder { 80.0000;75.0000;0.0000;0.0000 } score: 0.5342
Distance from Hinder to Mass-Target Line:1.4142
Distance Mass-Hinder:42.8419
Hinder not found. Keep high gear.
Predicted position not in hinder safe range.
Now Position: [9.72, 9.72]
Reset intertarget to original target.
count=11
Write current position to file:trace_mass_0.25.dat
Distance Mass-Target:127.6714
Still in course.
Far from target. Set high gear.
Hinder { 39.0000;41.0000;0.0000;0.0000 } score: 0.2337
Hinder { 61.0000;61.0000;0.0000;0.0000 } score: 0.3946
Hinder { 80.0000;75.0000;0.0000;0.0000 } score: 0.5326
Distance from Hinder to Mass-Target Line:1.4142
Distance Mass-Hinder:41.5926
Hinder not found. Keep high gear.
Predicted position not in hinder safe range.
Now Position: [10.61, 10.61]
Reset intertarget to original target.
count=12
Write current position to file:trace_mass_0.25.dat
Distance Mass-Target:126.4214
Still in course.
Far from target. Set high gear.
Hinder { 39.0000;41.0000;0.0000;0.0000 } score: 0.2290
Hinder { 61.0000;61.0000;0.0000;0.0000 } score: 0.3916
Hinder { 80.0000;75.0000;0.0000;0.0000 } score: 0.5309
Distance from Hinder to Mass-Target Line:1.4142
Distance Mass-Hinder:40.3433
Hinder not found. Keep high gear.
Predicted position not in hinder safe range.
Now Position: [11.49, 11.49]
Reset intertarget to original target.
count=13
Write current position to file:trace_mass_0.25.dat
Distance Mass-Target:125.1713
Still in course.
Far from target. Set high gear.
Hinder { 39.0000;41.0000;0.0000;0.0000 } score: 0.2243
Hinder { 61.0000;61.0000;0.0000;0.0000 } score: 0.3884
Hinder { 80.0000;75.0000;0.0000;0.0000 } score: 0.5292
Distance from Hinder to Mass-Target Line:1.4142
Distance Mass-Hinder:39.0941
Hinder not found. Keep high gear.
Predicted position not in hinder safe range.
Now Position: [12.37, 12.37]
Reset intertarget to original target.
count=14
Write current position to file:trace_mass_0.25.dat
Distance Mass-Target:123.9213
Still in course.
Far from target. Set high gear.
Hinder { 39.0000;41.0000;0.0000;0.0000 } score: 0.2194
Hinder { 61.0000;61.0000;0.0000;0.0000 } score: 0.3853
Hinder { 80.0000;75.0000;0.0000;0.0000 } score: 0.5275
Distance from Hinder to Mass-Target Line:1.4142
Distance Mass-Hinder:37.8449
Hinder not found. Keep high gear.
Predicted position not in hinder safe range.
Now Position: [13.26, 13.26]
Reset intertarget to original target.
count=15
Write current position to file:trace_mass_0.25.dat
Distance Mass-Target:122.6713
Still in course.
Far from target. Set high gear.
Hinder { 39.0000;41.0000;0.0000;0.0000 } score: 0.2145
Hinder { 61.0000;61.0000;0.0000;0.0000 } score: 0.3820
Hinder { 80.0000;75.0000;0.0000;0.0000 } score: 0.5257
Distance from Hinder to Mass-Target Line:1.4142
Distance Mass-Hinder:36.5958
Hinder not found. Keep high gear.
Predicted position not in hinder safe range.
Now Position: [14.14, 14.14]
Reset intertarget to original target.
count=16
Write current position to file:trace_mass_0.25.dat
Distance Mass-Target:121.4213
Still in course.
Far from target. Set high gear.
Hinder { 39.0000;41.0000;0.0000;0.0000 } score: 0.2094
Hinder { 61.0000;61.0000;0.0000;0.0000 } score: 0.3787
Hinder { 80.0000;75.0000;0.0000;0.0000 } score: 0.5239
Distance from Hinder to Mass-Target Line:1.4142
Distance Mass-Hinder:35.3468
Hinder not found. Keep high gear.
Predicted position not in hinder safe range.
Now Position: [15.03, 15.03]
Reset intertarget to original target.
count=17
Write current position to file:trace_mass_0.25.dat
Distance Mass-Target:120.1712
Still in course.
Far from target. Set high gear.
Hinder { 39.0000;41.0000;0.0000;0.0000 } score: 0.2043
Hinder { 61.0000;61.0000;0.0000;0.0000 } score: 0.3753
Hinder { 80.0000;75.0000;0.0000;0.0000 } score: 0.5220
Distance from Hinder to Mass-Target Line:1.4142
Distance Mass-Hinder:34.0978
Hinder not found. Keep high gear.
Predicted position not in hinder safe range.
Now Position: [15.91, 15.91]
Reset intertarget to original target.
count=18
Write current position to file:trace_mass_0.25.dat
Distance Mass-Target:118.9212
Still in course.
Far from target. Set high gear.
Hinder { 39.0000;41.0000;0.0000;0.0000 } score: 0.1990
Hinder { 61.0000;61.0000;0.0000;0.0000 } score: 0.3719
Hinder { 80.0000;75.0000;0.0000;0.0000 } score: 0.5202
Distance from Hinder to Mass-Target Line:1.4142
Distance Mass-Hinder:32.8489
Hinder not found. Keep high gear.
Predicted position not in hinder safe range.
Now Position: [16.79, 16.79]
Reset intertarget to original target.
count=19
Write current position to file:trace_mass_0.25.dat
Distance Mass-Target:117.6712
Still in course.
Far from target. Set high gear.
Hinder { 39.0000;41.0000;0.0000;0.0000 } score: 0.1936
Hinder { 61.0000;61.0000;0.0000;0.0000 } score: 0.3684
Hinder { 80.0000;75.0000;0.0000;0.0000 } score: 0.5182
Distance from Hinder to Mass-Target Line:1.4142
Distance Mass-Hinder:31.6000
Hinder not found. Keep high gear.
Predicted position not in hinder safe range.
Now Position: [17.68, 17.68]
Reset intertarget to original target.
count=20
Write current position to file:trace_mass_0.25.dat
Distance Mass-Target:116.4212
Still in course.
Far from target. Set high gear.
Hinder { 39.0000;41.0000;0.0000;0.0000 } score: 0.1882
Hinder { 61.0000;61.0000;0.0000;0.0000 } score: 0.3648
Hinder { 80.0000;75.0000;0.0000;0.0000 } score: 0.5163
Distance from Hinder to Mass-Target Line:1.4142
Distance Mass-Hinder:30.3513
Hinder not found. Keep high gear.
Predicted position not in hinder safe range.
Now Position: [18.56, 18.56]
Reset intertarget to original target.
count=21
Write current position to file:trace_mass_0.25.dat
Distance Mass-Target:115.1711
Still in course.
Far from target. Set high gear.
Hinder { 39.0000;41.0000;0.0000;0.0000 } score: 0.1825
Hinder { 61.0000;61.0000;0.0000;0.0000 } score: 0.3611
Hinder { 80.0000;75.0000;0.0000;0.0000 } score: 0.5143
Distance from Hinder to Mass-Target Line:1.4142
Distance Mass-Hinder:29.1027
Hinder not found. Keep high gear.
Predicted position not in hinder safe range.
Now Position: [19.45, 19.45]
Reset intertarget to original target.
count=22
Write current position to file:trace_mass_0.25.dat
Distance Mass-Target:113.9211
Still in course.
Far from target. Set high gear.
Hinder { 39.0000;41.0000;0.0000;0.0000 } score: 0.1768
Hinder { 61.0000;61.0000;0.0000;0.0000 } score: 0.3573
Hinder { 80.0000;75.0000;0.0000;0.0000 } score: 0.5122
Distance from Hinder to Mass-Target Line:1.4142
Distance Mass-Hinder:27.8542
Hinder not found. Keep high gear.
Predicted position not in hinder safe range.
Now Position: [20.33, 20.33]
Reset intertarget to original target.
count=23
Write current position to file:trace_mass_0.25.dat
Distance Mass-Target:112.6711
Still in course.
Far from target. Set high gear.
Hinder { 39.0000;41.0000;0.0000;0.0000 } score: 0.1710
Hinder { 61.0000;61.0000;0.0000;0.0000 } score: 0.3535
Hinder { 80.0000;75.0000;0.0000;0.0000 } score: 0.5101
Distance from Hinder to Mass-Target Line:1.4142
Distance Mass-Hinder:26.6059
Hinder not found. Keep high gear.
Predicted position not in hinder safe range.
Now Position: [21.21, 21.21]
Reset intertarget to original target.
count=24
Write current position to file:trace_mass_0.25.dat
Distance Mass-Target:111.4211
Still in course.
Far from target. Set high gear.
Hinder { 39.0000;41.0000;0.0000;0.0000 } score: 0.1650
Hinder { 61.0000;61.0000;0.0000;0.0000 } score: 0.3496
Hinder { 80.0000;75.0000;0.0000;0.0000 } score: 0.5080
Distance from Hinder to Mass-Target Line:1.4142
Distance Mass-Hinder:25.3577
Hinder not found. Keep high gear.
Predicted position not in hinder safe range.
Now Position: [22.10, 22.10]
Reset intertarget to original target.
count=25
Write current position to file:trace_mass_0.25.dat
Distance Mass-Target:110.1711
Still in course.
Far from target. Set high gear.
Hinder { 39.0000;41.0000;0.0000;0.0000 } score: 0.1588
Hinder { 61.0000;61.0000;0.0000;0.0000 } score: 0.3455
Hinder { 80.0000;75.0000;0.0000;0.0000 } score: 0.5058
Distance from Hinder to Mass-Target Line:1.4142
Distance Mass-Hinder:24.1098
Hinder not found. Keep high gear.
Predicted position not in hinder safe range.
Now Position: [22.98, 22.98]
Reset intertarget to original target.
count=26
Write current position to file:trace_mass_0.25.dat
Distance Mass-Target:108.9210
Still in course.
Far from target. Set high gear.
Hinder { 39.0000;41.0000;0.0000;0.0000 } score: 0.1526
Hinder { 61.0000;61.0000;0.0000;0.0000 } score: 0.3414
Hinder { 80.0000;75.0000;0.0000;0.0000 } score: 0.5035
Distance from Hinder to Mass-Target Line:1.4142
Distance Mass-Hinder:22.8620
Hinder not found. Keep high gear.
Predicted position not in hinder safe range.
Now Position: [23.87, 23.87]
Reset intertarget to original target.
count=27
Write current position to file:trace_mass_0.25.dat
Distance Mass-Target:107.6710
Still in course.
Far from target. Set high gear.
Hinder { 39.0000;41.0000;0.0000;0.0000 } score: 0.1462
Hinder { 61.0000;61.0000;0.0000;0.0000 } score: 0.3372
Hinder { 80.0000;75.0000;0.0000;0.0000 } score: 0.5012
Distance from Hinder to Mass-Target Line:1.4142
Distance Mass-Hinder:21.6145
Hinder not found. Keep high gear.
Predicted position not in hinder safe range.
Now Position: [24.75, 24.75]
Reset intertarget to original target.
count=28
Write current position to file:trace_mass_0.25.dat
Distance Mass-Target:106.4210
Still in course.
Far from target. Set high gear.
Hinder { 39.0000;41.0000;0.0000;0.0000 } score: 0.1396
Hinder { 61.0000;61.0000;0.0000;0.0000 } score: 0.3329
Hinder { 80.0000;75.0000;0.0000;0.0000 } score: 0.4989
Distance from Hinder to Mass-Target Line:1.4142
Distance Mass-Hinder:20.3673
Hinder not found. Keep high gear.
Predicted position not in hinder safe range.
Now Position: [25.63, 25.63]
Reset intertarget to original target.
count=29
Write current position to file:trace_mass_0.25.dat
Distance Mass-Target:105.1710
Still in course.
Far from target. Set high gear.
Hinder { 39.0000;41.0000;0.0000;0.0000 } score: 0.1329
Hinder { 61.0000;61.0000;0.0000;0.0000 } score: 0.3285
Hinder { 80.0000;75.0000;0.0000;0.0000 } score: 0.4965
Distance from Hinder to Mass-Target Line:1.4142
Distance Mass-Hinder:19.1205
Hinder not found. Keep high gear.
Predicted position not in hinder safe range.
Now Position: [26.52, 26.52]
Reset intertarget to original target.
count=30
Write current position to file:trace_mass_0.25.dat
Distance Mass-Target:103.9209
Still in course.
Far from target. Set high gear.
Hinder { 39.0000;41.0000;0.0000;0.0000 } score: 0.1260
Hinder { 61.0000;61.0000;0.0000;0.0000 } score: 0.3240
Hinder { 80.0000;75.0000;0.0000;0.0000 } score: 0.4940
Distance from Hinder to Mass-Target Line:1.4142
Distance Mass-Hinder:17.8742
Hinder not found. Keep high gear.
Predicted position not in hinder safe range.
Now Position: [27.40, 27.40]
Reset intertarget to original target.
count=31
Write current position to file:trace_mass_0.25.dat
Distance Mass-Target:102.6709
Still in course.
Far from target. Set high gear.
Hinder { 39.0000;41.0000;0.0000;0.0000 } score: 0.1190
Hinder { 61.0000;61.0000;0.0000;0.0000 } score: 0.3193
Hinder { 80.0000;75.0000;0.0000;0.0000 } score: 0.4915
Distance from Hinder to Mass-Target Line:1.4142
Distance Mass-Hinder:16.6283
Hinder not found. Keep high gear.
Predicted position not in hinder safe range.
Now Position: [28.28, 28.28]
Reset intertarget to original target.
count=32
Write current position to file:trace_mass_0.25.dat
Distance Mass-Target:101.4209
Still in course.
Far from target. Set high gear.
Hinder { 39.0000;41.0000;0.0000;0.0000 } score: 0.1117
Hinder { 61.0000;61.0000;0.0000;0.0000 } score: 0.3146
Hinder { 80.0000;75.0000;0.0000;0.0000 } score: 0.4889
Distance from Hinder to Mass-Target Line:1.4142
Distance Mass-Hinder:15.3832
Hinder not found. Keep high gear.
Predicted position not in hinder safe range.
Now Position: [29.17, 29.17]
Reset intertarget to original target.
count=33
Write current position to file:trace_mass_0.25.dat
Distance Mass-Target:100.1709
Still in course.
Far from target. Set high gear.
Hinder { 39.0000;41.0000;0.0000;0.0000 } score: 0.1043
Hinder { 61.0000;61.0000;0.0000;0.0000 } score: 0.3097
Hinder { 80.0000;75.0000;0.0000;0.0000 } score: 0.4862
Distance from Hinder to Mass-Target Line:1.4142
Distance Mass-Hinder:14.1390
Hinder not found. Keep high gear.
Predicted position not in hinder safe range.
Now Position: [30.05, 30.05]
Reset intertarget to original target.
count=34
Write current position to file:trace_mass_0.25.dat
Distance Mass-Target:98.9208
Still in course.
Far from target. Set high gear.
Hinder { 39.0000;41.0000;0.0000;0.0000 } score: 0.0968
Hinder { 61.0000;61.0000;0.0000;0.0000 } score: 0.3047
Hinder { 80.0000;75.0000;0.0000;0.0000 } score: 0.4835
Distance from Hinder to Mass-Target Line:1.4142
Distance Mass-Hinder:12.8958
Hinder not found. Keep high gear.
Predicted position not in hinder safe range.
Now Position: [30.94, 30.94]
Reset intertarget to original target.
count=35
Write current position to file:trace_mass_0.25.dat
Distance Mass-Target:97.6708
Still in course.
Far from target. Set high gear.
Hinder { 39.0000;41.0000;0.0000;0.0000 } score: 0.0890
Hinder { 61.0000;61.0000;0.0000;0.0000 } score: 0.2996
Hinder { 80.0000;75.0000;0.0000;0.0000 } score: 0.4807
Distance from Hinder to Mass-Target Line:1.4142
Distance Mass-Hinder:11.6541
Hinder not found. Keep high gear.
Predicted position not in hinder safe range.
Now Position: [31.82, 31.82]
Reset intertarget to original target.
count=36
Write current position to file:trace_mass_0.25.dat
Distance Mass-Target:96.4208
Still in course.
Far from target. Set high gear.
Hinder { 39.0000;41.0000;0.0000;0.0000 } score: 0.0811
Hinder { 61.0000;61.0000;0.0000;0.0000 } score: 0.2943
Hinder { 80.0000;75.0000;0.0000;0.0000 } score: 0.4778
Distance from Hinder to Mass-Target Line:1.4142
Distance Mass-Hinder:10.4145
Hinder not found. Keep high gear.
Predicted position not in hinder safe range.
Now Position: [32.70, 32.70]
Reset intertarget to original target.
count=37
Write current position to file:trace_mass_0.25.dat
Distance Mass-Target:95.1708
Still in course.
Far from target. Set high gear.
Hinder { 39.0000;41.0000;0.0000;0.0000 } score: 0.0729
Hinder { 61.0000;61.0000;0.0000;0.0000 } score: 0.2889
Hinder { 80.0000;75.0000;0.0000;0.0000 } score: 0.4749
Distance from Hinder to Mass-Target Line:1.4142
Distance Mass-Hinder:9.1776
Hinder not found. Keep high gear.
Predicted position not in hinder safe range.
Now Position: [33.59, 33.59]
Reset intertarget to original target.
count=38
Write current position to file:trace_mass_0.25.dat
Distance Mass-Target:93.9208
Still in course.
Far from target. Set high gear.
Hinder { 39.0000;41.0000;0.0000;0.0000 } score: 0.0646
Hinder { 61.0000;61.0000;0.0000;0.0000 } score: 0.2834
Hinder { 80.0000;75.0000;0.0000;0.0000 } score: 0.4719
Distance from Hinder to Mass-Target Line:1.4142
Distance Mass-Hinder:7.9448
Hinder not found. Keep high gear.
Predicted position not in hinder safe range.
Now Position: [34.47, 34.47]
Reset intertarget to original target.
count=39
Write current position to file:trace_mass_0.25.dat
Distance Mass-Target:92.6707
Still in course.
Far from target. Set high gear.
Hinder { 39.0000;41.0000;0.0000;0.0000 } score: 0.0561
Hinder { 61.0000;61.0000;0.0000;0.0000 } score: 0.2777
Hinder { 80.0000;75.0000;0.0000;0.0000 } score: 0.4688
Distance from Hinder to Mass-Target Line:1.4142
Distance Mass-Hinder:6.7184
Hinder not found. Keep high gear.
Predicted position not in hinder safe range.
Now Position: [35.36, 35.36]
Reset intertarget to original target.
count=40
Write current position to file:trace_mass_0.25.dat
Distance Mass-Target:91.4207
Still in course.
Far from target. Set high gear.
Hinder { 39.0000;41.0000;0.0000;0.0000 } score: 0.0474
Hinder { 61.0000;61.0000;0.0000;0.0000 } score: 0.2718
Hinder { 80.0000;75.0000;0.0000;0.0000 } score: 0.4656
Distance from Hinder to Mass-Target Line:1.4142
Distance Mass-Hinder:5.5027
Hinder not found. Keep high gear.
Predicted position not in hinder safe range.
Now Position: [36.24, 36.24]
Reset intertarget to original target.
count=41
Write current position to file:trace_mass_0.25.dat
Distance Mass-Target:90.1707
Still in course.
Far from target. Set high gear.
Hinder { 39.0000;41.0000;0.0000;0.0000 } score: 0.0387
Hinder { 61.0000;61.0000;0.0000;0.0000 } score: 0.2658
Hinder { 80.0000;75.0000;0.0000;0.0000 } score: 0.4623
Distance from Hinder to Mass-Target Line:1.4142
Distance Mass-Hinder:4.3067
Hinder found. Set mid gear.
Current position in hinder safe range.
distMassHinder - safedist  = 0.5027
Change to second inter-target.
Add an intertarget [38.53, 36.02] to the current route.
Now Position: [36.99, 36.17]
Reset intertarget to original target.
count=42
Write current position to file:trace_mass_0.25.dat
Distance Mass-Target:89.6948
Still in course.
Far from target. Set high gear.
Hinder { 39.0000;41.0000;0.0000;0.0000 } score: 0.0391
Hinder { 61.0000;61.0000;0.0000;0.0000 } score: 0.2647
Hinder { 80.0000;75.0000;0.0000;0.0000 } score: 0.4601
Distance from Hinder to Mass-Target Line:1.9610
Distance Mass-Hinder:4.1019
Hinder found. Set mid gear.
Current position in hinder safe range.
distMassHinder - safedist  = 0.2341
Change to second inter-target.
Add an intertarget [38.53, 36.02] to the current route.
Now Position: [37.73, 36.10]
Reset intertarget to original target.
count=43
Write current position to file:trace_mass_0.25.dat
Distance Mass-Target:89.2226
Still in course.
Far from target. Set high gear.
Hinder { 39.0000;41.0000;0.0000;0.0000 } score: 0.0406
Hinder { 61.0000;61.0000;0.0000;0.0000 } score: 0.2637
Hinder { 80.0000;75.0000;0.0000;0.0000 } score: 0.4578
Distance from Hinder to Mass-Target Line:2.5136
Distance Mass-Hinder:4.0262
Hinder found. Set mid gear.
Current position in hinder safe range.
distMassHinder - safedist  = 0.0632
Change to second inter-target.
Add an intertarget [38.53, 36.02] to the current route.
Now Position: [38.48, 36.03]
Reset intertarget to original target.
count=44
Write current position to file:trace_mass_0.25.dat
Distance Mass-Target:88.7543
Still in course.
Far from target. Set high gear.
Hinder { 39.0000;41.0000;0.0000;0.0000 } score: 0.0432
Hinder { 61.0000;61.0000;0.0000;0.0000 } score: 0.2627
Hinder { 80.0000;75.0000;0.0000;0.0000 } score: 0.4555
Distance from Hinder to Mass-Target Line:3.0720
Distance Mass-Hinder:4.0868
Hinder found. Set mid gear.
Current position in hinder safe range.
distMassHinder - safedist  = 0.0003
Change to second inter-target.
Add an intertarget [38.53, 36.02] to the current route.
Predicted movement will be beyond the range. Set low gear.
Now Position: [38.73, 36.00]
Reset intertarget to original target.
count=45
Write current position to file:trace_mass_0.25.dat
Distance Mass-Target:88.5988
Still in course.
Far from target. Set high gear.
Hinder { 39.0000;41.0000;0.0000;0.0000 } score: 0.0443
Hinder { 61.0000;61.0000;0.0000;0.0000 } score: 0.2624
Hinder { 80.0000;75.0000;0.0000;0.0000 } score: 0.4548
Distance from Hinder to Mass-Target Line:3.2591
Distance Mass-Hinder:4.1362
Hinder found. Set mid gear.
Current position in hinder safe range.
distMassHinder - safedist  = 0.0038
Change to second inter-target.
Add an intertarget [38.92, 36.00] to the current route.
Predicted movement will be beyond the range. Set low gear.
Now Position: [38.98, 36.00]
Reset intertarget to original target.
count=46
Write current position to file:trace_mass_0.25.dat
Distance Mass-Target:88.4289
Still in course.
Far from target. Set high gear.
Hinder { 39.0000;41.0000;0.0000;0.0000 } score: 0.0454
Hinder { 61.0000;61.0000;0.0000;0.0000 } score: 0.2620
Hinder { 80.0000;75.0000;0.0000;0.0000 } score: 0.4540
Distance from Hinder to Mass-Target Line:3.4349
Distance Mass-Hinder:4.1811
Hinder found. Set mid gear.
Current position in hinder safe range.
distMassHinder - safedist  = 0.0003
Change to second inter-target.
Add an intertarget [39.04, 36.00] to the current route.
Predicted movement will be beyond the range. Set low gear.
Now Position: [39.23, 36.00]
Reset intertarget to original target.
count=47
Write current position to file:trace_mass_0.25.dat
Distance Mass-Target:88.2554
Still in course.
Far from target. Set high gear.
Hinder { 39.0000;41.0000;0.0000;0.0000 } score: 0.0465
Hinder { 61.0000;61.0000;0.0000;0.0000 } score: 0.2616
Hinder { 80.0000;75.0000;0.0000;0.0000 } score: 0.4532
Distance from Hinder to Mass-Target Line:3.6076
Distance Mass-Hinder:4.2346
Hinder found. Set mid gear.
Current position in hinder safe range.
distMassHinder - safedist  = 0.0038
Change to second inter-target.
Add an intertarget [39.42, 36.02] to the current route.
Predicted movement will be beyond the range. Set low gear.
Now Position: [39.48, 36.02]
Reset intertarget to original target.
count=48
Write current position to file:trace_mass_0.25.dat
Distance Mass-Target:88.0687
Still in course.
Far from target. Set high gear.
Hinder { 39.0000;41.0000;0.0000;0.0000 } score: 0.0476
Hinder { 61.0000;61.0000;0.0000;0.0000 } score: 0.2611
Hinder { 80.0000;75.0000;0.0000;0.0000 } score: 0.4524
Distance from Hinder to Mass-Target Line:3.7675
Distance Mass-Hinder:4.2833
Hinder found. Set mid gear.
Current position in hinder safe range.
distMassHinder - safedist  = 0.0004
Change to second inter-target.
Add an intertarget [39.54, 36.03] to the current route.
Predicted movement will be beyond the range. Set low gear.
Now Position: [39.73, 36.05]
Reset intertarget to original target.
count=49
Write current position to file:trace_mass_0.25.dat
Distance Mass-Target:87.8784
Still in course.
Far from target. Set high gear.
Hinder { 39.0000;41.0000;0.0000;0.0000 } score: 0.0487
Hinder { 61.0000;61.0000;0.0000;0.0000 } score: 0.2605
Hinder { 80.0000;75.0000;0.0000;0.0000 } score: 0.4516
Distance from Hinder to Mass-Target Line:3.9238
Distance Mass-Hinder:4.3400
Hinder found. Set mid gear.
Current position in hinder safe range.
distMassHinder - safedist  = 0.0035
Change to second inter-target.
Add an intertarget [39.91, 36.08] to the current route.
Predicted movement will be beyond the range. Set low gear.
Now Position: [39.97, 36.09]
Reset intertarget to original target.
count=50
Write current position to file:trace_mass_0.25.dat
Distance Mass-Target:87.6769
Still in course.
Far from target. Set high gear.
Hinder { 39.0000;41.0000;0.0000;0.0000 } score: 0.0497
Hinder { 61.0000;61.0000;0.0000;0.0000 } score: 0.2599
Hinder { 80.0000;75.0000;0.0000;0.0000 } score: 0.4508
Distance from Hinder to Mass-Target Line:4.0665
Distance Mass-Hinder:4.3922
Hinder found. Set mid gear.
Current position in hinder safe range.
distMassHinder - safedist  = 0.0003
Change to second inter-target.
Add an intertarget [40.03, 36.11] to the current route.
Predicted movement will be beyond the range. Set low gear.
Now Position: [40.22, 36.15]
Reset intertarget to original target.
count=51
Write current position to file:trace_mass_0.25.dat
Distance Mass-Target:87.4721
Still in course.
Far from target. Set high gear.
Hinder { 39.0000;41.0000;0.0000;0.0000 } score: 0.0508
Hinder { 61.0000;61.0000;0.0000;0.0000 } score: 0.2592
Hinder { 80.0000;75.0000;0.0000;0.0000 } score: 0.4500
Distance from Hinder to Mass-Target Line:4.2053
Distance Mass-Hinder:4.4521
Hinder found. Set mid gear.
Current position in hinder safe range.
distMassHinder - safedist  = 0.0038
Change to second inter-target.
Add an intertarget [40.40, 36.20] to the current route.
Predicted movement will be beyond the range. Set low gear.
Now Position: [40.46, 36.22]
Reset intertarget to original target.
count=52
Write current position to file:trace_mass_0.25.dat
Distance Mass-Target:87.2570
Still in course.
Far from target. Set high gear.
Hinder { 39.0000;41.0000;0.0000;0.0000 } score: 0.0518
Hinder { 61.0000;61.0000;0.0000;0.0000 } score: 0.2585
Hinder { 80.0000;75.0000;0.0000;0.0000 } score: 0.4491
Distance from Hinder to Mass-Target Line:4.3290
Distance Mass-Hinder:4.5066
Hinder found. Set mid gear.
Current position in hinder safe range.
distMassHinder - safedist  = 0.0004
Change to second inter-target.
Add an intertarget [40.52, 36.24] to the current route.
Predicted movement will be beyond the range. Set low gear.
Now Position: [40.69, 36.29]
Reset intertarget to original target.
count=53
Write current position to file:trace_mass_0.25.dat
Distance Mass-Target:87.0391
Still in course.
Far from target. Set high gear.
Hinder { 39.0000;41.0000;0.0000;0.0000 } score: 0.0528
Hinder { 61.0000;61.0000;0.0000;0.0000 } score: 0.2577
Hinder { 80.0000;75.0000;0.0000;0.0000 } score: 0.4483
Distance from Hinder to Mass-Target Line:4.4482
Distance Mass-Hinder:4.5684
Hinder found. Set mid gear.
Current position in hinder safe range.
distMassHinder - safedist  = 0.0035
Change to second inter-target.
Add an intertarget [40.87, 36.36] to the current route.
Predicted movement will be beyond the range. Set low gear.
Now Position: [40.93, 36.39]
Reset intertarget to original target.
count=54
Write current position to file:trace_mass_0.25.dat
Distance Mass-Target:86.8128
Still in course.
Far from target. Set high gear.
Hinder { 39.0000;41.0000;0.0000;0.0000 } score: 0.0538
Hinder { 61.0000;61.0000;0.0000;0.0000 } score: 0.2568
Hinder { 80.0000;75.0000;0.0000;0.0000 } score: 0.4475
Distance from Hinder to Mass-Target Line:4.5517
Distance Mass-Hinder:4.6251
Hinder found. Set mid gear.
Current position in hinder safe range.
distMassHinder - safedist  = 0.0004
Change to second inter-target.
Add an intertarget [40.99, 36.41] to the current route.
Predicted movement will be beyond the range. Set low gear.
Now Position: [41.16, 36.48]
Reset intertarget to original target.
count=55
Write current position to file:trace_mass_0.25.dat
Distance Mass-Target:86.5839
Still in course.
Far from target. Set high gear.
Hinder { 39.0000;41.0000;0.0000;0.0000 } score: 0.0548
Hinder { 61.0000;61.0000;0.0000;0.0000 } score: 0.2559
Hinder { 80.0000;75.0000;0.0000;0.0000 } score: 0.4466
Distance from Hinder to Mass-Target Line:4.6500
Distance Mass-Hinder:4.6882
Hinder found. Set mid gear.
Current position in hinder safe range.
distMassHinder - safedist  = 0.0034
Change to second inter-target.
Add an intertarget [41.32, 36.57] to the current route.
Predicted movement will be beyond the range. Set low gear.
Now Position: [41.38, 36.60]
Reset intertarget to original target.
count=56
Write current position to file:trace_mass_0.25.dat
Distance Mass-Target:86.3484
Still in course.
Far from target. Set high gear.
Hinder { 39.0000;41.0000;0.0000;0.0000 } score: 0.0557
Hinder { 61.0000;61.0000;0.0000;0.0000 } score: 0.2549
Hinder { 80.0000;75.0000;0.0000;0.0000 } score: 0.4458
Distance from Hinder to Mass-Target Line:4.7322
Distance Mass-Hinder:4.7463
Hinder found. Set mid gear.
Current position in hinder safe range.
distMassHinder - safedist  = 0.0005
Change to second inter-target.
Add an intertarget [41.44, 36.63] to the current route.
Predicted movement will be beyond the range. Set low gear.
Now Position: [41.60, 36.72]
Reset intertarget to original target.
count=57
Write current position to file:trace_mass_0.25.dat
Distance Mass-Target:86.1107
Still in course.
Far from target. Set high gear.
Hinder { 39.0000;41.0000;0.0000;0.0000 } score: 0.0567
Hinder { 61.0000;61.0000;0.0000;0.0000 } score: 0.2539
Hinder { 80.0000;75.0000;0.0000;0.0000 } score: 0.4450
Distance from Hinder to Mass-Target Line:4.8085
Distance Mass-Hinder:4.8103
Hinder found. Set mid gear.
Current position in hinder safe range.
distMassHinder - safedist  = 0.0033
Change to second inter-target.
Add an intertarget [41.75, 36.82] to the current route.
Predicted movement will be beyond the range. Set low gear.
Now Position: [41.80, 36.86]
Reset intertarget to original target.
count=58
Write current position to file:trace_mass_0.25.dat
Distance Mass-Target:85.8682
Still in course.
Far from target. Set high gear.
Hinder { 61.0000;61.0000;0.0000;0.0000 } score: 0.2528
Hinder { 80.0000;75.0000;0.0000;0.0000 } score: 0.4441
Distance from Hinder to Mass-Target Line:2.2458
Distance Mass-Hinder:29.5949
Hinder not found. Keep high gear.
Predicted position not in hinder safe range.
Now Position: [42.65, 37.78]
Reset intertarget to original target.
count=59
Write current position to file:trace_mass_0.25.dat
Distance Mass-Target:84.6182
Still in course.
Far from target. Set high gear.
Hinder { 61.0000;61.0000;0.0000;0.0000 } score: 0.2461
Hinder { 80.0000;75.0000;0.0000;0.0000 } score: 0.4403
Distance from Hinder to Mass-Target Line:2.2458
Distance Mass-Hinder:28.3487
Hinder not found. Keep high gear.
Predicted position not in hinder safe range.
Now Position: [43.50, 38.70]
Reset intertarget to original target.
count=60
Write current position to file:trace_mass_0.25.dat
Distance Mass-Target:83.3682
Still in course.
Far from target. Set high gear.
Hinder { 61.0000;61.0000;0.0000;0.0000 } score: 0.2392
Hinder { 80.0000;75.0000;0.0000;0.0000 } score: 0.4364
Distance from Hinder to Mass-Target Line:2.2458
Distance Mass-Hinder:27.1028
Hinder not found. Keep high gear.
Predicted position not in hinder safe range.
Now Position: [44.35, 39.62]
Reset intertarget to original target.
count=61
Write current position to file:trace_mass_0.25.dat
Distance Mass-Target:82.1182
Still in course.
Far from target. Set high gear.
Hinder { 61.0000;61.0000;0.0000;0.0000 } score: 0.2322
Hinder { 80.0000;75.0000;0.0000;0.0000 } score: 0.4323
Distance from Hinder to Mass-Target Line:2.2459
Distance Mass-Hinder:25.8573
Hinder not found. Keep high gear.
Predicted position not in hinder safe range.
Now Position: [45.19, 40.54]
Reset intertarget to original target.
count=62
Write current position to file:trace_mass_0.25.dat
Distance Mass-Target:80.8682
Still in course.
Far from target. Set high gear.
Hinder { 61.0000;61.0000;0.0000;0.0000 } score: 0.2249
Hinder { 80.0000;75.0000;0.0000;0.0000 } score: 0.4281
Distance from Hinder to Mass-Target Line:2.2459
Distance Mass-Hinder:24.6123
Hinder not found. Keep high gear.
Predicted position not in hinder safe range.
Now Position: [46.04, 41.46]
Reset intertarget to original target.
count=63
Write current position to file:trace_mass_0.25.dat
Distance Mass-Target:79.6182
Still in course.
Far from target. Set high gear.
Hinder { 61.0000;61.0000;0.0000;0.0000 } score: 0.2173
Hinder { 80.0000;75.0000;0.0000;0.0000 } score: 0.4238
Distance from Hinder to Mass-Target Line:2.2460
Distance Mass-Hinder:23.3678
Hinder not found. Keep high gear.
Predicted position not in hinder safe range.
Now Position: [46.89, 42.37]
Reset intertarget to original target.
count=64
Write current position to file:trace_mass_0.25.dat
Distance Mass-Target:78.3682
Still in course.
Far from target. Set high gear.
Hinder { 61.0000;61.0000;0.0000;0.0000 } score: 0.2096
Hinder { 80.0000;75.0000;0.0000;0.0000 } score: 0.4193
Distance from Hinder to Mass-Target Line:2.2460
Distance Mass-Hinder:22.1239
Hinder not found. Keep high gear.
Predicted position not in hinder safe range.
Now Position: [47.74, 43.29]
Reset intertarget to original target.
count=65
Write current position to file:trace_mass_0.25.dat
Distance Mass-Target:77.1182
Still in course.
Far from target. Set high gear.
Hinder { 61.0000;61.0000;0.0000;0.0000 } score: 0.2015
Hinder { 80.0000;75.0000;0.0000;0.0000 } score: 0.4147
Distance from Hinder to Mass-Target Line:2.2460
Distance Mass-Hinder:20.8807
Hinder not found. Keep high gear.
Predicted position not in hinder safe range.
Now Position: [48.58, 44.21]
Reset intertarget to original target.
count=66
Write current position to file:trace_mass_0.25.dat
Distance Mass-Target:75.8682
Still in course.
Far from target. Set high gear.
Hinder { 61.0000;61.0000;0.0000;0.0000 } score: 0.1933
Hinder { 80.0000;75.0000;0.0000;0.0000 } score: 0.4099
Distance from Hinder to Mass-Target Line:2.2461
Distance Mass-Hinder:19.6385
Hinder not found. Keep high gear.
Predicted position not in hinder safe range.
Now Position: [49.43, 45.13]
Reset intertarget to original target.
count=67
Write current position to file:trace_mass_0.25.dat
Distance Mass-Target:74.6182
Still in course.
Far from target. Set high gear.
Hinder { 61.0000;61.0000;0.0000;0.0000 } score: 0.1847
Hinder { 80.0000;75.0000;0.0000;0.0000 } score: 0.4050
Distance from Hinder to Mass-Target Line:2.2461
Distance Mass-Hinder:18.3972
Hinder not found. Keep high gear.
Predicted position not in hinder safe range.
Now Position: [50.28, 46.05]
Reset intertarget to original target.
count=68
Write current position to file:trace_mass_0.25.dat
Distance Mass-Target:73.3682
Still in course.
Far from target. Set high gear.
Hinder { 61.0000;61.0000;0.0000;0.0000 } score: 0.1759
Hinder { 80.0000;75.0000;0.0000;0.0000 } score: 0.3999
Distance from Hinder to Mass-Target Line:2.2462
Distance Mass-Hinder:17.1573
Hinder not found. Keep high gear.
Predicted position not in hinder safe range.
Now Position: [51.12, 46.97]
Reset intertarget to original target.
count=69
Write current position to file:trace_mass_0.25.dat
Distance Mass-Target:72.1182
Still in course.
Far from target. Set high gear.
Hinder { 61.0000;61.0000;0.0000;0.0000 } score: 0.1667
Hinder { 80.0000;75.0000;0.0000;0.0000 } score: 0.3946
Distance from Hinder to Mass-Target Line:2.2462
Distance Mass-Hinder:15.9189
Hinder not found. Keep high gear.
Predicted position not in hinder safe range.
Now Position: [51.97, 47.89]
Reset intertarget to original target.
count=70
Write current position to file:trace_mass_0.25.dat
Distance Mass-Target:70.8682
Still in course.
Far from target. Set high gear.
Hinder { 61.0000;61.0000;0.0000;0.0000 } score: 0.1573
Hinder { 80.0000;75.0000;0.0000;0.0000 } score: 0.3892
Distance from Hinder to Mass-Target Line:2.2463
Distance Mass-Hinder:14.6825
Hinder not found. Keep high gear.
Predicted position not in hinder safe range.
Now Position: [52.82, 48.81]
Reset intertarget to original target.
count=71
Write current position to file:trace_mass_0.25.dat
Distance Mass-Target:69.6182
Still in course.
Far from target. Set high gear.
Hinder { 61.0000;61.0000;0.0000;0.0000 } score: 0.1476
Hinder { 80.0000;75.0000;0.0000;0.0000 } score: 0.3835
Distance from Hinder to Mass-Target Line:2.2463
Distance Mass-Hinder:13.4486
Hinder not found. Keep high gear.
Predicted position not in hinder safe range.
Now Position: [53.67, 49.73]
Reset intertarget to original target.
count=72
Write current position to file:trace_mass_0.25.dat
Distance Mass-Target:68.3682
Still in course.
Far from target. Set high gear.
Hinder { 61.0000;61.0000;0.0000;0.0000 } score: 0.1375
Hinder { 80.0000;75.0000;0.0000;0.0000 } score: 0.3777
Distance from Hinder to Mass-Target Line:2.2464
Distance Mass-Hinder:12.2179
Hinder not found. Keep high gear.
Predicted position not in hinder safe range.
Now Position: [54.51, 50.65]
Reset intertarget to original target.
count=73
Write current position to file:trace_mass_0.25.dat
Distance Mass-Target:67.1182
Still in course.
Far from target. Set high gear.
Hinder { 61.0000;61.0000;0.0000;0.0000 } score: 0.1270
Hinder { 80.0000;75.0000;0.0000;0.0000 } score: 0.3716
Distance from Hinder to Mass-Target Line:2.2465
Distance Mass-Hinder:10.9916
Hinder not found. Keep high gear.
Predicted position not in hinder safe range.
Now Position: [55.36, 51.57]
Reset intertarget to original target.
count=74
Write current position to file:trace_mass_0.25.dat
Distance Mass-Target:65.8682
Still in course.
Far from target. Set high gear.
Hinder { 61.0000;61.0000;0.0000;0.0000 } score: 0.1163
Hinder { 80.0000;75.0000;0.0000;0.0000 } score: 0.3652
Distance from Hinder to Mass-Target Line:2.2464
Distance Mass-Hinder:9.7714
Hinder not found. Keep high gear.
Predicted position not in hinder safe range.
Now Position: [56.21, 52.48]
Reset intertarget to original target.
count=75
Write current position to file:trace_mass_0.25.dat
Distance Mass-Target:64.6182
Still in course.
Far from target. Set high gear.
Hinder { 61.0000;61.0000;0.0000;0.0000 } score: 0.1052
Hinder { 80.0000;75.0000;0.0000;0.0000 } score: 0.3587
Distance from Hinder to Mass-Target Line:2.2465
Distance Mass-Hinder:8.5597
Hinder not found. Keep high gear.
Predicted position not in hinder safe range.
Now Position: [57.05, 53.40]
Reset intertarget to original target.
count=76
Write current position to file:trace_mass_0.25.dat
Distance Mass-Target:63.3682
Still in course.
Far from target. Set high gear.
Hinder { 61.0000;61.0000;0.0000;0.0000 } score: 0.0938
Hinder { 80.0000;75.0000;0.0000;0.0000 } score: 0.3518
Distance from Hinder to Mass-Target Line:2.2464
Distance Mass-Hinder:7.3608
Hinder not found. Keep high gear.
Predicted position not in hinder safe range.
Now Position: [57.90, 54.32]
Reset intertarget to original target.
count=77
Write current position to file:trace_mass_0.25.dat
Distance Mass-Target:62.1182
Still in course.
Far from target. Set high gear.
Hinder { 61.0000;61.0000;0.0000;0.0000 } score: 0.0822
Hinder { 80.0000;75.0000;0.0000;0.0000 } score: 0.3447
Distance from Hinder to Mass-Target Line:2.2465
Distance Mass-Hinder:6.1822
Hinder not found. Keep high gear.
Predicted position not in hinder safe range.
Now Position: [58.75, 55.24]
Reset intertarget to original target.
count=78
Write current position to file:trace_mass_0.25.dat
Distance Mass-Target:60.8682
Still in course.
Far from target. Set high gear.
Hinder { 61.0000;61.0000;0.0000;0.0000 } score: 0.0705
Hinder { 80.0000;75.0000;0.0000;0.0000 } score: 0.3373
Distance from Hinder to Mass-Target Line:2.2464
Distance Mass-Hinder:5.0382
Hinder not found. Keep high gear.
Predicted position not in hinder safe range.
Now Position: [59.60, 56.16]
Reset intertarget to original target.
count=79
Write current position to file:trace_mass_0.25.dat
Distance Mass-Target:59.6182
Still in course.
Far from target. Set high gear.
Hinder { 61.0000;61.0000;0.0000;0.0000 } score: 0.0590
Hinder { 80.0000;75.0000;0.0000;0.0000 } score: 0.3296
Distance from Hinder to Mass-Target Line:2.2465
Distance Mass-Hinder:3.9588
Hinder found. Set mid gear.
Current position in hinder safe range.
distMassHinder - safedist  = 0.0382
Change to second inter-target.
Add an intertarget [60.21, 56.06] to the current route.
Predicted movement will be beyond the range. Set low gear.
Now Position: [59.84, 56.12]
Reset intertarget to original target.
count=80
Write current position to file:trace_mass_0.25.dat
Distance Mass-Target:59.4804
Still in course.
Far from target. Set high gear.
Hinder { 61.0000;61.0000;0.0000;0.0000 } score: 0.0603
Hinder { 80.0000;75.0000;0.0000;0.0000 } score: 0.3280
Distance from Hinder to Mass-Target Line:2.4394
Distance Mass-Hinder:3.9684
Hinder found. Set mid gear.
Current position in hinder safe range.
distMassHinder - safedist  = 0.0136
Change to second inter-target.
Add an intertarget [60.21, 56.06] to the current route.
Predicted movement will be beyond the range. Set low gear.
Now Position: [60.09, 56.08]
Reset intertarget to original target.
count=81
Write current position to file:trace_mass_0.25.dat
Distance Mass-Target:59.3435
Still in course.
Far from target. Set high gear.
Hinder { 61.0000;61.0000;0.0000;0.0000 } score: 0.0617
Hinder { 80.0000;75.0000;0.0000;0.0000 } score: 0.3263
Distance from Hinder to Mass-Target Line:2.6334
Distance Mass-Hinder:3.9933
Hinder found. Set mid gear.
Current position in hinder safe range.
distMassHinder - safedist  = 0.0014
Change to second inter-target.
Add an intertarget [60.21, 56.06] to the current route.
Predicted movement will be beyond the range. Set low gear.
Now Position: [60.34, 56.04]
Reset intertarget to original target.
count=82
Write current position to file:trace_mass_0.25.dat
Distance Mass-Target:59.2072
Still in course.
Far from target. Set high gear.
Hinder { 61.0000;61.0000;0.0000;0.0000 } score: 0.0634
Hinder { 80.0000;75.0000;0.0000;0.0000 } score: 0.3247
Distance from Hinder to Mass-Target Line:2.8281
Distance Mass-Hinder:4.0332
Hinder found. Set mid gear.
Current position in hinder safe range.
distMassHinder - safedist  = 0.0018
Change to second inter-target.
Add an intertarget [60.47, 56.03] to the current route.
Predicted movement will be beyond the range. Set low gear.
Now Position: [60.58, 56.02]
Reset intertarget to original target.
count=83
Write current position to file:trace_mass_0.25.dat
Distance Mass-Target:59.0607
Still in course.
Far from target. Set high gear.
Hinder { 61.0000;61.0000;0.0000;0.0000 } score: 0.0650
Hinder { 80.0000;75.0000;0.0000;0.0000 } score: 0.3230
Distance from Hinder to Mass-Target Line:3.0168
Distance Mass-Hinder:4.0747
Hinder found. Set mid gear.
Current position in hinder safe range.
distMassHinder - safedist  = 0.0013
Change to second inter-target.
Add an intertarget [60.70, 56.01] to the current route.
Predicted movement will be beyond the range. Set low gear.
Now Position: [60.83, 56.00]
Reset intertarget to original target.
count=84
Write current position to file:trace_mass_0.25.dat
Distance Mass-Target:58.9057
Still in course.
Far from target. Set high gear.
Hinder { 61.0000;61.0000;0.0000;0.0000 } score: 0.0667
Hinder { 80.0000;75.0000;0.0000;0.0000 } score: 0.3213
Distance from Hinder to Mass-Target Line:3.1999
Distance Mass-Hinder:4.1194
Hinder found. Set mid gear.
Current position in hinder safe range.
distMassHinder - safedist  = 0.0018
Change to second inter-target.
Add an intertarget [60.97, 56.00] to the current route.
Predicted movement will be beyond the range. Set low gear.
Now Position: [61.08, 56.00]
Reset intertarget to original target.
count=85
Write current position to file:trace_mass_0.25.dat
Distance Mass-Target:58.7410
Still in course.
Far from target. Set high gear.
Hinder { 61.0000;61.0000;0.0000;0.0000 } score: 0.0683
Hinder { 80.0000;75.0000;0.0000;0.0000 } score: 0.3195
Distance from Hinder to Mass-Target Line:3.3760
Distance Mass-Hinder:4.1655
Hinder found. Set mid gear.
Current position in hinder safe range.
distMassHinder - safedist  = 0.0014
Change to second inter-target.
Add an intertarget [61.20, 56.00] to the current route.
Predicted movement will be beyond the range. Set low gear.
Now Position: [61.33, 56.01]
Reset intertarget to original target.
count=86
Write current position to file:trace_mass_0.25.dat
Distance Mass-Target:58.5683
Still in course.
Far from target. Set high gear.
Hinder { 61.0000;61.0000;0.0000;0.0000 } score: 0.0700
Hinder { 80.0000;75.0000;0.0000;0.0000 } score: 0.3177
Distance from Hinder to Mass-Target Line:3.5455
Distance Mass-Hinder:4.2143
Hinder found. Set mid gear.
Current position in hinder safe range.
distMassHinder - safedist  = 0.0018
Change to second inter-target.
Add an intertarget [61.47, 56.02] to the current route.
Predicted movement will be beyond the range. Set low gear.
Now Position: [61.58, 56.03]
Reset intertarget to original target.
count=87
Write current position to file:trace_mass_0.25.dat
Distance Mass-Target:58.3866
Still in course.
Far from target. Set high gear.
Hinder { 61.0000;61.0000;0.0000;0.0000 } score: 0.0717
Hinder { 80.0000;75.0000;0.0000;0.0000 } score: 0.3159
Distance from Hinder to Mass-Target Line:3.7072
Distance Mass-Hinder:4.2641
Hinder found. Set mid gear.
Current position in hinder safe range.
distMassHinder - safedist  = 0.0013
Change to second inter-target.
Add an intertarget [61.69, 56.05] to the current route.
Predicted movement will be beyond the range. Set low gear.
Now Position: [61.83, 56.07]
Reset intertarget to original target.
count=88
Write current position to file:trace_mass_0.25.dat
Distance Mass-Target:58.1977
Still in course.
Far from target. Set high gear.
Hinder { 61.0000;61.0000;0.0000;0.0000 } score: 0.0734
Hinder { 80.0000;75.0000;0.0000;0.0000 } score: 0.3140
Distance from Hinder to Mass-Target Line:3.8618
Distance Mass-Hinder:4.3167
Hinder found. Set mid gear.
Current position in hinder safe range.
distMassHinder - safedist  = 0.0018
Change to second inter-target.
Add an intertarget [61.96, 56.09] to the current route.
Predicted movement will be beyond the range. Set low gear.
Now Position: [62.08, 56.12]
Reset intertarget to original target.
count=89
Write current position to file:trace_mass_0.25.dat
Distance Mass-Target:58.0007
Still in course.
Far from target. Set high gear.
Hinder { 61.0000;61.0000;0.0000;0.0000 } score: 0.0751
Hinder { 80.0000;75.0000;0.0000;0.0000 } score: 0.3122
Distance from Hinder to Mass-Target Line:4.0075
Distance Mass-Hinder:4.3698
Hinder found. Set mid gear.
Current position in hinder safe range.
distMassHinder - safedist  = 0.0014
Change to second inter-target.
Add an intertarget [62.19, 56.14] to the current route.
Predicted movement will be beyond the range. Set low gear.
Now Position: [62.32, 56.18]
Reset intertarget to original target.
count=90
Write current position to file:trace_mass_0.25.dat
Distance Mass-Target:57.7972
Still in course.
Far from target. Set high gear.
Hinder { 61.0000;61.0000;0.0000;0.0000 } score: 0.0768
Hinder { 80.0000;75.0000;0.0000;0.0000 } score: 0.3103
Distance from Hinder to Mass-Target Line:4.1454
Distance Mass-Hinder:4.4253
Hinder found. Set mid gear.
Current position in hinder safe range.
distMassHinder - safedist  = 0.0018
Change to second inter-target.
Add an intertarget [62.45, 56.21] to the current route.
Predicted movement will be beyond the range. Set low gear.
Now Position: [62.56, 56.25]
Reset intertarget to original target.
count=91
Write current position to file:trace_mass_0.25.dat
Distance Mass-Target:57.5865
Still in course.
Far from target. Set high gear.
Hinder { 61.0000;61.0000;0.0000;0.0000 } score: 0.0784
Hinder { 80.0000;75.0000;0.0000;0.0000 } score: 0.3083
Distance from Hinder to Mass-Target Line:4.2737
Distance Mass-Hinder:4.4812
Hinder found. Set mid gear.
Current position in hinder safe range.
distMassHinder - safedist  = 0.0014
Change to second inter-target.
Add an intertarget [62.67, 56.29] to the current route.
Predicted movement will be beyond the range. Set low gear.
Now Position: [62.79, 56.33]
Reset intertarget to original target.
count=92
Write current position to file:trace_mass_0.25.dat
Distance Mass-Target:57.3701
Still in course.
Far from target. Set high gear.
Hinder { 61.0000;61.0000;0.0000;0.0000 } score: 0.0801
Hinder { 80.0000;75.0000;0.0000;0.0000 } score: 0.3064
Distance from Hinder to Mass-Target Line:4.3933
Distance Mass-Hinder:4.5391
Hinder found. Set mid gear.
Current position in hinder safe range.
distMassHinder - safedist  = 0.0018
Change to second inter-target.
Add an intertarget [62.92, 56.38] to the current route.
Predicted movement will be beyond the range. Set low gear.
Now Position: [63.02, 56.43]
Reset intertarget to original target.
count=93
Write current position to file:trace_mass_0.25.dat
Distance Mass-Target:57.1474
Still in course.
Far from target. Set high gear.
Hinder { 61.0000;61.0000;0.0000;0.0000 } score: 0.0817
Hinder { 80.0000;75.0000;0.0000;0.0000 } score: 0.3044
Distance from Hinder to Mass-Target Line:4.5024
Distance Mass-Hinder:4.5969
Hinder found. Set mid gear.
Current position in hinder safe range.
distMassHinder - safedist  = 0.0012
Change to second inter-target.
Add an intertarget [63.12, 56.47] to the current route.
Predicted movement will be beyond the range. Set low gear.
Now Position: [63.25, 56.53]
Reset intertarget to original target.
count=94
Write current position to file:trace_mass_0.25.dat
Distance Mass-Target:56.9201
Still in course.
Far from target. Set high gear.
Hinder { 61.0000;61.0000;0.0000;0.0000 } score: 0.0834
Hinder { 80.0000;75.0000;0.0000;0.0000 } score: 0.3025
Distance from Hinder to Mass-Target Line:4.6028
Distance Mass-Hinder:4.6570
Hinder found. Set mid gear.
Current position in hinder safe range.
distMassHinder - safedist  = 0.0021
Change to second inter-target.
Add an intertarget [63.38, 56.60] to the current route.
Predicted movement will be beyond the range. Set low gear.
Now Position: [63.47, 56.65]
Reset intertarget to original target.
count=95
Write current position to file:trace_mass_0.25.dat
Distance Mass-Target:56.6875
Still in course.
Far from target. Set high gear.
Hinder { 61.0000;61.0000;0.0000;0.0000 } score: 0.0849
Hinder { 80.0000;75.0000;0.0000;0.0000 } score: 0.3005
Distance from Hinder to Mass-Target Line:4.6913
Distance Mass-Hinder:4.7161
Hinder found. Set mid gear.
Current position in hinder safe range.
distMassHinder - safedist  = 0.0012
Change to second inter-target.
Add an intertarget [63.56, 56.71] to the current route.
Predicted movement will be beyond the range. Set low gear.
Now Position: [63.69, 56.78]
Reset intertarget to original target.
count=96
Write current position to file:trace_mass_0.25.dat
Distance Mass-Target:56.4512
Still in course.
Far from target. Set high gear.
Hinder { 61.0000;61.0000;0.0000;0.0000 } score: 0.0865
Hinder { 80.0000;75.0000;0.0000;0.0000 } score: 0.2985
Distance from Hinder to Mass-Target Line:4.7706
Distance Mass-Hinder:4.7773
Hinder found. Set mid gear.
Current position in hinder safe range.
distMassHinder - safedist  = 0.0020
Change to second inter-target.
Add an intertarget [63.80, 56.86] to the current route.
Predicted movement will be beyond the range. Set low gear.
Now Position: [63.89, 56.92]
Reset intertarget to original target.
count=97
Write current position to file:trace_mass_0.25.dat
Distance Mass-Target:56.2109
Still in course.
Far from target. Set high gear.
Hinder { 61.0000;61.0000;0.0000;0.0000 } score: 0.0880
Hinder { 80.0000;75.0000;0.0000;0.0000 } score: 0.2965
Distance from Hinder to Mass-Target Line:4.8376
Distance Mass-Hinder:4.8376
Hinder found. Set mid gear.
Current position in hinder safe range.
distMassHinder - safedist  = 0.0013
Change to second inter-target.
Add an intertarget [63.98, 56.99] to the current route.
Predicted movement will be beyond the range. Set low gear.
Now Position: [64.09, 57.07]
Reset intertarget to original target.
count=98
Write current position to file:trace_mass_0.25.dat
Distance Mass-Target:55.9677
Still in course.
Far from target. Set high gear.
Hinder { 80.0000;75.0000;0.0000;0.0000 } score: 0.2945
Distance from Hinder to Mass-Target Line:0.6979
Distance Mass-Hinder:22.7204
Hinder not found. Keep high gear.
Predicted position not in hinder safe range.
Now Position: [64.89, 58.03]
Reset intertarget to original target.
count=99
Write current position to file:trace_mass_0.25.dat
Distance Mass-Target:54.7177
Still in course.
Far from target. Set high gear.
Hinder { 80.0000;75.0000;0.0000;0.0000 } score: 0.2850
Distance from Hinder to Mass-Target Line:0.6979
Distance Mass-Hinder:21.4710
Hinder not found. Keep high gear.
Predicted position not in hinder safe range.
Now Position: [65.70, 58.99]
Reset intertarget to original target.
count=100
Write current position to file:trace_mass_0.25.dat
Distance Mass-Target:53.4677
Still in course.
Far from target. Set high gear.
Hinder { 80.0000;75.0000;0.0000;0.0000 } score: 0.2751
Distance from Hinder to Mass-Target Line:0.6978
Distance Mass-Hinder:20.2217
Hinder not found. Keep high gear.
Predicted position not in hinder safe range.
Now Position: [66.50, 59.95]
Reset intertarget to original target.
count=101
Write current position to file:trace_mass_0.25.dat
Distance Mass-Target:52.2177
Still in course.
Far from target. Set high gear.
Hinder { 80.0000;75.0000;0.0000;0.0000 } score: 0.2647
Distance from Hinder to Mass-Target Line:0.6978
Distance Mass-Hinder:18.9725
Hinder not found. Keep high gear.
Predicted position not in hinder safe range.
Now Position: [67.30, 60.90]
Reset intertarget to original target.
count=102
Write current position to file:trace_mass_0.25.dat
Distance Mass-Target:50.9677
Still in course.
Far from target. Set high gear.
Hinder { 80.0000;75.0000;0.0000;0.0000 } score: 0.2537
Distance from Hinder to Mass-Target Line:0.6978
Distance Mass-Hinder:17.7234
Hinder not found. Keep high gear.
Predicted position not in hinder safe range.
Now Position: [68.10, 61.86]
Reset intertarget to original target.
count=103
Write current position to file:trace_mass_0.25.dat
Distance Mass-Target:49.7177
Still in course.
Far from target. Set high gear.
Hinder { 80.0000;75.0000;0.0000;0.0000 } score: 0.2423
Distance from Hinder to Mass-Target Line:0.6977
Distance Mass-Hinder:16.4744
Hinder not found. Keep high gear.
Predicted position not in hinder safe range.
Now Position: [68.90, 62.82]
Reset intertarget to original target.
count=104
Write current position to file:trace_mass_0.25.dat
Distance Mass-Target:48.4677
Still in course.
Far from target. Set high gear.
Hinder { 80.0000;75.0000;0.0000;0.0000 } score: 0.2302
Distance from Hinder to Mass-Target Line:0.6977
Distance Mass-Hinder:15.2257
Hinder not found. Keep high gear.
Predicted position not in hinder safe range.
Now Position: [69.71, 63.78]
Reset intertarget to original target.
count=105
Write current position to file:trace_mass_0.25.dat
Distance Mass-Target:47.2177
Still in course.
Far from target. Set high gear.
Hinder { 80.0000;75.0000;0.0000;0.0000 } score: 0.2174
Distance from Hinder to Mass-Target Line:0.6977
Distance Mass-Hinder:13.9771
Hinder not found. Keep high gear.
Predicted position not in hinder safe range.
Now Position: [70.51, 64.74]
Reset intertarget to original target.
count=106
Write current position to file:trace_mass_0.25.dat
Distance Mass-Target:45.9677
Still in course.
Far from target. Set high gear.
Hinder { 80.0000;75.0000;0.0000;0.0000 } score: 0.2039
Distance from Hinder to Mass-Target Line:0.6976
Distance Mass-Hinder:12.7288
Hinder not found. Keep high gear.
Predicted position not in hinder safe range.
Now Position: [71.31, 65.70]
Reset intertarget to original target.
count=107
Write current position to file:trace_mass_0.25.dat
Distance Mass-Target:44.7177
Still in course.
Far from target. Set high gear.
Hinder { 80.0000;75.0000;0.0000;0.0000 } score: 0.1897
Distance from Hinder to Mass-Target Line:0.6976
Distance Mass-Hinder:11.4809
Hinder not found. Keep high gear.
Predicted position not in hinder safe range.
Now Position: [72.11, 66.66]
Reset intertarget to original target.
count=108
Write current position to file:trace_mass_0.25.dat
Distance Mass-Target:43.4677
Still in course.
Far from target. Set high gear.
Hinder { 80.0000;75.0000;0.0000;0.0000 } score: 0.1746
Distance from Hinder to Mass-Target Line:0.6975
Distance Mass-Hinder:10.2335
Hinder not found. Keep high gear.
Predicted position not in hinder safe range.
Now Position: [72.91, 67.62]
Reset intertarget to original target.
count=109
Write current position to file:trace_mass_0.25.dat
Distance Mass-Target:42.2177
Still in course.
Far from target. Set high gear.
Hinder { 80.0000;75.0000;0.0000;0.0000 } score: 0.1587
Distance from Hinder to Mass-Target Line:0.6975
Distance Mass-Hinder:8.9868
Hinder not found. Keep high gear.
Predicted position not in hinder safe range.
Now Position: [73.72, 68.57]
Reset intertarget to original target.
count=110
Write current position to file:trace_mass_0.25.dat
Distance Mass-Target:40.9678
Still in course.
Far from target. Set high gear.
Hinder { 80.0000;75.0000;0.0000;0.0000 } score: 0.1417
Distance from Hinder to Mass-Target Line:0.6975
Distance Mass-Hinder:7.7413
Hinder not found. Keep high gear.
Predicted position not in hinder safe range.
Now Position: [74.52, 69.53]
Reset intertarget to original target.
count=111
Write current position to file:trace_mass_0.25.dat
Distance Mass-Target:39.7179
Still in course.
Far from target. Set high gear.
Hinder { 80.0000;75.0000;0.0000;0.0000 } score: 0.1237
Distance from Hinder to Mass-Target Line:0.6975
Distance Mass-Hinder:6.4974
Hinder not found. Keep high gear.
Predicted position not in hinder safe range.
Now Position: [75.32, 70.49]
Reset intertarget to original target.
count=112
Write current position to file:trace_mass_0.25.dat
Distance Mass-Target:38.4679
Still in course.
Far from target. Set high gear.
Hinder { 80.0000;75.0000;0.0000;0.0000 } score: 0.1045
Distance from Hinder to Mass-Target Line:0.6975
Distance Mass-Hinder:5.2563
Hinder not found. Keep high gear.
Predicted position not in hinder safe range.
Now Position: [76.12, 71.45]
Reset intertarget to original target.
count=113
Write current position to file:trace_mass_0.25.dat
Distance Mass-Target:37.2179
Still in course.
Far from target. Set high gear.
Hinder { 80.0000;75.0000;0.0000;0.0000 } score: 0.0841
Distance from Hinder to Mass-Target Line:0.6975
Distance Mass-Hinder:4.0209
Hinder found. Set mid gear.
Current position in hinder safe range.
distMassHinder - safedist  = 0.2564
Change to second inter-target.
Add an intertarget [75.45, 72.93] to the current route.
Now Position: [75.81, 72.13]
Reset intertarget to original target.
count=114
Write current position to file:trace_mass_0.25.dat
Distance Mass-Target:36.9001
Still in course.
Far from target. Set high gear.
Hinder { 80.0000;75.0000;0.0000;0.0000 } score: 0.0870
Distance from Hinder to Mass-Target Line:1.2841
Distance Mass-Hinder:3.8790
Hinder found. Set mid gear.
Current position in hinder safe range.
distMassHinder - safedist  = 0.0754
Change to second inter-target.
Add an intertarget [75.45, 72.93] to the current route.
Now Position: [75.50, 72.82]
Reset intertarget to original target.
count=115
Write current position to file:trace_mass_0.25.dat
Distance Mass-Target:36.5949
Still in course.
Far from target. Set high gear.
Hinder { 80.0000;75.0000;0.0000;0.0000 } score: 0.0926
Distance from Hinder to Mass-Target Line:1.8803
Distance Mass-Hinder:3.8718
Hinder found. Set mid gear.
Current position in hinder safe range.
distMassHinder - safedist  = 0.0015
Change to second inter-target.
Add an intertarget [75.45, 72.93] to the current route.
Predicted movement will be beyond the range. Set low gear.
Now Position: [75.40, 73.04]
Reset intertarget to original target.
count=116
Write current position to file:trace_mass_0.25.dat
Distance Mass-Target:36.4960
Still in course.
Far from target. Set high gear.
Hinder { 80.0000;75.0000;0.0000;0.0000 } score: 0.0952
Distance from Hinder to Mass-Target Line:2.0810
Distance Mass-Hinder:3.8997
Hinder found. Set mid gear.
Current position in hinder safe range.
distMassHinder - safedist  = 0.0015
Change to second inter-target.
Add an intertarget [75.35, 73.16] to the current route.
Predicted movement will be beyond the range. Set low gear.
Now Position: [75.30, 73.28]
Reset intertarget to original target.
count=117
Write current position to file:trace_mass_0.25.dat
Distance Mass-Target:36.3871
Still in course.
Far from target. Set high gear.
Hinder { 80.0000;75.0000;0.0000;0.0000 } score: 0.0978
Distance from Hinder to Mass-Target Line:2.2782
Distance Mass-Hinder:3.9303
Hinder found. Set mid gear.
Current position in hinder safe range.
distMassHinder - safedist  = 0.0016
Change to second inter-target.
Add an intertarget [75.26, 73.40] to the current route.
Predicted movement will be beyond the range. Set low gear.
Now Position: [75.22, 73.51]
Reset intertarget to original target.
count=118
Write current position to file:trace_mass_0.25.dat
Distance Mass-Target:36.2682
Still in course.
Far from target. Set high gear.
Hinder { 80.0000;75.0000;0.0000;0.0000 } score: 0.1004
Distance from Hinder to Mass-Target Line:2.4715
Distance Mass-Hinder:3.9631
Hinder found. Set mid gear.
Current position in hinder safe range.
distMassHinder - safedist  = 0.0014
Change to second inter-target.
Add an intertarget [75.19, 73.63] to the current route.
Predicted movement will be beyond the range. Set low gear.
Now Position: [75.16, 73.75]
Reset intertarget to original target.
count=119
Write current position to file:trace_mass_0.25.dat
Distance Mass-Target:36.1401
Still in course.
Far from target. Set high gear.
Hinder { 80.0000;75.0000;0.0000;0.0000 } score: 0.1031
Distance from Hinder to Mass-Target Line:2.6607
Distance Mass-Hinder:3.9989
Hinder found. Set mid gear.
Current position in hinder safe range.
distMassHinder - safedist  = 0.0017
Change to second inter-target.
Add an intertarget [75.13, 73.88] to the current route.
Predicted movement will be beyond the range. Set low gear.
Now Position: [75.10, 74.00]
Reset intertarget to original target.
count=120
Write current position to file:trace_mass_0.25.dat
Distance Mass-Target:36.0022
Still in course.
Far from target. Set high gear.
Hinder { 80.0000;75.0000;0.0000;0.0000 } score: 0.1059
Distance from Hinder to Mass-Target Line:2.8452
Distance Mass-Hinder:4.0365
Hinder found. Set mid gear.
Current position in hinder safe range.
distMassHinder - safedist  = 0.0014
Change to second inter-target.
Add an intertarget [75.08, 74.11] to the current route.
Predicted movement will be beyond the range. Set low gear.
Now Position: [75.06, 74.24]
Reset intertarget to original target.
count=121
Write current position to file:trace_mass_0.25.dat
Distance Mass-Target:35.8556
Still in course.
Far from target. Set high gear.
Hinder { 80.0000;75.0000;0.0000;0.0000 } score: 0.1087
Distance from Hinder to Mass-Target Line:3.0249
Distance Mass-Hinder:4.0768
Hinder found. Set mid gear.
Current position in hinder safe range.
distMassHinder - safedist  = 0.0016
Change to second inter-target.
Add an intertarget [75.04, 74.37] to the current route.
Predicted movement will be beyond the range. Set low gear.
Now Position: [75.02, 74.49]
Reset intertarget to original target.
count=122
Write current position to file:trace_mass_0.25.dat
Distance Mass-Target:35.7000
Still in course.
Far from target. Set high gear.
Hinder { 80.0000;75.0000;0.0000;0.0000 } score: 0.1116
Distance from Hinder to Mass-Target Line:3.1992
Distance Mass-Hinder:4.1191
Hinder found. Set mid gear.
Current position in hinder safe range.
distMassHinder - safedist  = 0.0016
Change to second inter-target.
Add an intertarget [75.01, 74.62] to the current route.
Predicted movement will be beyond the range. Set low gear.
Now Position: [75.01, 74.74]
Reset intertarget to original target.
count=123
Write current position to file:trace_mass_0.25.dat
Distance Mass-Target:35.5358
Still in course.
Far from target. Set high gear.
Hinder { 80.0000;75.0000;0.0000;0.0000 } score: 0.1145
Distance from Hinder to Mass-Target Line:3.3678
Distance Mass-Hinder:4.1634
Hinder found. Set mid gear.
Current position in hinder safe range.
distMassHinder - safedist  = 0.0015
Change to second inter-target.
Add an intertarget [75.00, 74.86] to the current route.
Predicted movement will be beyond the range. Set low gear.
Now Position: [75.00, 74.99]
Reset intertarget to original target.
count=124
Write current position to file:trace_mass_0.25.dat
Distance Mass-Target:35.3634
Still in course.
Far from target. Set high gear.
Hinder { 80.0000;75.0000;0.0000;0.0000 } score: 0.1174
Distance from Hinder to Mass-Target Line:3.5303
Distance Mass-Hinder:4.2096
Hinder found. Set mid gear.
Current position in hinder safe range.
distMassHinder - safedist  = 0.0016
Change to second inter-target.
Add an intertarget [75.00, 75.12] to the current route.
Predicted movement will be beyond the range. Set low gear.
Now Position: [75.00, 75.24]
Reset intertarget to original target.
count=125
Write current position to file:trace_mass_0.25.dat
Distance Mass-Target:35.1829
Still in course.
Far from target. Set high gear.
Hinder { 80.0000;75.0000;0.0000;0.0000 } score: 0.1204
Distance from Hinder to Mass-Target Line:3.6863
Distance Mass-Hinder:4.2575
Hinder found. Set mid gear.
Current position in hinder safe range.
distMassHinder - safedist  = 0.0015
Change to second inter-target.
Add an intertarget [75.01, 75.36] to the current route.
Predicted movement will be beyond the range. Set low gear.
Now Position: [75.02, 75.49]
Reset intertarget to original target.
count=126
Write current position to file:trace_mass_0.25.dat
Distance Mass-Target:34.9950
Still in course.
Far from target. Set high gear.
Hinder { 80.0000;75.0000;0.0000;0.0000 } score: 0.1235
Distance from Hinder to Mass-Target Line:3.8358
Distance Mass-Hinder:4.3075
Hinder found. Set mid gear.
Current position in hinder safe range.
distMassHinder - safedist  = 0.0017
Change to second inter-target.
Add an intertarget [75.04, 75.62] to the current route.
Predicted movement will be beyond the range. Set low gear.
Now Position: [75.05, 75.74]
Reset intertarget to original target.
count=127
Write current position to file:trace_mass_0.25.dat
Distance Mass-Target:34.7995
Still in course.
Far from target. Set high gear.
Hinder { 80.0000;75.0000;0.0000;0.0000 } score: 0.1265
Distance from Hinder to Mass-Target Line:3.9776
Distance Mass-Hinder:4.3585
Hinder found. Set mid gear.
Current position in hinder safe range.
distMassHinder - safedist  = 0.0014
Change to second inter-target.
Add an intertarget [75.07, 75.85] to the current route.
Predicted movement will be beyond the range. Set low gear.
Now Position: [75.10, 75.98]
Reset intertarget to original target.
count=128
Write current position to file:trace_mass_0.25.dat
Distance Mass-Target:34.5975
Still in course.
Far from target. Set high gear.
Hinder { 80.0000;75.0000;0.0000;0.0000 } score: 0.1296
Distance from Hinder to Mass-Target Line:4.1124
Distance Mass-Hinder:4.4117
Hinder found. Set mid gear.
Current position in hinder safe range.
distMassHinder - safedist  = 0.0018
Change to second inter-target.
Add an intertarget [75.13, 76.12] to the current route.
Predicted movement will be beyond the range. Set low gear.
Now Position: [75.15, 76.23]
Reset intertarget to original target.
count=129
Write current position to file:trace_mass_0.25.dat
Distance Mass-Target:34.3885
Still in course.
Far from target. Set high gear.
Hinder { 80.0000;75.0000;0.0000;0.0000 } score: 0.1327
Distance from Hinder to Mass-Target Line:4.2387
Distance Mass-Hinder:4.4654
Hinder found. Set mid gear.
Current position in hinder safe range.
distMassHinder - safedist  = 0.0014
Change to second inter-target.
Add an intertarget [75.18, 76.34] to the current route.
Predicted movement will be beyond the range. Set low gear.
Now Position: [75.22, 76.47]
Reset intertarget to original target.
count=130
Write current position to file:trace_mass_0.25.dat
Distance Mass-Target:34.1739
Still in course.
Far from target. Set high gear.
Hinder { 80.0000;75.0000;0.0000;0.0000 } score: 0.1358
Distance from Hinder to Mass-Target Line:4.3572
Distance Mass-Hinder:4.5211
Hinder found. Set mid gear.
Current position in hinder safe range.
distMassHinder - safedist  = 0.0018
Change to second inter-target.
Add an intertarget [75.26, 76.60] to the current route.
Predicted movement will be beyond the range. Set low gear.
Now Position: [75.30, 76.71]
Reset intertarget to original target.
count=131
Write current position to file:trace_mass_0.25.dat
Distance Mass-Target:33.9531
Still in course.
Far from target. Set high gear.
Hinder { 80.0000;75.0000;0.0000;0.0000 } score: 0.1389
Distance from Hinder to Mass-Target Line:4.4663
Distance Mass-Hinder:4.5770
Hinder found. Set mid gear.
Current position in hinder safe range.
distMassHinder - safedist  = 0.0013
Change to second inter-target.
Add an intertarget [75.34, 76.81] to the current route.
Predicted movement will be beyond the range. Set low gear.
Now Position: [75.39, 76.94]
Reset intertarget to original target.
count=132
Write current position to file:trace_mass_0.25.dat
Distance Mass-Target:33.7274
Still in course.
Far from target. Set high gear.
Hinder { 80.0000;75.0000;0.0000;0.0000 } score: 0.1421
Distance from Hinder to Mass-Target Line:4.5672
Distance Mass-Hinder:4.6348
Hinder found. Set mid gear.
Current position in hinder safe range.
distMassHinder - safedist  = 0.0017
Change to second inter-target.
Add an intertarget [75.44, 77.06] to the current route.
Predicted movement will be beyond the range. Set low gear.
Now Position: [75.49, 77.17]
Reset intertarget to original target.
count=133
Write current position to file:trace_mass_0.25.dat
Distance Mass-Target:33.4967
Still in course.
Far from target. Set high gear.
Hinder { 80.0000;75.0000;0.0000;0.0000 } score: 0.1452
Distance from Hinder to Mass-Target Line:4.6578
Distance Mass-Hinder:4.6928
Hinder found. Set mid gear.
Current position in hinder safe range.
distMassHinder - safedist  = 0.0014
Change to second inter-target.
Add an intertarget [75.55, 77.27] to the current route.
Predicted movement will be beyond the range. Set low gear.
Now Position: [75.61, 77.39]
Reset intertarget to original target.
count=134
Write current position to file:trace_mass_0.25.dat
Distance Mass-Target:33.2618
Still in course.
Far from target. Set high gear.
Hinder { 80.0000;75.0000;0.0000;0.0000 } score: 0.1483
Distance from Hinder to Mass-Target Line:4.7392
Distance Mass-Hinder:4.7520
Hinder found. Set mid gear.
Current position in hinder safe range.
distMassHinder - safedist  = 0.0016
Change to second inter-target.
Add an intertarget [75.67, 77.50] to the current route.
Predicted movement will be beyond the range. Set low gear.
Now Position: [75.73, 77.61]
Reset intertarget to original target.
count=135
Write current position to file:trace_mass_0.25.dat
Distance Mass-Target:33.0231
Still in course.
Far from target. Set high gear.
Hinder { 80.0000;75.0000;0.0000;0.0000 } score: 0.1514
Distance from Hinder to Mass-Target Line:4.8100
Distance Mass-Hinder:4.8115
Hinder found. Set mid gear.
Current position in hinder safe range.
distMassHinder - safedist  = 0.0015
Change to second inter-target.
Add an intertarget [75.80, 77.71] to the current route.
Predicted movement will be beyond the range. Set low gear.
Now Position: [75.87, 77.82]
Reset intertarget to original target.
count=136
Write current position to file:trace_mass_0.25.dat
Distance Mass-Target:32.7811
Still in course.
Far from target. Set high gear.
Distance from Hinder to Mass-Target Line:5.9464
Distance Mass-Hinder:109.9261
Hinder not found. Keep high gear.
Angle > Orthogonal angle, hinder without threat.
Now Position: [76.79, 78.66]
Reset intertarget to original target.
count=137
Write current position to file:trace_mass_0.25.dat
Distance Mass-Target:31.5311
Still in course.
Far from target. Set high gear.
Distance from Hinder to Mass-Target Line:5.9462
Distance Mass-Hinder:111.1743
Hinder not found. Keep high gear.
Angle > Orthogonal angle, hinder without threat.
Now Position: [77.71, 79.51]
Reset intertarget to original target.
count=138
Write current position to file:trace_mass_0.25.dat
Distance Mass-Target:30.2811
Still in course.
Far from target. Set high gear.
Distance from Hinder to Mass-Target Line:5.9459
Distance Mass-Hinder:112.4225
Hinder not found. Keep high gear.
Angle > Orthogonal angle, hinder without threat.
Now Position: [78.63, 80.35]
Reset intertarget to original target.
count=139
Write current position to file:trace_mass_0.25.dat
Distance Mass-Target:29.0311
Still in course.
Far from target. Set high gear.
Distance from Hinder to Mass-Target Line:5.9457
Distance Mass-Hinder:113.6708
Hinder not found. Keep high gear.
Angle > Orthogonal angle, hinder without threat.
Now Position: [79.55, 81.20]
Reset intertarget to original target.
count=140
Write current position to file:trace_mass_0.25.dat
Distance Mass-Target:27.7811
Still in course.
Far from target. Set high gear.
Distance from Hinder to Mass-Target Line:5.9454
Distance Mass-Hinder:114.9191
Hinder not found. Keep high gear.
Angle > Orthogonal angle, hinder without threat.
Now Position: [80.47, 82.04]
Reset intertarget to original target.
count=141
Write current position to file:trace_mass_0.25.dat
Distance Mass-Target:26.5311
Still in course.
Far from target. Set high gear.
Distance from Hinder to Mass-Target Line:5.9451
Distance Mass-Hinder:116.1674
Hinder not found. Keep high gear.
Angle > Orthogonal angle, hinder without threat.
Now Position: [81.39, 82.89]
Reset intertarget to original target.
count=142
Write current position to file:trace_mass_0.25.dat
Distance Mass-Target:25.2811
Still in course.
Far from target. Set high gear.
Distance from Hinder to Mass-Target Line:5.9448
Distance Mass-Hinder:117.4158
Hinder not found. Keep high gear.
Angle > Orthogonal angle, hinder without threat.
Now Position: [82.31, 83.74]
Reset intertarget to original target.
count=143
Write current position to file:trace_mass_0.25.dat
Distance Mass-Target:24.0311
Still in course.
Far from target. Set high gear.
Distance from Hinder to Mass-Target Line:5.9444
Distance Mass-Hinder:118.6642
Hinder not found. Keep high gear.
Angle > Orthogonal angle, hinder without threat.
Now Position: [83.23, 84.58]
Reset intertarget to original target.
count=144
Write current position to file:trace_mass_0.25.dat
Distance Mass-Target:22.7811
Still in course.
Far from target. Set high gear.
Distance from Hinder to Mass-Target Line:5.9440
Distance Mass-Hinder:119.9127
Hinder not found. Keep high gear.
Angle > Orthogonal angle, hinder without threat.
Now Position: [84.15, 85.43]
Reset intertarget to original target.
count=145
Write current position to file:trace_mass_0.25.dat
Distance Mass-Target:21.5311
Still in course.
Far from target. Set high gear.
Distance from Hinder to Mass-Target Line:5.9440
Distance Mass-Hinder:121.1612
Hinder not found. Keep high gear.
Angle > Orthogonal angle, hinder without threat.
Now Position: [85.07, 86.27]
Reset intertarget to original target.
count=146
Write current position to file:trace_mass_0.25.dat
Distance Mass-Target:20.2810
Still in course.
Far from target. Set high gear.
Distance from Hinder to Mass-Target Line:5.9440
Distance Mass-Hinder:122.4098
Hinder not found. Keep high gear.
Angle > Orthogonal angle, hinder without threat.
Now Position: [85.99, 87.12]
Reset intertarget to original target.
count=147
Write current position to file:trace_mass_0.25.dat
Distance Mass-Target:19.0309
Still in course.
Far from target. Set high gear.
Distance from Hinder to Mass-Target Line:5.9440
Distance Mass-Hinder:123.6584
Hinder not found. Keep high gear.
Angle > Orthogonal angle, hinder without threat.
Now Position: [86.91, 87.97]
Reset intertarget to original target.
count=148
Write current position to file:trace_mass_0.25.dat
Distance Mass-Target:17.7809
Still in course.
Far from target. Set high gear.
Distance from Hinder to Mass-Target Line:5.9440
Distance Mass-Hinder:124.9070
Hinder not found. Keep high gear.
Angle > Orthogonal angle, hinder without threat.
Now Position: [87.83, 88.81]
Reset intertarget to original target.
count=149
Write current position to file:trace_mass_0.25.dat
Distance Mass-Target:16.5308
Still in course.
Far from target. Set high gear.
Distance from Hinder to Mass-Target Line:5.9441
Distance Mass-Hinder:126.1557
Hinder not found. Keep high gear.
Angle > Orthogonal angle, hinder without threat.
Now Position: [88.75, 89.66]
Reset intertarget to original target.
count=150
Write current position to file:trace_mass_0.25.dat
Distance Mass-Target:15.2807
Still in course.
Far from target. Set high gear.
Distance from Hinder to Mass-Target Line:5.9441
Distance Mass-Hinder:127.4044
Hinder not found. Keep high gear.
Angle > Orthogonal angle, hinder without threat.
Now Position: [89.67, 90.50]
Reset intertarget to original target.
count=151
Write current position to file:trace_mass_0.25.dat
Distance Mass-Target:14.0306
Still in course.
Far from target. Set high gear.
Distance from Hinder to Mass-Target Line:5.9441
Distance Mass-Hinder:128.6531
Hinder not found. Keep high gear.
Angle > Orthogonal angle, hinder without threat.
Now Position: [90.59, 91.35]
Reset intertarget to original target.
count=152
Write current position to file:trace_mass_0.25.dat
Distance Mass-Target:12.7806
Still in course.
Far from target. Set high gear.
Distance from Hinder to Mass-Target Line:5.9442
Distance Mass-Hinder:129.9019
Hinder not found. Keep high gear.
Angle > Orthogonal angle, hinder without threat.
Now Position: [91.51, 92.20]
Reset intertarget to original target.
count=153
Write current position to file:trace_mass_0.25.dat
Distance Mass-Target:11.5305
Still in course.
Far from target. Set high gear.
Distance from Hinder to Mass-Target Line:5.9442
Distance Mass-Hinder:131.1506
Hinder not found. Keep high gear.
Angle > Orthogonal angle, hinder without threat.
Now Position: [92.43, 93.04]
Reset intertarget to original target.
count=154
Write current position to file:trace_mass_0.25.dat
Distance Mass-Target:10.2804
Still in course.
Far from target. Set high gear.
Distance from Hinder to Mass-Target Line:5.9443
Distance Mass-Hinder:132.3994
Hinder not found. Keep high gear.
Angle > Orthogonal angle, hinder without threat.
Now Position: [93.35, 93.89]
Reset intertarget to original target.
count=155
Write current position to file:trace_mass_0.25.dat
Distance Mass-Target:9.0304
Still in course.
Far from target. Set high gear.
Distance from Hinder to Mass-Target Line:5.9444
Distance Mass-Hinder:133.6483
Hinder not found. Keep high gear.
Angle > Orthogonal angle, hinder without threat.
Now Position: [94.27, 94.73]
Reset intertarget to original target.
count=156
Write current position to file:trace_mass_0.25.dat
Distance Mass-Target:7.7804
Still in course.
Far from target. Set high gear.
Distance from Hinder to Mass-Target Line:5.9432
Distance Mass-Hinder:134.8970
Hinder not found. Keep high gear.
Angle > Orthogonal angle, hinder without threat.
Now Position: [95.19, 95.58]
Reset intertarget to original target.
count=157
Write current position to file:trace_mass_0.25.dat
Distance Mass-Target:6.5304
Still in course.
Far from target. Set high gear.
Distance from Hinder to Mass-Target Line:5.9445
Distance Mass-Hinder:136.1458
Hinder not found. Keep high gear.
Angle > Orthogonal angle, hinder without threat.
Now Position: [96.11, 96.43]
Reset intertarget to original target.
count=158
Write current position to file:trace_mass_0.25.dat
Distance Mass-Target:5.2804
Still in course.
Far from target. Set high gear.
Distance from Hinder to Mass-Target Line:5.9427
Distance Mass-Hinder:137.3946
Hinder not found. Keep high gear.
Angle > Orthogonal angle, hinder without threat.
Now Position: [97.03, 97.27]
Reset intertarget to original target.
count=159
Write current position to file:trace_mass_0.25.dat
Distance Mass-Target:4.0304
Still in course.
Close to target. Set low gear.
Distance from Hinder to Mass-Target Line:5.9448
Distance Mass-Hinder:137.6444
Hinder not found. Keep low gear.
Angle > Orthogonal angle, hinder without threat.
Now Position: [97.22, 97.44]
Reset intertarget to original target.
count=160
Write current position to file:trace_mass_0.25.dat
Distance Mass-Target:3.7804
Still in course.
Close to target. Set low gear.
Distance from Hinder to Mass-Target Line:5.9439
Distance Mass-Hinder:137.8942
Hinder not found. Keep low gear.
Angle > Orthogonal angle, hinder without threat.
Now Position: [97.40, 97.61]
Reset intertarget to original target.
count=161
Write current position to file:trace_mass_0.25.dat
Distance Mass-Target:3.5303
Still in course.
Close to target. Set low gear.
Distance from Hinder to Mass-Target Line:5.9428
Distance Mass-Hinder:138.1440
Hinder not found. Keep low gear.
Angle > Orthogonal angle, hinder without threat.
Now Position: [97.59, 97.78]
Reset intertarget to original target.
count=162
Write current position to file:trace_mass_0.25.dat
Distance Mass-Target:3.2803
Still in course.
Close to target. Set low gear.
Distance from Hinder to Mass-Target Line:5.9445
Distance Mass-Hinder:138.3938
Hinder not found. Keep low gear.
Angle > Orthogonal angle, hinder without threat.
Now Position: [97.77, 97.95]
Reset intertarget to original target.
count=163
Write current position to file:trace_mass_0.25.dat
Distance Mass-Target:3.0303
Still in course.
Close to target. Set low gear.
Distance from Hinder to Mass-Target Line:5.9433
Distance Mass-Hinder:138.6436
Hinder not found. Keep low gear.
Angle > Orthogonal angle, hinder without threat.
Now Position: [97.95, 98.12]
Reset intertarget to original target.
count=164
Write current position to file:trace_mass_0.25.dat
Distance Mass-Target:2.7803
Still in course.
Close to target. Set low gear.
Distance from Hinder to Mass-Target Line:5.9453
Distance Mass-Hinder:138.8933
Hinder not found. Keep low gear.
Angle > Orthogonal angle, hinder without threat.
Now Position: [98.14, 98.29]
Reset intertarget to original target.
count=165
Write current position to file:trace_mass_0.25.dat
Distance Mass-Target:2.5303
Still in course.
Close to target. Set low gear.
Distance from Hinder to Mass-Target Line:5.9440
Distance Mass-Hinder:139.1431
Hinder not found. Keep low gear.
Angle > Orthogonal angle, hinder without threat.
Now Position: [98.32, 98.46]
Reset intertarget to original target.
count=166
Write current position to file:trace_mass_0.25.dat
Distance Mass-Target:2.2802
Still in course.
Close to target. Set low gear.
Distance from Hinder to Mass-Target Line:5.9424
Distance Mass-Hinder:139.3929
Hinder not found. Keep low gear.
Angle > Orthogonal angle, hinder without threat.
Now Position: [98.51, 98.63]
Reset intertarget to original target.
count=167
Write current position to file:trace_mass_0.25.dat
Distance Mass-Target:2.0303
Still in course.
Close to target. Set low gear.
Distance from Hinder to Mass-Target Line:5.9450
Distance Mass-Hinder:139.6427
Hinder not found. Keep low gear.
Angle > Orthogonal angle, hinder without threat.
Now Position: [98.69, 98.80]
Reset intertarget to original target.
count=168
Write current position to file:trace_mass_0.25.dat
Distance Mass-Target:1.7802
Still in course.
Close to target. Set low gear.
Distance from Hinder to Mass-Target Line:5.9431
Distance Mass-Hinder:139.8925
Hinder not found. Keep low gear.
Angle > Orthogonal angle, hinder without threat.
Now Position: [98.87, 98.96]
Reset intertarget to original target.
count=169
Write current position to file:trace_mass_0.25.dat
Distance Mass-Target:1.5303
Still in course.
Close to target. Set low gear.
Distance from Hinder to Mass-Target Line:5.9467
Distance Mass-Hinder:140.1422
Hinder not found. Keep low gear.
Angle > Orthogonal angle, hinder without threat.
Now Position: [99.06, 99.13]
Reset intertarget to original target.
count=170
Write current position to file:trace_mass_0.25.dat
Distance Mass-Target:1.2802
Still in course.
Close to target. Set low gear.
Distance from Hinder to Mass-Target Line:5.9443
Distance Mass-Hinder:140.3921
Hinder not found. Keep low gear.
Angle > Orthogonal angle, hinder without threat.
Now Position: [99.24, 99.30]
Reset intertarget to original target.
count=171
Write current position to file:trace_mass_0.25.dat
Distance Mass-Target:1.0302
Still in course.
Close to target. Set low gear.
Distance from Hinder to Mass-Target Line:5.9407
Distance Mass-Hinder:140.6419
Hinder not found. Keep low gear.
Angle > Orthogonal angle, hinder without threat.
Now Position: [99.43, 99.47]
Reset intertarget to original target.
count=172
Write current position to file:trace_mass_0.25.dat
Distance Mass-Target:0.7802
Still in course.
Close to target. Set low gear.
Distance from Hinder to Mass-Target Line:5.9472
Distance Mass-Hinder:140.8916
Hinder not found. Keep low gear.
Angle > Orthogonal angle, hinder without threat.
Now Position: [99.61, 99.64]
Reset intertarget to original target.
count=173
Write current position to file:trace_mass_0.25.dat
Distance Mass-Target:0.5302
Still in course.
Close to target. Set low gear.
Distance from Hinder to Mass-Target Line:5.9416
Distance Mass-Hinder:141.1414
Hinder not found. Keep low gear.
Angle > Orthogonal angle, hinder without threat.
Now Position: [99.79, 99.81]
Reset intertarget to original target.
count=174
Write current position to file:trace_mass_0.25.dat
Distance Mass-Target:0.2802
Target reached successfully.
count=175
