Project started ...
Register SyncActionNode CreateMass.
Register SyncActionNode CreateInterTarget.
Register ConditionNode IsOnTarget.
Register ConditionNode IsCloseToTarget.
Register ConditionNode IsThereHinder.
Register SyncActionNode ChangeInterTarget.
Register SyncActionNode ResetInterTarget.
Register SyncActionNode MoveTo.
All Nodes Registered.
Read from stored xml data ...
Tree well created.
Node CreateMass Initialized.
Node CreateInterTarget Initialized.
Node IsOnTarget Initialized.
Node IsCloseToTarget Initialized.
Node IsThereHinder Initialized.
Node ChangeInterTarget Initialized.
Node MoveTo Initialized.
Node ResetInterTarget Initialized.
All Nodes Initialized.
----------------
Sequence
   CreateMass
   CreateInterTarget
   main_control
      IsOnTarget
      ForceFailure
         move_and_set_target
            ForceSuccess
               IsCloseToTarget
            MoveBase
               move_to_intertarget
                  avoid_hinder
                     Inverter
                        IsThereHinder
                     ChangeInterTarget
                  MoveTo
            ResetInterTarget
----------------
BehaviorTree is successfully printed.
FileLogger and MinitraceLogger Launched.
Create a mass for moving.
Write current position to file:trace_mass_0.75.dat
Create a target for moving.
Distance Mass-Target:141.4214
Still in course.
Far from target. Set high gear.
Hinder { 39.0000;41.0000;0.0000;0.0000 } score: 0.2717
Hinder { 61.0000;61.0000;0.0000;0.0000 } score: 0.4196
Hinder { 80.0000;75.0000;0.0000;0.0000 } score: 0.5462
Distance from Hinder to Mass-Target Line:1.4142
Distance Mass-Hinder:52.8375
Hinder not found. Keep high gear.
Predicted position not in hinder safe range.
Now Position: [2.65, 2.65]
Reset intertarget to original target.
count=1
Write current position to file:trace_mass_0.75.dat
Distance Mass-Target:137.6714
Still in course.
Far from target. Set high gear.
Hinder { 39.0000;41.0000;0.0000;0.0000 } score: 0.2598
Hinder { 61.0000;61.0000;0.0000;0.0000 } score: 0.4117
Hinder { 80.0000;75.0000;0.0000;0.0000 } score: 0.5419
Distance from Hinder to Mass-Target Line:1.4142
Distance Mass-Hinder:49.0889
Hinder not found. Keep high gear.
Predicted position not in hinder safe range.
Now Position: [5.30, 5.30]
Reset intertarget to original target.
count=2
Write current position to file:trace_mass_0.75.dat
Distance Mass-Target:133.9214
Still in course.
Far from target. Set high gear.
Hinder { 39.0000;41.0000;0.0000;0.0000 } score: 0.2471
Hinder { 61.0000;61.0000;0.0000;0.0000 } score: 0.4034
Hinder { 80.0000;75.0000;0.0000;0.0000 } score: 0.5374
Distance from Hinder to Mass-Target Line:1.4142
Distance Mass-Hinder:45.3406
Hinder not found. Keep high gear.
Predicted position not in hinder safe range.
Now Position: [7.95, 7.95]
Reset intertarget to original target.
count=3
Write current position to file:trace_mass_0.75.dat
Distance Mass-Target:130.1714
Still in course.
Far from target. Set high gear.
Hinder { 39.0000;41.0000;0.0000;0.0000 } score: 0.2337
Hinder { 61.0000;61.0000;0.0000;0.0000 } score: 0.3946
Hinder { 80.0000;75.0000;0.0000;0.0000 } score: 0.5326
Distance from Hinder to Mass-Target Line:1.4142
Distance Mass-Hinder:41.5926
Hinder not found. Keep high gear.
Predicted position not in hinder safe range.
Now Position: [10.61, 10.61]
Reset intertarget to original target.
count=4
Write current position to file:trace_mass_0.75.dat
Distance Mass-Target:126.4214
Still in course.
Far from target. Set high gear.
Hinder { 39.0000;41.0000;0.0000;0.0000 } score: 0.2194
Hinder { 61.0000;61.0000;0.0000;0.0000 } score: 0.3853
Hinder { 80.0000;75.0000;0.0000;0.0000 } score: 0.5275
Distance from Hinder to Mass-Target Line:1.4142
Distance Mass-Hinder:37.8450
Hinder not found. Keep high gear.
Predicted position not in hinder safe range.
Now Position: [13.26, 13.26]
Reset intertarget to original target.
count=5
Write current position to file:trace_mass_0.75.dat
Distance Mass-Target:122.6713
Still in course.
Far from target. Set high gear.
Hinder { 39.0000;41.0000;0.0000;0.0000 } score: 0.2043
Hinder { 61.0000;61.0000;0.0000;0.0000 } score: 0.3753
Hinder { 80.0000;75.0000;0.0000;0.0000 } score: 0.5220
Distance from Hinder to Mass-Target Line:1.4142
Distance Mass-Hinder:34.0978
Hinder not found. Keep high gear.
Predicted position not in hinder safe range.
Now Position: [15.91, 15.91]
Reset intertarget to original target.
count=6
Write current position to file:trace_mass_0.75.dat
Distance Mass-Target:118.9212
Still in course.
Far from target. Set high gear.
Hinder { 39.0000;41.0000;0.0000;0.0000 } score: 0.1882
Hinder { 61.0000;61.0000;0.0000;0.0000 } score: 0.3648
Hinder { 80.0000;75.0000;0.0000;0.0000 } score: 0.5163
Distance from Hinder to Mass-Target Line:1.4142
Distance Mass-Hinder:30.3514
Hinder not found. Keep high gear.
Predicted position not in hinder safe range.
Now Position: [18.56, 18.56]
Reset intertarget to original target.
count=7
Write current position to file:trace_mass_0.75.dat
Distance Mass-Target:115.1711
Still in course.
Far from target. Set high gear.
Hinder { 39.0000;41.0000;0.0000;0.0000 } score: 0.1710
Hinder { 61.0000;61.0000;0.0000;0.0000 } score: 0.3535
Hinder { 80.0000;75.0000;0.0000;0.0000 } score: 0.5101
Distance from Hinder to Mass-Target Line:1.4142
Distance Mass-Hinder:26.6059
Hinder not found. Keep high gear.
Predicted position not in hinder safe range.
Now Position: [21.21, 21.21]
Reset intertarget to original target.
count=8
Write current position to file:trace_mass_0.75.dat
Distance Mass-Target:111.4211
Still in course.
Far from target. Set high gear.
Hinder { 39.0000;41.0000;0.0000;0.0000 } score: 0.1526
Hinder { 61.0000;61.0000;0.0000;0.0000 } score: 0.3414
Hinder { 80.0000;75.0000;0.0000;0.0000 } score: 0.5035
Distance from Hinder to Mass-Target Line:1.4142
Distance Mass-Hinder:22.8620
Hinder not found. Keep high gear.
Predicted position not in hinder safe range.
Now Position: [23.87, 23.87]
Reset intertarget to original target.
count=9
Write current position to file:trace_mass_0.75.dat
Distance Mass-Target:107.6710
Still in course.
Far from target. Set high gear.
Hinder { 39.0000;41.0000;0.0000;0.0000 } score: 0.1329
Hinder { 61.0000;61.0000;0.0000;0.0000 } score: 0.3285
Hinder { 80.0000;75.0000;0.0000;0.0000 } score: 0.4965
Distance from Hinder to Mass-Target Line:1.4142
Distance Mass-Hinder:19.1206
Hinder not found. Keep high gear.
Predicted position not in hinder safe range.
Now Position: [26.52, 26.52]
Reset intertarget to original target.
count=10
Write current position to file:trace_mass_0.75.dat
Distance Mass-Target:103.9209
Still in course.
Far from target. Set high gear.
Hinder { 39.0000;41.0000;0.0000;0.0000 } score: 0.1117
Hinder { 61.0000;61.0000;0.0000;0.0000 } score: 0.3146
Hinder { 80.0000;75.0000;0.0000;0.0000 } score: 0.4889
Distance from Hinder to Mass-Target Line:1.4142
Distance Mass-Hinder:15.3833
Hinder not found. Keep high gear.
Predicted position not in hinder safe range.
Now Position: [29.17, 29.17]
Reset intertarget to original target.
count=11
Write current position to file:trace_mass_0.75.dat
Distance Mass-Target:100.1709
Still in course.
Far from target. Set high gear.
Hinder { 39.0000;41.0000;0.0000;0.0000 } score: 0.0890
Hinder { 61.0000;61.0000;0.0000;0.0000 } score: 0.2996
Hinder { 80.0000;75.0000;0.0000;0.0000 } score: 0.4807
Distance from Hinder to Mass-Target Line:1.4142
Distance Mass-Hinder:11.6542
Hinder not found. Keep high gear.
Predicted position not in hinder safe range.
Now Position: [31.82, 31.82]
Reset intertarget to original target.
count=12
Write current position to file:trace_mass_0.75.dat
Distance Mass-Target:96.4208
Still in course.
Far from target. Set high gear.
Hinder { 39.0000;41.0000;0.0000;0.0000 } score: 0.0646
Hinder { 61.0000;61.0000;0.0000;0.0000 } score: 0.2834
Hinder { 80.0000;75.0000;0.0000;0.0000 } score: 0.4719
Distance from Hinder to Mass-Target Line:1.4142
Distance Mass-Hinder:7.9449
Hinder not found. Keep high gear.
Predicted position not in hinder safe range.
Now Position: [34.47, 34.47]
Reset intertarget to original target.
count=13
Write current position to file:trace_mass_0.75.dat
Distance Mass-Target:92.6707
Still in course.
Far from target. Set high gear.
Hinder { 39.0000;41.0000;0.0000;0.0000 } score: 0.0387
Hinder { 61.0000;61.0000;0.0000;0.0000 } score: 0.2658
Hinder { 80.0000;75.0000;0.0000;0.0000 } score: 0.4623
Distance from Hinder to Mass-Target Line:1.4142
Distance Mass-Hinder:4.3067
Hinder found. Set mid gear.
Current position in hinder safe range.
distMassHinder - safedist  = 2.9448
Change to second inter-target.
Add an intertarget [40.40, 36.20] to the current route.
Now Position: [36.63, 35.10]
Reset intertarget to original target.
count=14
Write current position to file:trace_mass_0.75.dat
Distance Mass-Target:90.7045
Still in course.
Far from target. Set high gear.
Hinder { 39.0000;41.0000;0.0000;0.0000 } score: 0.0343
Hinder { 61.0000;61.0000;0.0000;0.0000 } score: 0.2584
Hinder { 80.0000;75.0000;0.0000;0.0000 } score: 0.4551
Distance from Hinder to Mass-Target Line:2.4265
Distance Mass-Hinder:3.2251
Hinder found. Set mid gear.
Current position in hinder safe range.
distMassHinder - safedist  = 1.3560
Change to second inter-target.
Add an intertarget [40.40, 36.20] to the current route.
Now Position: [38.79, 35.73]
Reset intertarget to original target.
count=15
Write current position to file:trace_mass_0.75.dat
Distance Mass-Target:88.7517
Still in course.
Far from target. Set high gear.
Hinder { 39.0000;41.0000;0.0000;0.0000 } score: 0.0410
Hinder { 61.0000;61.0000;0.0000;0.0000 } score: 0.2509
Hinder { 80.0000;75.0000;0.0000;0.0000 } score: 0.4477
Distance from Hinder to Mass-Target Line:3.4830
Distance Mass-Hinder:3.4893
Hinder found. Set mid gear.
Current position in hinder safe range.
distMassHinder - safedist  = 0.2728
Change to second inter-target.
Add an intertarget [40.40, 36.20] to the current route.
Predicted movement will be beyond the range. Set low gear.
Now Position: [39.51, 35.94]
Reset intertarget to original target.
count=16
Write current position to file:trace_mass_0.75.dat
Distance Mass-Target:88.1040
Still in course.
Far from target. Set high gear.
Hinder { 61.0000;61.0000;0.0000;0.0000 } score: 0.2485
Hinder { 80.0000;75.0000;0.0000;0.0000 } score: 0.4451
Distance from Hinder to Mass-Target Line:1.5807
Distance Mass-Hinder:29.2651
Hinder not found. Keep high gear.
Predicted position not in hinder safe range.
Now Position: [42.09, 38.67]
Reset intertarget to original target.
count=17
Write current position to file:trace_mass_0.75.dat
Distance Mass-Target:84.3540
Still in course.
Far from target. Set high gear.
Hinder { 61.0000;61.0000;0.0000;0.0000 } score: 0.2275
Hinder { 80.0000;75.0000;0.0000;0.0000 } score: 0.4333
Distance from Hinder to Mass-Target Line:1.5807
Distance Mass-Hinder:25.5213
Hinder not found. Keep high gear.
Predicted position not in hinder safe range.
Now Position: [44.66, 41.39]
Reset intertarget to original target.
count=18
Write current position to file:trace_mass_0.75.dat
Distance Mass-Target:80.6039
Still in course.
Far from target. Set high gear.
Hinder { 61.0000;61.0000;0.0000;0.0000 } score: 0.2045
Hinder { 80.0000;75.0000;0.0000;0.0000 } score: 0.4203
Distance from Hinder to Mass-Target Line:1.5807
Distance Mass-Hinder:21.7797
Hinder not found. Keep high gear.
Predicted position not in hinder safe range.
Now Position: [47.24, 44.12]
Reset intertarget to original target.
count=19
Write current position to file:trace_mass_0.75.dat
Distance Mass-Target:76.8538
Still in course.
Far from target. Set high gear.
Hinder { 61.0000;61.0000;0.0000;0.0000 } score: 0.1792
Hinder { 80.0000;75.0000;0.0000;0.0000 } score: 0.4060
Distance from Hinder to Mass-Target Line:1.5807
Distance Mass-Hinder:18.0415
Hinder not found. Keep high gear.
Predicted position not in hinder safe range.
Now Position: [49.81, 46.85]
Reset intertarget to original target.
count=20
Write current position to file:trace_mass_0.75.dat
Distance Mass-Target:73.1038
Still in course.
Far from target. Set high gear.
Hinder { 61.0000;61.0000;0.0000;0.0000 } score: 0.1513
Hinder { 80.0000;75.0000;0.0000;0.0000 } score: 0.3902
Distance from Hinder to Mass-Target Line:1.5807
Distance Mass-Hinder:14.3097
Hinder not found. Keep high gear.
Predicted position not in hinder safe range.
Now Position: [52.39, 49.57]
Reset intertarget to original target.
count=21
Write current position to file:trace_mass_0.75.dat
Distance Mass-Target:69.3537
Still in course.
Far from target. Set high gear.
Hinder { 61.0000;61.0000;0.0000;0.0000 } score: 0.1202
Hinder { 80.0000;75.0000;0.0000;0.0000 } score: 0.3726
Distance from Hinder to Mass-Target Line:1.5807
Distance Mass-Hinder:10.5907
Hinder not found. Keep high gear.
Predicted position not in hinder safe range.
Now Position: [54.96, 52.30]
Reset intertarget to original target.
count=22
Write current position to file:trace_mass_0.75.dat
Distance Mass-Target:65.6037
Still in course.
Far from target. Set high gear.
Hinder { 61.0000;61.0000;0.0000;0.0000 } score: 0.0858
Hinder { 80.0000;75.0000;0.0000;0.0000 } score: 0.3529
Distance from Hinder to Mass-Target Line:1.5807
Distance Mass-Hinder:6.9053
Hinder not found. Keep high gear.
Predicted position not in hinder safe range.
Now Position: [57.53, 55.03]
Reset intertarget to original target.
count=23
Write current position to file:trace_mass_0.75.dat
Distance Mass-Target:61.8536
Still in course.
Far from target. Set high gear.
Hinder { 61.0000;61.0000;0.0000;0.0000 } score: 0.0487
Hinder { 80.0000;75.0000;0.0000;0.0000 } score: 0.3307
Distance from Hinder to Mass-Target Line:1.5807
Distance Mass-Hinder:3.3661
Hinder found. Set mid gear.
Current position in hinder safe range.
distMassHinder - safedist  = 1.9053
Change to second inter-target.
Add an intertarget [62.17, 56.14] to the current route.
Now Position: [59.72, 55.55]
Reset intertarget to original target.
count=24
Write current position to file:trace_mass_0.75.dat
Distance Mass-Target:59.9826
Still in course.
Far from target. Set high gear.
Hinder { 61.0000;61.0000;0.0000;0.0000 } score: 0.0511
Hinder { 80.0000;75.0000;0.0000;0.0000 } score: 0.3137
Distance from Hinder to Mass-Target Line:2.7115
Distance Mass-Hinder:2.9433
Hinder found. Set mid gear.
Current position in hinder safe range.
distMassHinder - safedist  = 0.5958
Change to second inter-target.
Add an intertarget [62.17, 56.14] to the current route.
Now Position: [61.91, 56.08]
Reset intertarget to original target.
count=25
Write current position to file:trace_mass_0.75.dat
Distance Mass-Target:58.1385
Still in course.
Far from target. Set high gear.
Hinder { 80.0000;75.0000;0.0000;0.0000 } score: 0.2957
Distance from Hinder to Mass-Target Line:1.2689
Distance Mass-Hinder:22.4340
Hinder not found. Keep high gear.
Predicted position not in hinder safe range.
Now Position: [64.37, 58.91]
Reset intertarget to original target.
count=26
Write current position to file:trace_mass_0.75.dat
Distance Mass-Target:54.3886
Still in course.
Far from target. Set high gear.
Hinder { 80.0000;75.0000;0.0000;0.0000 } score: 0.2659
Distance from Hinder to Mass-Target Line:1.2690
Distance Mass-Hinder:18.6912
Hinder not found. Keep high gear.
Predicted position not in hinder safe range.
Now Position: [66.82, 61.74]
Reset intertarget to original target.
count=27
Write current position to file:trace_mass_0.75.dat
Distance Mass-Target:50.6386
Still in course.
Far from target. Set high gear.
Hinder { 80.0000;75.0000;0.0000;0.0000 } score: 0.2313
Distance from Hinder to Mass-Target Line:1.2690
Distance Mass-Hinder:14.9521
Hinder not found. Keep high gear.
Predicted position not in hinder safe range.
Now Position: [69.28, 64.58]
Reset intertarget to original target.
count=28
Write current position to file:trace_mass_0.75.dat
Distance Mass-Target:46.8886
Still in course.
Far from target. Set high gear.
Hinder { 80.0000;75.0000;0.0000;0.0000 } score: 0.1909
Distance from Hinder to Mass-Target Line:1.2690
Distance Mass-Hinder:11.2201
Hinder not found. Keep high gear.
Predicted position not in hinder safe range.
Now Position: [71.74, 67.41]
Reset intertarget to original target.
count=29
Write current position to file:trace_mass_0.75.dat
Distance Mass-Target:43.1386
Still in course.
Far from target. Set high gear.
Hinder { 80.0000;75.0000;0.0000;0.0000 } score: 0.1431
Distance from Hinder to Mass-Target Line:1.2690
Distance Mass-Hinder:7.5062
Hinder not found. Keep high gear.
Predicted position not in hinder safe range.
Now Position: [74.19, 70.24]
Reset intertarget to original target.
count=30
Write current position to file:trace_mass_0.75.dat
Distance Mass-Target:39.3887
Still in course.
Far from target. Set high gear.
Hinder { 80.0000;75.0000;0.0000;0.0000 } score: 0.0866
Distance from Hinder to Mass-Target Line:1.2690
Distance Mass-Hinder:3.8626
Hinder found. Set mid gear.
Current position in hinder safe range.
distMassHinder - safedist  = 2.5062
Change to second inter-target.
Add an intertarget [75.06, 75.77] to the current route.
Now Position: [74.54, 72.47]
Reset intertarget to original target.
count=31
Write current position to file:trace_mass_0.75.dat
Distance Mass-Target:37.5003
Still in course.
Far from target. Set high gear.
Hinder { 80.0000;75.0000;0.0000;0.0000 } score: 0.0809
Distance from Hinder to Mass-Target Line:2.2864
Distance Mass-Hinder:2.9201
Hinder found. Set mid gear.
Current position in hinder safe range.
distMassHinder - safedist  = 1.0177
Change to second inter-target.
Add an intertarget [75.06, 75.77] to the current route.
Now Position: [74.89, 74.69]
Reset intertarget to original target.
count=32
Write current position to file:trace_mass_0.75.dat
Distance Mass-Target:35.6539
Still in course.
Far from target. Set high gear.
Hinder { 80.0000;75.0000;0.0000;0.0000 } score: 0.1068
Distance from Hinder to Mass-Target Line:3.4078
Distance Mass-Hinder:3.4085
Hinder found. Set mid gear.
Current position in hinder safe range.
distMassHinder - safedist  = 0.1192
Change to second inter-target.
Add an intertarget [75.06, 75.77] to the current route.
Predicted movement will be beyond the range. Set low gear.
Now Position: [75.01, 75.43]
Reset intertarget to original target.
count=33
Write current position to file:trace_mass_0.75.dat
Distance Mass-Target:35.0490
Still in course.
Far from target. Set high gear.
Distance from Hinder to Mass-Target Line:1.2060
Distance Mass-Hinder:110.1239
Hinder not found. Keep high gear.
Angle > Orthogonal angle, hinder without threat.
Now Position: [77.68, 78.06]
Reset intertarget to original target.
count=34
Write current position to file:trace_mass_0.75.dat
Distance Mass-Target:31.2990
Still in course.
Far from target. Set high gear.
Distance from Hinder to Mass-Target Line:1.2058
Distance Mass-Hinder:113.8736
Hinder not found. Keep high gear.
Angle > Orthogonal angle, hinder without threat.
Now Position: [80.35, 80.69]
Reset intertarget to original target.
count=35
Write current position to file:trace_mass_0.75.dat
Distance Mass-Target:27.5490
Still in course.
Far from target. Set high gear.
Distance from Hinder to Mass-Target Line:1.2055
Distance Mass-Hinder:117.6234
Hinder not found. Keep high gear.
Angle > Orthogonal angle, hinder without threat.
Now Position: [83.03, 83.32]
Reset intertarget to original target.
count=36
Write current position to file:trace_mass_0.75.dat
Distance Mass-Target:23.7989
Still in course.
Far from target. Set high gear.
Distance from Hinder to Mass-Target Line:1.2055
Distance Mass-Hinder:121.3733
Hinder not found. Keep high gear.
Angle > Orthogonal angle, hinder without threat.
Now Position: [85.70, 85.94]
Reset intertarget to original target.
count=37
Write current position to file:trace_mass_0.75.dat
Distance Mass-Target:20.0488
Still in course.
Far from target. Set high gear.
Distance from Hinder to Mass-Target Line:1.2056
Distance Mass-Hinder:125.1232
Hinder not found. Keep high gear.
Angle > Orthogonal angle, hinder without threat.
Now Position: [88.38, 88.57]
Reset intertarget to original target.
count=38
Write current position to file:trace_mass_0.75.dat
Distance Mass-Target:16.2988
Still in course.
Far from target. Set high gear.
Distance from Hinder to Mass-Target Line:1.2050
Distance Mass-Hinder:128.8730
Hinder not found. Keep high gear.
Angle > Orthogonal angle, hinder without threat.
Now Position: [91.05, 91.20]
Reset intertarget to original target.
count=39
Write current position to file:trace_mass_0.75.dat
Distance Mass-Target:12.5488
Still in course.
Far from target. Set high gear.
Distance from Hinder to Mass-Target Line:1.2057
Distance Mass-Hinder:132.6229
Hinder not found. Keep high gear.
Angle > Orthogonal angle, hinder without threat.
Now Position: [93.73, 93.83]
Reset intertarget to original target.
count=40
Write current position to file:trace_mass_0.75.dat
Distance Mass-Target:8.7988
Still in course.
Far from target. Set high gear.
Distance from Hinder to Mass-Target Line:1.2047
Distance Mass-Hinder:136.3727
Hinder not found. Keep high gear.
Angle > Orthogonal angle, hinder without threat.
Now Position: [96.40, 96.46]
Reset intertarget to original target.
count=41
Write current position to file:trace_mass_0.75.dat
Distance Mass-Target:5.0489
Still in course.
Far from target. Set high gear.
Distance from Hinder to Mass-Target Line:1.2062
Distance Mass-Hinder:140.1225
Hinder not found. Keep high gear.
Angle > Orthogonal angle, hinder without threat.
Now Position: [99.07, 99.09]
Reset intertarget to original target.
count=42
Write current position to file:trace_mass_0.75.dat
Distance Mass-Target:1.2989
Still in course.
Close to target. Set low gear.
Distance from Hinder to Mass-Target Line:1.2011
Distance Mass-Hinder:140.8725
Hinder not found. Keep low gear.
Angle > Orthogonal angle, hinder without threat.
Now Position: [99.61, 99.62]
Reset intertarget to original target.
count=43
Write current position to file:trace_mass_0.75.dat
Distance Mass-Target:0.5489
Still in course.
Close to target. Set low gear.
Hinder { 39.0000;41.0000;0.0000;0.0000 } score: 297.0995
Hinder { 61.0000;61.0000;0.0000;0.0000 } score: 193.3609
Hinder { 80.0000;75.0000;0.0000;0.0000 } score: 117.8006
Distance from Hinder to Mass-Target Line:1.2025
Distance Mass-Hinder:141.6225
Hinder not found. Keep low gear.
Angle > Orthogonal angle, hinder without threat.
Predicted movement will be beyond the range. Set low gear.
Now Position: [100.14, 100.14]
Reset intertarget to original target.
count=44
Write current position to file:trace_mass_0.75.dat
Distance Mass-Target:0.2008
Target reached successfully.
count=45
