Project started ...
Register SyncActionNode CreateMass.
Register SyncActionNode CreateInterTarget.
Register ConditionNode IsOnTarget.
Register ConditionNode IsCloseToTarget.
Register ConditionNode IsThereHinder.
Register SyncActionNode ChangeInterTarget.
Register SyncActionNode ResetInterTarget.
Register SyncActionNode MoveTo.
All Nodes Registered.
Read from stored xml data ...
Tree well created.
Node CreateMass Initialized.
Node CreateInterTarget Initialized.
Node IsOnTarget Initialized.
Node IsCloseToTarget Initialized.
Node IsThereHinder Initialized.
Node ChangeInterTarget Initialized.
Node MoveTo Initialized.
Node ResetInterTarget Initialized.
All Nodes Initialized.
----------------
Sequence
   CreateMass
   CreateInterTarget
   main_control
      IsOnTarget
      ForceFailure
         move_and_set_target
            ForceSuccess
               IsCloseToTarget
            MoveBase
               move_to_intertarget
                  avoid_hinder
                     Inverter
                        IsThereHinder
                     ChangeInterTarget
                  MoveTo
            ResetInterTarget
----------------
BehaviorTree is successfully printed.
FileLogger and MinitraceLogger Launched.
Create a mass for moving.
Write current position to file:trace_mass_0.5.dat
Create a target for moving.
Distance Mass-Target:141.4214
Still in course.
Far from target. Set high gear.
Hinder { 39.0000;41.0000;0.0000;0.0000 } score: 0.2756
Hinder { 61.0000;61.0000;0.0000;0.0000 } score: 0.4221
Hinder { 80.0000;75.0000;0.0000;0.0000 } score: 0.5476
Distance from Hinder to Mass-Target Line:1.4142
Distance Mass-Hinder:54.0870
Hinder not found. Keep high gear.
Predicted position not in hinder safe range.
Now Position: [1.77, 1.77]
Reset intertarget to original target.
count=1
Write current position to file:trace_mass_0.5.dat
Distance Mass-Target:138.9214
Still in course.
Far from target. Set high gear.
Hinder { 39.0000;41.0000;0.0000;0.0000 } score: 0.2678
Hinder { 61.0000;61.0000;0.0000;0.0000 } score: 0.4170
Hinder { 80.0000;75.0000;0.0000;0.0000 } score: 0.5448
Distance from Hinder to Mass-Target Line:1.4142
Distance Mass-Hinder:51.5879
Hinder not found. Keep high gear.
Predicted position not in hinder safe range.
Now Position: [3.54, 3.54]
Reset intertarget to original target.
count=2
Write current position to file:trace_mass_0.5.dat
Distance Mass-Target:136.4213
Still in course.
Far from target. Set high gear.
Hinder { 39.0000;41.0000;0.0000;0.0000 } score: 0.2598
Hinder { 61.0000;61.0000;0.0000;0.0000 } score: 0.4117
Hinder { 80.0000;75.0000;0.0000;0.0000 } score: 0.5419
Distance from Hinder to Mass-Target Line:1.4142
Distance Mass-Hinder:49.0889
Hinder not found. Keep high gear.
Predicted position not in hinder safe range.
Now Position: [5.30, 5.30]
Reset intertarget to original target.
count=3
Write current position to file:trace_mass_0.5.dat
Distance Mass-Target:133.9213
Still in course.
Far from target. Set high gear.
Hinder { 39.0000;41.0000;0.0000;0.0000 } score: 0.2514
Hinder { 61.0000;61.0000;0.0000;0.0000 } score: 0.4062
Hinder { 80.0000;75.0000;0.0000;0.0000 } score: 0.5389
Distance from Hinder to Mass-Target Line:1.4142
Distance Mass-Hinder:46.5900
Hinder not found. Keep high gear.
Predicted position not in hinder safe range.
Now Position: [7.07, 7.07]
Reset intertarget to original target.
count=4
Write current position to file:trace_mass_0.5.dat
Distance Mass-Target:131.4213
Still in course.
Far from target. Set high gear.
Hinder { 39.0000;41.0000;0.0000;0.0000 } score: 0.2427
Hinder { 61.0000;61.0000;0.0000;0.0000 } score: 0.4005
Hinder { 80.0000;75.0000;0.0000;0.0000 } score: 0.5358
Distance from Hinder to Mass-Target Line:1.4142
Distance Mass-Hinder:44.0912
Hinder not found. Keep high gear.
Predicted position not in hinder safe range.
Now Position: [8.84, 8.84]
Reset intertarget to original target.
count=5
Write current position to file:trace_mass_0.5.dat
Distance Mass-Target:128.9213
Still in course.
Far from target. Set high gear.
Hinder { 39.0000;41.0000;0.0000;0.0000 } score: 0.2337
Hinder { 61.0000;61.0000;0.0000;0.0000 } score: 0.3946
Hinder { 80.0000;75.0000;0.0000;0.0000 } score: 0.5326
Distance from Hinder to Mass-Target Line:1.4142
Distance Mass-Hinder:41.5926
Hinder not found. Keep high gear.
Predicted position not in hinder safe range.
Now Position: [10.61, 10.61]
Reset intertarget to original target.
count=6
Write current position to file:trace_mass_0.5.dat
Distance Mass-Target:126.4214
Still in course.
Far from target. Set high gear.
Hinder { 39.0000;41.0000;0.0000;0.0000 } score: 0.2243
Hinder { 61.0000;61.0000;0.0000;0.0000 } score: 0.3884
Hinder { 80.0000;75.0000;0.0000;0.0000 } score: 0.5292
Distance from Hinder to Mass-Target Line:1.4142
Distance Mass-Hinder:39.0941
Hinder not found. Keep high gear.
Predicted position not in hinder safe range.
Now Position: [12.37, 12.37]
Reset intertarget to original target.
count=7
Write current position to file:trace_mass_0.5.dat
Distance Mass-Target:123.9213
Still in course.
Far from target. Set high gear.
Hinder { 39.0000;41.0000;0.0000;0.0000 } score: 0.2145
Hinder { 61.0000;61.0000;0.0000;0.0000 } score: 0.3820
Hinder { 80.0000;75.0000;0.0000;0.0000 } score: 0.5257
Distance from Hinder to Mass-Target Line:1.4142
Distance Mass-Hinder:36.5958
Hinder not found. Keep high gear.
Predicted position not in hinder safe range.
Now Position: [14.14, 14.14]
Reset intertarget to original target.
count=8
Write current position to file:trace_mass_0.5.dat
Distance Mass-Target:121.4213
Still in course.
Far from target. Set high gear.
Hinder { 39.0000;41.0000;0.0000;0.0000 } score: 0.2043
Hinder { 61.0000;61.0000;0.0000;0.0000 } score: 0.3753
Hinder { 80.0000;75.0000;0.0000;0.0000 } score: 0.5220
Distance from Hinder to Mass-Target Line:1.4142
Distance Mass-Hinder:34.0978
Hinder not found. Keep high gear.
Predicted position not in hinder safe range.
Now Position: [15.91, 15.91]
Reset intertarget to original target.
count=9
Write current position to file:trace_mass_0.5.dat
Distance Mass-Target:118.9212
Still in course.
Far from target. Set high gear.
Hinder { 39.0000;41.0000;0.0000;0.0000 } score: 0.1936
Hinder { 61.0000;61.0000;0.0000;0.0000 } score: 0.3684
Hinder { 80.0000;75.0000;0.0000;0.0000 } score: 0.5182
Distance from Hinder to Mass-Target Line:1.4142
Distance Mass-Hinder:31.6001
Hinder not found. Keep high gear.
Predicted position not in hinder safe range.
Now Position: [17.68, 17.68]
Reset intertarget to original target.
count=10
Write current position to file:trace_mass_0.5.dat
Distance Mass-Target:116.4212
Still in course.
Far from target. Set high gear.
Hinder { 39.0000;41.0000;0.0000;0.0000 } score: 0.1825
Hinder { 61.0000;61.0000;0.0000;0.0000 } score: 0.3611
Hinder { 80.0000;75.0000;0.0000;0.0000 } score: 0.5143
Distance from Hinder to Mass-Target Line:1.4142
Distance Mass-Hinder:29.1027
Hinder not found. Keep high gear.
Predicted position not in hinder safe range.
Now Position: [19.45, 19.45]
Reset intertarget to original target.
count=11
Write current position to file:trace_mass_0.5.dat
Distance Mass-Target:113.9211
Still in course.
Far from target. Set high gear.
Hinder { 39.0000;41.0000;0.0000;0.0000 } score: 0.1710
Hinder { 61.0000;61.0000;0.0000;0.0000 } score: 0.3535
Hinder { 80.0000;75.0000;0.0000;0.0000 } score: 0.5101
Distance from Hinder to Mass-Target Line:1.4142
Distance Mass-Hinder:26.6059
Hinder not found. Keep high gear.
Predicted position not in hinder safe range.
Now Position: [21.21, 21.21]
Reset intertarget to original target.
count=12
Write current position to file:trace_mass_0.5.dat
Distance Mass-Target:111.4211
Still in course.
Far from target. Set high gear.
Hinder { 39.0000;41.0000;0.0000;0.0000 } score: 0.1588
Hinder { 61.0000;61.0000;0.0000;0.0000 } score: 0.3455
Hinder { 80.0000;75.0000;0.0000;0.0000 } score: 0.5058
Distance from Hinder to Mass-Target Line:1.4142
Distance Mass-Hinder:24.1098
Hinder not found. Keep high gear.
Predicted position not in hinder safe range.
Now Position: [22.98, 22.98]
Reset intertarget to original target.
count=13
Write current position to file:trace_mass_0.5.dat
Distance Mass-Target:108.9210
Still in course.
Far from target. Set high gear.
Hinder { 39.0000;41.0000;0.0000;0.0000 } score: 0.1462
Hinder { 61.0000;61.0000;0.0000;0.0000 } score: 0.3372
Hinder { 80.0000;75.0000;0.0000;0.0000 } score: 0.5012
Distance from Hinder to Mass-Target Line:1.4142
Distance Mass-Hinder:21.6145
Hinder not found. Keep high gear.
Predicted position not in hinder safe range.
Now Position: [24.75, 24.75]
Reset intertarget to original target.
count=14
Write current position to file:trace_mass_0.5.dat
Distance Mass-Target:106.4210
Still in course.
Far from target. Set high gear.
Hinder { 39.0000;41.0000;0.0000;0.0000 } score: 0.1329
Hinder { 61.0000;61.0000;0.0000;0.0000 } score: 0.3285
Hinder { 80.0000;75.0000;0.0000;0.0000 } score: 0.4965
Distance from Hinder to Mass-Target Line:1.4142
Distance Mass-Hinder:19.1205
Hinder not found. Keep high gear.
Predicted position not in hinder safe range.
Now Position: [26.52, 26.52]
Reset intertarget to original target.
count=15
Write current position to file:trace_mass_0.5.dat
Distance Mass-Target:103.9209
Still in course.
Far from target. Set high gear.
Hinder { 39.0000;41.0000;0.0000;0.0000 } score: 0.1190
Hinder { 61.0000;61.0000;0.0000;0.0000 } score: 0.3193
Hinder { 80.0000;75.0000;0.0000;0.0000 } score: 0.4915
Distance from Hinder to Mass-Target Line:1.4142
Distance Mass-Hinder:16.6284
Hinder not found. Keep high gear.
Predicted position not in hinder safe range.
Now Position: [28.28, 28.28]
Reset intertarget to original target.
count=16
Write current position to file:trace_mass_0.5.dat
Distance Mass-Target:101.4209
Still in course.
Far from target. Set high gear.
Hinder { 39.0000;41.0000;0.0000;0.0000 } score: 0.1043
Hinder { 61.0000;61.0000;0.0000;0.0000 } score: 0.3097
Hinder { 80.0000;75.0000;0.0000;0.0000 } score: 0.4862
Distance from Hinder to Mass-Target Line:1.4142
Distance Mass-Hinder:14.1390
Hinder not found. Keep high gear.
Predicted position not in hinder safe range.
Now Position: [30.05, 30.05]
Reset intertarget to original target.
count=17
Write current position to file:trace_mass_0.5.dat
Distance Mass-Target:98.9208
Still in course.
Far from target. Set high gear.
Hinder { 39.0000;41.0000;0.0000;0.0000 } score: 0.0890
Hinder { 61.0000;61.0000;0.0000;0.0000 } score: 0.2996
Hinder { 80.0000;75.0000;0.0000;0.0000 } score: 0.4807
Distance from Hinder to Mass-Target Line:1.4142
Distance Mass-Hinder:11.6542
Hinder not found. Keep high gear.
Predicted position not in hinder safe range.
Now Position: [31.82, 31.82]
Reset intertarget to original target.
count=18
Write current position to file:trace_mass_0.5.dat
Distance Mass-Target:96.4208
Still in course.
Far from target. Set high gear.
Hinder { 39.0000;41.0000;0.0000;0.0000 } score: 0.0729
Hinder { 61.0000;61.0000;0.0000;0.0000 } score: 0.2889
Hinder { 80.0000;75.0000;0.0000;0.0000 } score: 0.4749
Distance from Hinder to Mass-Target Line:1.4142
Distance Mass-Hinder:9.1776
Hinder not found. Keep high gear.
Predicted position not in hinder safe range.
Now Position: [33.59, 33.59]
Reset intertarget to original target.
count=19
Write current position to file:trace_mass_0.5.dat
Distance Mass-Target:93.9208
Still in course.
Far from target. Set high gear.
Hinder { 39.0000;41.0000;0.0000;0.0000 } score: 0.0561
Hinder { 61.0000;61.0000;0.0000;0.0000 } score: 0.2777
Hinder { 80.0000;75.0000;0.0000;0.0000 } score: 0.4688
Distance from Hinder to Mass-Target Line:1.4142
Distance Mass-Hinder:6.7185
Hinder not found. Keep high gear.
Predicted position not in hinder safe range.
Now Position: [35.36, 35.36]
Reset intertarget to original target.
count=20
Write current position to file:trace_mass_0.5.dat
Distance Mass-Target:91.4207
Still in course.
Far from target. Set high gear.
Hinder { 39.0000;41.0000;0.0000;0.0000 } score: 0.0387
Hinder { 61.0000;61.0000;0.0000;0.0000 } score: 0.2658
Hinder { 80.0000;75.0000;0.0000;0.0000 } score: 0.4623
Distance from Hinder to Mass-Target Line:1.4142
Distance Mass-Hinder:4.3067
Hinder found. Set mid gear.
Current position in hinder safe range.
distMassHinder - safedist  = 1.7184
Change to second inter-target.
Add an intertarget [39.79, 36.06] to the current route.
Now Position: [36.84, 35.59]
Reset intertarget to original target.
count=21
Write current position to file:trace_mass_0.5.dat
Distance Mass-Target:90.2105
Still in course.
Far from target. Set high gear.
Hinder { 39.0000;41.0000;0.0000;0.0000 } score: 0.0368
Hinder { 61.0000;61.0000;0.0000;0.0000 } score: 0.2617
Hinder { 80.0000;75.0000;0.0000;0.0000 } score: 0.4576
Distance from Hinder to Mass-Target Line:2.2423
Distance Mass-Hinder:3.6465
Hinder found. Set mid gear.
Current position in hinder safe range.
distMassHinder - safedist  = 0.8245
Change to second inter-target.
Add an intertarget [39.79, 36.06] to the current route.
Now Position: [38.32, 35.83]
Reset intertarget to original target.
count=22
Write current position to file:trace_mass_0.5.dat
Distance Mass-Target:89.0092
Still in course.
Far from target. Set high gear.
Hinder { 39.0000;41.0000;0.0000;0.0000 } score: 0.0393
Hinder { 61.0000;61.0000;0.0000;0.0000 } score: 0.2577
Hinder { 80.0000;75.0000;0.0000;0.0000 } score: 0.4527
Distance from Hinder to Mass-Target Line:3.0925
Distance Mass-Hinder:3.5295
Hinder found. Set mid gear.
Current position in hinder safe range.
distMassHinder - safedist  = 0.2165
Change to second inter-target.
Add an intertarget [39.79, 36.06] to the current route.
Predicted movement will be beyond the range. Set low gear.
Now Position: [38.81, 35.91]
Reset intertarget to original target.
count=23
Write current position to file:trace_mass_0.5.dat
Distance Mass-Target:88.6108
Still in course.
Far from target. Set high gear.
Hinder { 39.0000;41.0000;0.0000;0.0000 } score: 0.0413
Hinder { 61.0000;61.0000;0.0000;0.0000 } score: 0.2564
Hinder { 80.0000;75.0000;0.0000;0.0000 } score: 0.4511
Distance from Hinder to Mass-Target Line:3.3811
Distance Mass-Hinder:3.6273
Hinder found. Set mid gear.
Current position in hinder safe range.
distMassHinder - safedist  = 0.0966
Change to second inter-target.
Add an intertarget [39.79, 36.06] to the current route.
Predicted movement will be beyond the range. Set low gear.
Now Position: [39.31, 35.99]
Reset intertarget to original target.
count=24
Write current position to file:trace_mass_0.5.dat
Distance Mass-Target:88.2134
Still in course.
Far from target. Set high gear.
Hinder { 39.0000;41.0000;0.0000;0.0000 } score: 0.0438
Hinder { 61.0000;61.0000;0.0000;0.0000 } score: 0.2552
Hinder { 80.0000;75.0000;0.0000;0.0000 } score: 0.4494
Distance from Hinder to Mass-Target Line:3.6721
Distance Mass-Hinder:3.7877
Hinder found. Set mid gear.
Current position in hinder safe range.
distMassHinder - safedist  = 0.0237
Change to second inter-target.
Add an intertarget [39.79, 36.06] to the current route.
Predicted movement will be beyond the range. Set low gear.
Now Position: [39.80, 36.06]
Reset intertarget to original target.
count=25
Write current position to file:trace_mass_0.5.dat
Distance Mass-Target:87.8171
Still in course.
Far from target. Set high gear.
Hinder { 39.0000;41.0000;0.0000;0.0000 } score: 0.0468
Hinder { 61.0000;61.0000;0.0000;0.0000 } score: 0.2539
Hinder { 80.0000;75.0000;0.0000;0.0000 } score: 0.4477
Distance from Hinder to Mass-Target Line:3.9658
Distance Mass-Hinder:4.0031
Hinder found. Set mid gear.
Current position in hinder safe range.
distMassHinder - safedist  = 0.0001
Change to second inter-target.
Add an intertarget [39.83, 36.07] to the current route.
Predicted movement will be beyond the range. Set low gear.
Now Position: [40.29, 36.15]
Reset intertarget to original target.
count=26
Write current position to file:trace_mass_0.5.dat
Distance Mass-Target:87.4195
Still in course.
Far from target. Set high gear.
Hinder { 39.0000;41.0000;0.0000;0.0000 } score: 0.0502
Hinder { 61.0000;61.0000;0.0000;0.0000 } score: 0.2526
Hinder { 80.0000;75.0000;0.0000;0.0000 } score: 0.4461
Distance from Hinder to Mass-Target Line:4.2591
Distance Mass-Hinder:4.2621
Hinder found. Set mid gear.
Current position in hinder safe range.
distMassHinder - safedist  = 0.0225
Change to second inter-target.
Add an intertarget [40.74, 36.31] to the current route.
Predicted movement will be beyond the range. Set low gear.
Now Position: [40.76, 36.32]
Reset intertarget to original target.
count=27
Write current position to file:trace_mass_0.5.dat
Distance Mass-Target:86.9727
Still in course.
Far from target. Set high gear.
Hinder { 61.0000;61.0000;0.0000;0.0000 } score: 0.2509
Hinder { 80.0000;75.0000;0.0000;0.0000 } score: 0.4443
Distance from Hinder to Mass-Target Line:1.9915
Distance Mass-Hinder:29.4218
Hinder not found. Keep high gear.
Predicted position not in hinder safe range.
Now Position: [42.46, 38.15]
Reset intertarget to original target.
count=28
Write current position to file:trace_mass_0.5.dat
Distance Mass-Target:84.4727
Still in course.
Far from target. Set high gear.
Hinder { 61.0000;61.0000;0.0000;0.0000 } score: 0.2372
Hinder { 80.0000;75.0000;0.0000;0.0000 } score: 0.4366
Distance from Hinder to Mass-Target Line:1.9915
Distance Mass-Hinder:26.9281
Hinder not found. Keep high gear.
Predicted position not in hinder safe range.
Now Position: [44.17, 39.98]
Reset intertarget to original target.
count=29
Write current position to file:trace_mass_0.5.dat
Distance Mass-Target:81.9727
Still in course.
Far from target. Set high gear.
Hinder { 61.0000;61.0000;0.0000;0.0000 } score: 0.2227
Hinder { 80.0000;75.0000;0.0000;0.0000 } score: 0.4283
Distance from Hinder to Mass-Target Line:1.9915
Distance Mass-Hinder:24.4356
Hinder not found. Keep high gear.
Predicted position not in hinder safe range.
Now Position: [45.87, 41.81]
Reset intertarget to original target.
count=30
Write current position to file:trace_mass_0.5.dat
Distance Mass-Target:79.4727
Still in course.
Far from target. Set high gear.
Hinder { 61.0000;61.0000;0.0000;0.0000 } score: 0.2073
Hinder { 80.0000;75.0000;0.0000;0.0000 } score: 0.4195
Distance from Hinder to Mass-Target Line:1.9915
Distance Mass-Hinder:21.9449
Hinder not found. Keep high gear.
Predicted position not in hinder safe range.
Now Position: [47.57, 43.64]
Reset intertarget to original target.
count=31
Write current position to file:trace_mass_0.5.dat
Distance Mass-Target:76.9727
Still in course.
Far from target. Set high gear.
Hinder { 61.0000;61.0000;0.0000;0.0000 } score: 0.1909
Hinder { 80.0000;75.0000;0.0000;0.0000 } score: 0.4101
Distance from Hinder to Mass-Target Line:1.9916
Distance Mass-Hinder:19.4566
Hinder not found. Keep high gear.
Predicted position not in hinder safe range.
Now Position: [49.28, 45.47]
Reset intertarget to original target.
count=32
Write current position to file:trace_mass_0.5.dat
Distance Mass-Target:74.4728
Still in course.
Far from target. Set high gear.
Hinder { 61.0000;61.0000;0.0000;0.0000 } score: 0.1734
Hinder { 80.0000;75.0000;0.0000;0.0000 } score: 0.4001
Distance from Hinder to Mass-Target Line:1.9916
Distance Mass-Hinder:16.9717
Hinder not found. Keep high gear.
Predicted position not in hinder safe range.
Now Position: [50.98, 47.30]
Reset intertarget to original target.
count=33
Write current position to file:trace_mass_0.5.dat
Distance Mass-Target:71.9728
Still in course.
Far from target. Set high gear.
Hinder { 61.0000;61.0000;0.0000;0.0000 } score: 0.1546
Hinder { 80.0000;75.0000;0.0000;0.0000 } score: 0.3894
Distance from Hinder to Mass-Target Line:1.9916
Distance Mass-Hinder:14.4919
Hinder not found. Keep high gear.
Predicted position not in hinder safe range.
Now Position: [52.68, 49.13]
Reset intertarget to original target.
count=34
Write current position to file:trace_mass_0.5.dat
Distance Mass-Target:69.4728
Still in course.
Far from target. Set high gear.
Hinder { 61.0000;61.0000;0.0000;0.0000 } score: 0.1346
Hinder { 80.0000;75.0000;0.0000;0.0000 } score: 0.3778
Distance from Hinder to Mass-Target Line:1.9917
Distance Mass-Hinder:12.0206
Hinder not found. Keep high gear.
Predicted position not in hinder safe range.
Now Position: [54.38, 50.96]
Reset intertarget to original target.
count=35
Write current position to file:trace_mass_0.5.dat
Distance Mass-Target:66.9728
Still in course.
Far from target. Set high gear.
Hinder { 61.0000;61.0000;0.0000;0.0000 } score: 0.1131
Hinder { 80.0000;75.0000;0.0000;0.0000 } score: 0.3654
Distance from Hinder to Mass-Target Line:1.9917
Distance Mass-Hinder:9.5641
Hinder not found. Keep high gear.
Predicted position not in hinder safe range.
Now Position: [56.09, 52.79]
Reset intertarget to original target.
count=36
Write current position to file:trace_mass_0.5.dat
Distance Mass-Target:64.4728
Still in course.
Far from target. Set high gear.
Hinder { 61.0000;61.0000;0.0000;0.0000 } score: 0.0903
Hinder { 80.0000;75.0000;0.0000;0.0000 } score: 0.3520
Distance from Hinder to Mass-Target Line:1.9917
Distance Mass-Hinder:7.1379
Hinder not found. Keep high gear.
Predicted position not in hinder safe range.
Now Position: [57.79, 54.62]
Reset intertarget to original target.
count=37
Write current position to file:trace_mass_0.5.dat
Distance Mass-Target:61.9727
Still in course.
Far from target. Set high gear.
Hinder { 61.0000;61.0000;0.0000;0.0000 } score: 0.0664
Hinder { 80.0000;75.0000;0.0000;0.0000 } score: 0.3375
Distance from Hinder to Mass-Target Line:1.9917
Distance Mass-Hinder:4.7883
Hinder found. Set mid gear.
Current position in hinder safe range.
distMassHinder - safedist  = 2.1379
Change to second inter-target.
Add an intertarget [62.61, 56.27] to the current route.
Now Position: [59.21, 55.11]
Reset intertarget to original target.
count=38
Write current position to file:trace_mass_0.5.dat
Distance Mass-Target:60.6558
Still in course.
Far from target. Set high gear.
Hinder { 61.0000;61.0000;0.0000;0.0000 } score: 0.0623
Hinder { 80.0000;75.0000;0.0000;0.0000 } score: 0.3267
Distance from Hinder to Mass-Target Line:2.6370
Distance Mass-Hinder:4.0429
Hinder found. Set mid gear.
Current position in hinder safe range.
distMassHinder - safedist  = 1.1577
Change to second inter-target.
Add an intertarget [62.61, 56.27] to the current route.
Now Position: [60.63, 55.59]
Reset intertarget to original target.
count=39
Write current position to file:trace_mass_0.5.dat
Distance Mass-Target:59.3475
Still in course.
Far from target. Set high gear.
Hinder { 61.0000;61.0000;0.0000;0.0000 } score: 0.0638
Hinder { 80.0000;75.0000;0.0000;0.0000 } score: 0.3155
Distance from Hinder to Mass-Target Line:3.3105
Distance Mass-Hinder:3.7647
Hinder found. Set mid gear.
Current position in hinder safe range.
distMassHinder - safedist  = 0.4209
Change to second inter-target.
Add an intertarget [62.61, 56.27] to the current route.
Now Position: [62.05, 56.08]
Reset intertarget to original target.
count=40
Write current position to file:trace_mass_0.5.dat
Distance Mass-Target:58.0484
Still in course.
Far from target. Set high gear.
Hinder { 61.0000;61.0000;0.0000;0.0000 } score: 0.0727
Hinder { 80.0000;75.0000;0.0000;0.0000 } score: 0.3038
Distance from Hinder to Mass-Target Line:4.0136
Distance Mass-Hinder:4.0499
Hinder found. Set mid gear.
Current position in hinder safe range.
distMassHinder - safedist  = 0.0352
Change to second inter-target.
Add an intertarget [62.61, 56.27] to the current route.
Predicted movement will be beyond the range. Set low gear.
Now Position: [62.52, 56.24]
Reset intertarget to original target.
count=41
Write current position to file:trace_mass_0.5.dat
Distance Mass-Target:57.6176
Still in course.
Far from target. Set high gear.
Hinder { 61.0000;61.0000;0.0000;0.0000 } score: 0.0772
Hinder { 80.0000;75.0000;0.0000;0.0000 } score: 0.2998
Distance from Hinder to Mass-Target Line:4.2549
Distance Mass-Hinder:4.2568
Hinder found. Set mid gear.
Current position in hinder safe range.
distMassHinder - safedist  = 0.0009
Change to second inter-target.
Add an intertarget [62.61, 56.27] to the current route.
Predicted movement will be beyond the range. Set low gear.
Now Position: [63.00, 56.40]
Reset intertarget to original target.
count=42
Write current position to file:trace_mass_0.5.dat
Distance Mass-Target:57.1878
Still in course.
Far from target. Set high gear.
Hinder { 80.0000;75.0000;0.0000;0.0000 } score: 0.2957
Distance from Hinder to Mass-Target Line:0.9277
Distance Mass-Hinder:22.7046
Hinder not found. Keep high gear.
Predicted position not in hinder safe range.
Now Position: [64.61, 58.30]
Reset intertarget to original target.
count=43
Write current position to file:trace_mass_0.5.dat
Distance Mass-Target:54.6878
Still in course.
Far from target. Set high gear.
Hinder { 80.0000;75.0000;0.0000;0.0000 } score: 0.2764
Distance from Hinder to Mass-Target Line:0.9277
Distance Mass-Hinder:20.2069
Hinder not found. Keep high gear.
Predicted position not in hinder safe range.
Now Position: [66.23, 60.21]
Reset intertarget to original target.
count=44
Write current position to file:trace_mass_0.5.dat
Distance Mass-Target:52.1878
Still in course.
Far from target. Set high gear.
Hinder { 80.0000;75.0000;0.0000;0.0000 } score: 0.2551
Distance from Hinder to Mass-Target Line:0.9277
Distance Mass-Hinder:17.7099
Hinder not found. Keep high gear.
Predicted position not in hinder safe range.
Now Position: [67.85, 62.12]
Reset intertarget to original target.
count=45
Write current position to file:trace_mass_0.5.dat
Distance Mass-Target:49.6878
Still in course.
Far from target. Set high gear.
Hinder { 80.0000;75.0000;0.0000;0.0000 } score: 0.2316
Distance from Hinder to Mass-Target Line:0.9277
Distance Mass-Hinder:15.2139
Hinder not found. Keep high gear.
Predicted position not in hinder safe range.
Now Position: [69.47, 64.02]
Reset intertarget to original target.
count=46
Write current position to file:trace_mass_0.5.dat
Distance Mass-Target:47.1878
Still in course.
Far from target. Set high gear.
Hinder { 80.0000;75.0000;0.0000;0.0000 } score: 0.2055
Distance from Hinder to Mass-Target Line:0.9277
Distance Mass-Hinder:12.7195
Hinder not found. Keep high gear.
Predicted position not in hinder safe range.
Now Position: [71.08, 65.93]
Reset intertarget to original target.
count=47
Write current position to file:trace_mass_0.5.dat
Distance Mass-Target:44.6878
Still in course.
Far from target. Set high gear.
Hinder { 80.0000;75.0000;0.0000;0.0000 } score: 0.1763
Distance from Hinder to Mass-Target Line:0.9277
Distance Mass-Hinder:10.2278
Hinder not found. Keep high gear.
Predicted position not in hinder safe range.
Now Position: [72.70, 67.83]
Reset intertarget to original target.
count=48
Write current position to file:trace_mass_0.5.dat
Distance Mass-Target:42.1878
Still in course.
Far from target. Set high gear.
Hinder { 80.0000;75.0000;0.0000;0.0000 } score: 0.1436
Distance from Hinder to Mass-Target Line:0.9277
Distance Mass-Hinder:7.7414
Hinder not found. Keep high gear.
Predicted position not in hinder safe range.
Now Position: [74.32, 69.74]
Reset intertarget to original target.
count=49
Write current position to file:trace_mass_0.5.dat
Distance Mass-Target:39.6878
Still in course.
Far from target. Set high gear.
Hinder { 80.0000;75.0000;0.0000;0.0000 } score: 0.1066
Distance from Hinder to Mass-Target Line:0.9277
Distance Mass-Hinder:5.2679
Hinder not found. Keep high gear.
Predicted position not in hinder safe range.
Now Position: [75.94, 71.65]
Reset intertarget to original target.
count=50
Write current position to file:trace_mass_0.5.dat
Distance Mass-Target:37.1878
Still in course.
Far from target. Set high gear.
Hinder { 80.0000;75.0000;0.0000;0.0000 } score: 0.0654
Distance from Hinder to Mass-Target Line:0.9277
Distance Mass-Hinder:2.8413
Hinder found. Set mid gear.
Current position in hinder safe range.
distMassHinder - safedist  = 0.2679
Change to second inter-target.
Add an intertarget [75.34, 73.19] to the current route.
Now Position: [75.40, 73.05]
Reset intertarget to original target.
count=51
Write current position to file:trace_mass_0.5.dat
Distance Mass-Target:36.4960
Still in course.
Far from target. Set high gear.
Hinder { 80.0000;75.0000;0.0000;0.0000 } score: 0.0785
Distance from Hinder to Mass-Target Line:2.0831
Distance Mass-Hinder:2.9214
Hinder found. Set mid gear.
Current position in hinder safe range.
distMassHinder - safedist  = 0.0025
Change to second inter-target.
Add an intertarget [75.34, 73.19] to the current route.
Predicted movement will be beyond the range. Set low gear.
Now Position: [75.21, 73.51]
Reset intertarget to original target.
count=52
Write current position to file:trace_mass_0.5.dat
Distance Mass-Target:36.2762
Still in course.
Far from target. Set high gear.
Hinder { 80.0000;75.0000;0.0000;0.0000 } score: 0.0862
Distance from Hinder to Mass-Target Line:2.4772
Distance Mass-Hinder:3.0957
Hinder found. Set mid gear.
Current position in hinder safe range.
distMassHinder - safedist  = 0.0116
Change to second inter-target.
Add an intertarget [75.14, 73.84] to the current route.
Predicted movement will be beyond the range. Set low gear.
Now Position: [75.10, 74.00]
Reset intertarget to original target.
count=53
Write current position to file:trace_mass_0.5.dat
Distance Mass-Target:36.0025
Still in course.
Far from target. Set high gear.
Hinder { 80.0000;75.0000;0.0000;0.0000 } score: 0.0939
Distance from Hinder to Mass-Target Line:2.8466
Distance Mass-Hinder:3.2721
Hinder found. Set mid gear.
Current position in hinder safe range.
distMassHinder - safedist  = 0.0025
Change to second inter-target.
Add an intertarget [75.07, 74.15] to the current route.
Predicted movement will be beyond the range. Set low gear.
Now Position: [75.01, 74.49]
Reset intertarget to original target.
count=54
Write current position to file:trace_mass_0.5.dat
Distance Mass-Target:35.7072
Still in course.
Far from target. Set high gear.
Hinder { 80.0000;75.0000;0.0000;0.0000 } score: 0.1023
Distance from Hinder to Mass-Target Line:3.2052
Distance Mass-Hinder:3.4789
Hinder found. Set mid gear.
Current position in hinder safe range.
distMassHinder - safedist  = 0.0115
Change to second inter-target.
Add an intertarget [75.00, 74.83] to the current route.
Predicted movement will be beyond the range. Set low gear.
Now Position: [75.00, 74.99]
Reset intertarget to original target.
count=55
Write current position to file:trace_mass_0.5.dat
Distance Mass-Target:35.3640
Still in course.
Far from target. Set high gear.
Hinder { 80.0000;75.0000;0.0000;0.0000 } score: 0.1107
Distance from Hinder to Mass-Target Line:3.5310
Distance Mass-Hinder:3.6820
Hinder found. Set mid gear.
Current position in hinder safe range.
distMassHinder - safedist  = 0.0026
Change to second inter-target.
Add an intertarget [75.00, 75.15] to the current route.
Predicted movement will be beyond the range. Set low gear.
Now Position: [75.01, 75.49]
Reset intertarget to original target.
count=56
Write current position to file:trace_mass_0.5.dat
Distance Mass-Target:35.0015
Still in course.
Far from target. Set high gear.
Hinder { 80.0000;75.0000;0.0000;0.0000 } score: 0.1196
Distance from Hinder to Mass-Target Line:3.8423
Distance Mass-Hinder:3.9087
Hinder found. Set mid gear.
Current position in hinder safe range.
distMassHinder - safedist  = 0.0114
Change to second inter-target.
Add an intertarget [75.07, 75.82] to the current route.
Predicted movement will be beyond the range. Set low gear.
Now Position: [75.09, 75.98]
Reset intertarget to original target.
count=57
Write current position to file:trace_mass_0.5.dat
Distance Mass-Target:34.5986
Still in course.
Far from target. Set high gear.
Hinder { 80.0000;75.0000;0.0000;0.0000 } score: 0.1284
Distance from Hinder to Mass-Target Line:4.1126
Distance Mass-Hinder:4.1273
Hinder found. Set mid gear.
Current position in hinder safe range.
distMassHinder - safedist  = 0.0026
Change to second inter-target.
Add an intertarget [75.13, 76.14] to the current route.
Predicted movement will be beyond the range. Set low gear.
Now Position: [75.21, 76.47]
Reset intertarget to original target.
count=58
Write current position to file:trace_mass_0.5.dat
Distance Mass-Target:34.1797
Still in course.
Far from target. Set high gear.
Distance from Hinder to Mass-Target Line:3.6896
Distance Mass-Hinder:109.7556
Hinder not found. Keep high gear.
Angle > Orthogonal angle, hinder without threat.
Now Position: [77.02, 78.19]
Reset intertarget to original target.
count=59
Write current position to file:trace_mass_0.5.dat
Distance Mass-Target:31.6797
Still in course.
Far from target. Set high gear.
Distance from Hinder to Mass-Target Line:3.6894
Distance Mass-Hinder:112.2542
Hinder not found. Keep high gear.
Angle > Orthogonal angle, hinder without threat.
Now Position: [78.84, 79.91]
Reset intertarget to original target.
count=60
Write current position to file:trace_mass_0.5.dat
Distance Mass-Target:29.1797
Still in course.
Far from target. Set high gear.
Distance from Hinder to Mass-Target Line:3.6892
Distance Mass-Hinder:114.7528
Hinder not found. Keep high gear.
Angle > Orthogonal angle, hinder without threat.
Now Position: [80.65, 81.63]
Reset intertarget to original target.
count=61
Write current position to file:trace_mass_0.5.dat
Distance Mass-Target:26.6797
Still in course.
Far from target. Set high gear.
Distance from Hinder to Mass-Target Line:3.6893
Distance Mass-Hinder:117.2516
Hinder not found. Keep high gear.
Angle > Orthogonal angle, hinder without threat.
Now Position: [82.46, 83.35]
Reset intertarget to original target.
count=62
Write current position to file:trace_mass_0.5.dat
Distance Mass-Target:24.1797
Still in course.
Far from target. Set high gear.
Distance from Hinder to Mass-Target Line:3.6890
Distance Mass-Hinder:119.7504
Hinder not found. Keep high gear.
Angle > Orthogonal angle, hinder without threat.
Now Position: [84.28, 85.08]
Reset intertarget to original target.
count=63
Write current position to file:trace_mass_0.5.dat
Distance Mass-Target:21.6796
Still in course.
Far from target. Set high gear.
Distance from Hinder to Mass-Target Line:3.6892
Distance Mass-Hinder:122.2493
Hinder not found. Keep high gear.
Angle > Orthogonal angle, hinder without threat.
Now Position: [86.09, 86.80]
Reset intertarget to original target.
count=64
Write current position to file:trace_mass_0.5.dat
Distance Mass-Target:19.1796
Still in course.
Far from target. Set high gear.
Distance from Hinder to Mass-Target Line:3.6893
Distance Mass-Hinder:124.7482
Hinder not found. Keep high gear.
Angle > Orthogonal angle, hinder without threat.
Now Position: [87.90, 88.52]
Reset intertarget to original target.
count=65
Write current position to file:trace_mass_0.5.dat
Distance Mass-Target:16.6796
Still in course.
Far from target. Set high gear.
Distance from Hinder to Mass-Target Line:3.6889
Distance Mass-Hinder:127.2471
Hinder not found. Keep high gear.
Angle > Orthogonal angle, hinder without threat.
Now Position: [89.72, 90.24]
Reset intertarget to original target.
count=66
Write current position to file:trace_mass_0.5.dat
Distance Mass-Target:14.1796
Still in course.
Far from target. Set high gear.
Distance from Hinder to Mass-Target Line:3.6891
Distance Mass-Hinder:129.7461
Hinder not found. Keep high gear.
Angle > Orthogonal angle, hinder without threat.
Now Position: [91.53, 91.96]
Reset intertarget to original target.
count=67
Write current position to file:trace_mass_0.5.dat
Distance Mass-Target:11.6795
Still in course.
Far from target. Set high gear.
Distance from Hinder to Mass-Target Line:3.6894
Distance Mass-Hinder:132.2452
Hinder not found. Keep high gear.
Angle > Orthogonal angle, hinder without threat.
Now Position: [93.34, 93.68]
Reset intertarget to original target.
count=68
Write current position to file:trace_mass_0.5.dat
Distance Mass-Target:9.1795
Still in course.
Far from target. Set high gear.
Distance from Hinder to Mass-Target Line:3.6886
Distance Mass-Hinder:134.7442
Hinder not found. Keep high gear.
Angle > Orthogonal angle, hinder without threat.
Now Position: [95.16, 95.40]
Reset intertarget to original target.
count=69
Write current position to file:trace_mass_0.5.dat
Distance Mass-Target:6.6795
Still in course.
Far from target. Set high gear.
Distance from Hinder to Mass-Target Line:3.6889
Distance Mass-Hinder:137.2433
Hinder not found. Keep high gear.
Angle > Orthogonal angle, hinder without threat.
Now Position: [96.97, 97.12]
Reset intertarget to original target.
count=70
Write current position to file:trace_mass_0.5.dat
Distance Mass-Target:4.1794
Still in course.
Close to target. Set low gear.
Distance from Hinder to Mass-Target Line:3.6895
Distance Mass-Hinder:137.7432
Hinder not found. Keep low gear.
Angle > Orthogonal angle, hinder without threat.
Now Position: [97.33, 97.47]
Reset intertarget to original target.
count=71
Write current position to file:trace_mass_0.5.dat
Distance Mass-Target:3.6794
Still in course.
Close to target. Set low gear.
Distance from Hinder to Mass-Target Line:3.6881
Distance Mass-Hinder:138.2431
Hinder not found. Keep low gear.
Angle > Orthogonal angle, hinder without threat.
Now Position: [97.69, 97.81]
Reset intertarget to original target.
count=72
Write current position to file:trace_mass_0.5.dat
Distance Mass-Target:3.1794
Still in course.
Close to target. Set low gear.
Distance from Hinder to Mass-Target Line:3.6862
Distance Mass-Hinder:138.7429
Hinder not found. Keep low gear.
Angle > Orthogonal angle, hinder without threat.
Now Position: [98.06, 98.16]
Reset intertarget to original target.
count=73
Write current position to file:trace_mass_0.5.dat
Distance Mass-Target:2.6794
Still in course.
Close to target. Set low gear.
Distance from Hinder to Mass-Target Line:3.6873
Distance Mass-Hinder:139.2427
Hinder not found. Keep low gear.
Angle > Orthogonal angle, hinder without threat.
Now Position: [98.42, 98.50]
Reset intertarget to original target.
count=74
Write current position to file:trace_mass_0.5.dat
Distance Mass-Target:2.1794
Still in course.
Close to target. Set low gear.
Distance from Hinder to Mass-Target Line:3.6845
Distance Mass-Hinder:139.7425
Hinder not found. Keep low gear.
Angle > Orthogonal angle, hinder without threat.
Now Position: [98.78, 98.84]
Reset intertarget to original target.
count=75
Write current position to file:trace_mass_0.5.dat
Distance Mass-Target:1.6795
Still in course.
Close to target. Set low gear.
Distance from Hinder to Mass-Target Line:3.6857
Distance Mass-Hinder:140.2423
Hinder not found. Keep low gear.
Angle > Orthogonal angle, hinder without threat.
Now Position: [99.14, 99.19]
Reset intertarget to original target.
count=76
Write current position to file:trace_mass_0.5.dat
Distance Mass-Target:1.1795
Still in course.
Close to target. Set low gear.
Distance from Hinder to Mass-Target Line:3.6880
Distance Mass-Hinder:140.7421
Hinder not found. Keep low gear.
Angle > Orthogonal angle, hinder without threat.
Now Position: [99.51, 99.53]
Reset intertarget to original target.
count=77
Write current position to file:trace_mass_0.5.dat
Distance Mass-Target:0.6795
Still in course.
Close to target. Set low gear.
Distance from Hinder to Mass-Target Line:3.6793
Distance Mass-Hinder:141.2419
Hinder not found. Keep low gear.
Angle > Orthogonal angle, hinder without threat.
Now Position: [99.87, 99.88]
Reset intertarget to original target.
count=78
Write current position to file:trace_mass_0.5.dat
Distance Mass-Target:0.1795
Target reached successfully.
count=79
