Project started ...
Register SyncActionNode CreateMass.
Register SyncActionNode CreateInterTarget.
Register ConditionNode IsOnTarget.
Register ConditionNode IsCloseToTarget.
Register ConditionNode IsThereHinder.
Register SyncActionNode ChangeInterTarget.
Register SyncActionNode ResetInterTarget.
Register SyncActionNode MoveTo.
All Nodes Registered.
Read from stored xml data ...
Tree well created.
Node CreateMass Initialized.
Node CreateInterTarget Initialized.
Node IsOnTarget Initialized.
Node IsCloseToTarget Initialized.
Node IsThereHinder Initialized.
Node ChangeInterTarget Initialized.
Node MoveTo Initialized.
Node ResetInterTarget Initialized.
All Nodes Initialized.
----------------
Sequence
   CreateMass
   CreateInterTarget
   main_control
      IsOnTarget
      ForceFailure
         move_and_set_target
            ForceSuccess
               IsCloseToTarget
            MoveBase
               move_to_intertarget
                  avoid_hinder
                     Inverter
                        IsThereHinder
                     ChangeInterTarget
                  MoveTo
            ResetInterTarget
----------------
BehaviorTree is successfully printed.
Create a mass for moving.
Write current position to file:./trace_mass.dat
Create a target for moving.
Distance Mass-Target:141.4214
Still in course.
Far from target. Set high gear.
Distance from Hinder to Mass-Target Line:1.4142
Distance Mass-Hinder:53.2635
Hinder found. Set mid gear.
Current position in hinder safe range.
safedist - distNowHnder = -51.5862
Add an intertarget [44.30, 35.70] to the current route.
Now Position: [2.34, 1.88]
Reset intertarget to original target.
count=1
Write current position to file:./trace_mass.dat
Distance Mass-Target:138.4389
Still in course.
Far from target. Set high gear.
Distance from Hinder to Mass-Target Line:1.6109
Distance Mass-Hinder:50.6447
Hinder found. Set mid gear.
Current position in hinder safe range.
safedist - distNowHnder = -48.6138
Add an intertarget [44.32, 35.71] to the current route.
Now Position: [4.67, 3.76]
Reset intertarget to original target.
count=2
Write current position to file:./trace_mass.dat
Distance Mass-Target:135.4573
Still in course.
Far from target. Set high gear.
Distance from Hinder to Mass-Target Line:1.8162
Distance Mass-Hinder:47.6794
Hinder found. Set mid gear.
Current position in hinder safe range.
safedist - distNowHnder = -45.6447
Add an intertarget [44.33, 35.72] to the current route.
Now Position: [7.01, 5.65]
Reset intertarget to original target.
count=3
Write current position to file:./trace_mass.dat
Distance Mass-Target:132.4765
Still in course.
Far from target. Set high gear.
Distance from Hinder to Mass-Target Line:2.0306
Distance Mass-Hinder:44.7187
Hinder found. Set mid gear.
Current position in hinder safe range.
safedist - distNowHnder = -42.6794
Add an intertarget [44.34, 35.74] to the current route.
Now Position: [9.34, 7.53]
Reset intertarget to original target.
count=4
Write current position to file:./trace_mass.dat
Distance Mass-Target:129.4965
Still in course.
Far from target. Set high gear.
Distance from Hinder to Mass-Target Line:2.2548
Distance Mass-Hinder:41.7637
Hinder found. Set mid gear.
Current position in hinder safe range.
safedist - distNowHnder = -39.7187
Add an intertarget [44.36, 35.75] to the current route.
Now Position: [11.68, 9.41]
Reset intertarget to original target.
count=5
Write current position to file:./trace_mass.dat
Distance Mass-Target:126.5175
Still in course.
Far from target. Set high gear.
Distance from Hinder to Mass-Target Line:2.4894
Distance Mass-Hinder:38.8154
Hinder found. Set mid gear.
Current position in hinder safe range.
safedist - distNowHnder = -36.7637
Add an intertarget [44.37, 35.76] to the current route.
Now Position: [14.02, 11.29]
Reset intertarget to original target.
count=6
Write current position to file:./trace_mass.dat
Distance Mass-Target:123.5395
Still in course.
Far from target. Set high gear.
Distance from Hinder to Mass-Target Line:2.7352
Distance Mass-Hinder:35.8758
Hinder found. Set mid gear.
Current position in hinder safe range.
safedist - distNowHnder = -33.8154
Add an intertarget [44.39, 35.78] to the current route.
Now Position: [16.35, 13.18]
Reset intertarget to original target.
count=7
Write current position to file:./trace_mass.dat
Distance Mass-Target:120.5625
Still in course.
Far from target. Set high gear.
Distance from Hinder to Mass-Target Line:2.9930
Distance Mass-Hinder:32.9469
Hinder found. Set mid gear.
Current position in hinder safe range.
safedist - distNowHnder = -30.8758
Add an intertarget [44.40, 35.80] to the current route.
Now Position: [18.69, 15.06]
Reset intertarget to original target.
count=8
Write current position to file:./trace_mass.dat
Distance Mass-Target:117.5866
Still in course.
Far from target. Set high gear.
Distance from Hinder to Mass-Target Line:3.2636
Distance Mass-Hinder:30.0320
Hinder found. Set mid gear.
Current position in hinder safe range.
safedist - distNowHnder = -27.9469
Add an intertarget [44.42, 35.81] to the current route.
Now Position: [21.02, 16.94]
Reset intertarget to original target.
count=9
Write current position to file:./trace_mass.dat
Distance Mass-Target:114.6120
Still in course.
Far from target. Set high gear.
Distance from Hinder to Mass-Target Line:3.5481
Distance Mass-Hinder:27.1356
Hinder found. Set mid gear.
Current position in hinder safe range.
safedist - distNowHnder = -25.0320
Add an intertarget [44.44, 35.83] to the current route.
Now Position: [23.36, 18.83]
Reset intertarget to original target.
count=10
Write current position to file:./trace_mass.dat
Distance Mass-Target:111.6387
Still in course.
Far from target. Set high gear.
Distance from Hinder to Mass-Target Line:3.8474
Distance Mass-Hinder:24.2642
Hinder found. Set mid gear.
Current position in hinder safe range.
safedist - distNowHnder = -22.1355
Add an intertarget [44.45, 35.85] to the current route.
Now Position: [25.69, 20.71]
Reset intertarget to original target.
count=11
Write current position to file:./trace_mass.dat
Distance Mass-Target:108.6668
Still in course.
Far from target. Set high gear.
Distance from Hinder to Mass-Target Line:4.1627
Distance Mass-Hinder:21.4280
Hinder found. Set mid gear.
Current position in hinder safe range.
safedist - distNowHnder = -19.2641
Add an intertarget [44.47, 35.87] to the current route.
Now Position: [28.03, 22.60]
Reset intertarget to original target.
count=12
Write current position to file:./trace_mass.dat
Distance Mass-Target:105.6964
Still in course.
Far from target. Set high gear.
Distance from Hinder to Mass-Target Line:4.4953
Distance Mass-Hinder:18.6429
Hinder found. Set mid gear.
Current position in hinder safe range.
safedist - distNowHnder = -16.4278
Add an intertarget [44.49, 35.89] to the current route.
Now Position: [30.36, 24.48]
Reset intertarget to original target.
count=13
Write current position to file:./trace_mass.dat
Distance Mass-Target:102.7277
Still in course.
Far from target. Set high gear.
Distance from Hinder to Mass-Target Line:4.8466
Distance Mass-Hinder:15.9356
Hinder found. Set mid gear.
Current position in hinder safe range.
safedist - distNowHnder = -13.6426
Add an intertarget [44.51, 35.92] to the current route.
Now Position: [32.69, 26.37]
Reset intertarget to original target.
count=14
Write current position to file:./trace_mass.dat
Distance Mass-Target:99.7607
Still in course.
Far from target. Set high gear.
Distance from Hinder to Mass-Target Line:5.2181
Distance Mass-Hinder:13.3536
Hinder found. Set mid gear.
Current position in hinder safe range.
safedist - distNowHnder = -10.9353
Add an intertarget [44.54, 35.94] to the current route.
Now Position: [35.03, 28.25]
Reset intertarget to original target.
count=15
Write current position to file:./trace_mass.dat
Distance Mass-Target:96.7956
Still in course.
Far from target. Set high gear.
Distance from Hinder to Mass-Target Line:5.6114
Distance Mass-Hinder:10.9852
Hinder found. Set mid gear.
Current position in hinder safe range.
safedist - distNowHnder = -8.3531
Add an intertarget [44.56, 35.97] to the current route.
Now Position: [37.36, 30.14]
Reset intertarget to original target.
count=16
Write current position to file:./trace_mass.dat
Distance Mass-Target:93.8326
Still in course.
Far from target. Set high gear.
Distance from Hinder to Mass-Target Line:6.0283
Distance Mass-Hinder:9.0005
Hinder found. Set mid gear.
Current position in hinder safe range.
safedist - distNowHnder = -5.9844
Add an intertarget [44.58, 35.99] to the current route.
Now Position: [39.69, 32.03]
Reset intertarget to original target.
count=17
Write current position to file:./trace_mass.dat
Distance Mass-Target:90.8716
Still in course.
Far from target. Set high gear.
Distance from Hinder to Mass-Target Line:6.4705
Distance Mass-Hinder:7.7010
Hinder found. Set mid gear.
Current position in hinder safe range.
safedist - distNowHnder = -3.9989
Add an intertarget [44.61, 36.02] to the current route.
Now Position: [42.02, 33.92]
Reset intertarget to original target.
count=18
Write current position to file:./trace_mass.dat
Distance Mass-Target:87.9128
Still in course.
Far from target. Set high gear.
Distance from Hinder to Mass-Target Line:6.9394
Distance Mass-Hinder:7.4525
Hinder found. Set mid gear.
Current position in hinder safe range.
safedist - distNowHnder = -2.6981
-0.3921;0.9199;0.0000;0.0000
7.6981;0.7604;5.8533
36.7760;36.5219;0.0000;0.0000
43.7707;39.5031;0.0000;0.0000
Change to second inter-target.
Add an intertarget [43.77, 39.50] to the current route.
Now Position: [42.92, 36.78]
Reset intertarget to original target.
count=19
Write current position to file:./trace_mass.dat
Distance Mass-Target:85.1775
Still in course.
Far from target. Set high gear.
Distance from Hinder to Mass-Target Line:5.7345
Distance Mass-Hinder:5.0022
Hinder found. Set mid gear.
Current position in hinder safe range.
safedist - distNowHnder = -0.7569
Add an intertarget [44.57, 35.97] to the current route.
Now Position: [45.61, 35.46]
Reset intertarget to original target.
count=20
Write current position to file:./trace_mass.dat
Distance Mass-Target:84.3990
Still in course.
Far from target. Set high gear.
Distance from Hinder to Mass-Target Line:8.6240
Distance Mass-Hinder:11.5588
Hinder not found. Keep high gear.
Angle > pi/2, hinder without threat.
Now Position: [48.83, 39.29]
Reset intertarget to original target.
count=21
Write current position to file:./trace_mass.dat
Distance Mass-Target:79.3991
Still in course.
Far from target. Set high gear.
Distance from Hinder to Mass-Target Line:8.6240
Distance Mass-Hinder:13.2249
Hinder not found. Keep high gear.
Angle > pi/2, hinder without threat.
Now Position: [52.06, 43.11]
Reset intertarget to original target.
count=22
Write current position to file:./trace_mass.dat
Distance Mass-Target:74.3990
Still in course.
Far from target. Set high gear.
Distance from Hinder to Mass-Target Line:8.6239
Distance Mass-Hinder:17.3251
Hinder not found. Keep high gear.
Angle > pi/2, hinder without threat.
Now Position: [55.28, 46.93]
Reset intertarget to original target.
count=23
Write current position to file:./trace_mass.dat
Distance Mass-Target:69.3991
Still in course.
Far from target. Set high gear.
Distance from Hinder to Mass-Target Line:8.6240
Distance Mass-Hinder:21.8042
Hinder not found. Keep high gear.
Angle > pi/2, hinder without threat.
Now Position: [58.50, 50.76]
Reset intertarget to original target.
count=24
Write current position to file:./trace_mass.dat
Distance Mass-Target:64.3991
Still in course.
Far from target. Set high gear.
Distance from Hinder to Mass-Target Line:8.6239
Distance Mass-Hinder:26.4704
Hinder not found. Keep high gear.
Angle > pi/2, hinder without threat.
Now Position: [61.72, 54.58]
Reset intertarget to original target.
count=25
Write current position to file:./trace_mass.dat
Distance Mass-Target:59.3991
Still in course.
Far from target. Set high gear.
Distance from Hinder to Mass-Target Line:8.6239
Distance Mass-Hinder:31.2401
Hinder not found. Keep high gear.
Angle > pi/2, hinder without threat.
Now Position: [64.94, 58.40]
Reset intertarget to original target.
count=26
Write current position to file:./trace_mass.dat
Distance Mass-Target:54.3991
Still in course.
Far from target. Set high gear.
Distance from Hinder to Mass-Target Line:8.6240
Distance Mass-Hinder:36.0722
Hinder not found. Keep high gear.
Angle > pi/2, hinder without threat.
Now Position: [68.17, 62.23]
Reset intertarget to original target.
count=27
Write current position to file:./trace_mass.dat
Distance Mass-Target:49.3991
Still in course.
Far from target. Set high gear.
Distance from Hinder to Mass-Target Line:8.6239
Distance Mass-Hinder:40.9447
Hinder not found. Keep high gear.
Angle > pi/2, hinder without threat.
Now Position: [71.39, 66.05]
Reset intertarget to original target.
count=28
Write current position to file:./trace_mass.dat
Distance Mass-Target:44.3992
Still in course.
Far from target. Set high gear.
Distance from Hinder to Mass-Target Line:8.6240
Distance Mass-Hinder:45.8446
Hinder not found. Keep high gear.
Angle > pi/2, hinder without threat.
Now Position: [74.61, 69.87]
Reset intertarget to original target.
count=29
Write current position to file:./trace_mass.dat
Distance Mass-Target:39.3992
Still in course.
Far from target. Set high gear.
Distance from Hinder to Mass-Target Line:8.6240
Distance Mass-Hinder:50.7640
Hinder not found. Keep high gear.
Angle > pi/2, hinder without threat.
Now Position: [77.83, 73.70]
Reset intertarget to original target.
count=30
Write current position to file:./trace_mass.dat
Distance Mass-Target:34.3992
Still in course.
Far from target. Set high gear.
Distance from Hinder to Mass-Target Line:8.6239
Distance Mass-Hinder:55.6978
Hinder not found. Keep high gear.
Angle > pi/2, hinder without threat.
Now Position: [81.05, 77.52]
Reset intertarget to original target.
count=31
Write current position to file:./trace_mass.dat
Distance Mass-Target:29.3992
Still in course.
Far from target. Set high gear.
Distance from Hinder to Mass-Target Line:8.6240
Distance Mass-Hinder:60.6424
Hinder not found. Keep high gear.
Angle > pi/2, hinder without threat.
Now Position: [84.28, 81.34]
Reset intertarget to original target.
count=32
Write current position to file:./trace_mass.dat
Distance Mass-Target:24.3992
Still in course.
Far from target. Set high gear.
Distance from Hinder to Mass-Target Line:8.6238
Distance Mass-Hinder:65.5955
Hinder not found. Keep high gear.
Angle > pi/2, hinder without threat.
Now Position: [87.50, 85.17]
Reset intertarget to original target.
count=33
Write current position to file:./trace_mass.dat
Distance Mass-Target:19.3992
Still in course.
Far from target. Set high gear.
Distance from Hinder to Mass-Target Line:8.6239
Distance Mass-Hinder:70.5551
Hinder not found. Keep high gear.
Angle > pi/2, hinder without threat.
Now Position: [90.72, 88.99]
Reset intertarget to original target.
count=34
Write current position to file:./trace_mass.dat
Distance Mass-Target:14.3993
Still in course.
Far from target. Set high gear.
Distance from Hinder to Mass-Target Line:8.6240
Distance Mass-Hinder:75.5200
Hinder not found. Keep high gear.
Angle > pi/2, hinder without threat.
Now Position: [93.94, 92.81]
Reset intertarget to original target.
count=35
Write current position to file:./trace_mass.dat
Distance Mass-Target:9.3992
Still in course.
Far from target. Set high gear.
Distance from Hinder to Mass-Target Line:8.6237
Distance Mass-Hinder:80.4894
Hinder not found. Keep high gear.
Angle > pi/2, hinder without threat.
Now Position: [97.17, 96.64]
Reset intertarget to original target.
count=36
Write current position to file:./trace_mass.dat
Distance Mass-Target:4.3993
Still in course.
Close to target. Set low gear.
Distance from Hinder to Mass-Target Line:8.6239
Distance Mass-Hinder:85.4622
Hinder not found. Keep low gear.
Angle > pi/2, hinder without threat.
Now Position: [97.81, 97.40]
Reset intertarget to original target.
count=37
Write current position to file:./trace_mass.dat
Distance Mass-Target:3.3993
Still in course.
Close to target. Set low gear.
Distance from Hinder to Mass-Target Line:8.6230
Distance Mass-Hinder:82.4781
Hinder not found. Keep low gear.
Angle > pi/2, hinder without threat.
Now Position: [98.45, 98.17]
Reset intertarget to original target.
count=38
Write current position to file:./trace_mass.dat
Distance Mass-Target:2.3993
Still in course.
Close to target. Set low gear.
Distance from Hinder to Mass-Target Line:8.6213
Distance Mass-Hinder:83.4727
Hinder not found. Keep low gear.
Angle > pi/2, hinder without threat.
Now Position: [99.10, 98.93]
Reset intertarget to original target.
count=39
Write current position to file:./trace_mass.dat
Distance Mass-Target:1.3993
Still in course.
Close to target. Set low gear.
Distance from Hinder to Mass-Target Line:8.6211
Distance Mass-Hinder:84.4673
Hinder not found. Keep low gear.
Angle > pi/2, hinder without threat.
Now Position: [99.74, 99.69]
Reset intertarget to original target.
count=40
Write current position to file:./trace_mass.dat
Distance Mass-Target:0.3994
Target reached successfully.
count=41
