Project started ...
Register SyncActionNode CreateMass.
Register SyncActionNode CreateInterTarget.
Register ConditionNode IsOnTarget.
Register ConditionNode IsCloseToTarget.
Register ConditionNode IsThereHinder.
Register SyncActionNode ChangeInterTarget.
Register SyncActionNode ResetInterTarget.
Register SyncActionNode MoveTo.
All Nodes Registered.
Read from stored xml data ...
Tree well created.
Node CreateMass Initialized.
Node CreateInterTarget Initialized.
Node IsOnTarget Initialized.
Node IsCloseToTarget Initialized.
Node IsThereHinder Initialized.
Node ChangeInterTarget Initialized.
Node MoveTo Initialized.
Node ResetInterTarget Initialized.
All Nodes Initialized.
----------------
Sequence
   CreateMass
   CreateInterTarget
   main_control
      IsOnTarget
      ForceFailure
         move_and_set_target
            ForceSuccess
               IsCloseToTarget
            MoveBase
               move_to_intertarget
                  avoid_hinder
                     Inverter
                        IsThereHinder
                     ChangeInterTarget
                  MoveTo
            ResetInterTarget
----------------
BehaviorTree is successfully printed.
Create a mass for moving.
Write current position to file:./trace_mass.dat
Create a target for moving.
Distance Mass-Target:141.4214
Still in course.
Far from target. Set high gear.
Hinder { 39.0000;41.0000;0.0000;0.0000 } score: 0.2793
Hinder { 61.0000;61.0000;0.0000;0.0000 } score: 0.4242
Hinder { 80.0000;75.0000;0.0000;0.0000 } score: 0.5457
Distance from Hinder to Mass-Target Line:1.4142
Distance Mass-Hinder:54.0700
Hinder not found. Keep high gear.
Predicted position not in hinder safe range.
Now Position: [2.65, 2.65]
Reset intertarget to original target.
count=1
Write current position to file:./trace_mass.dat
Distance Mass-Target:137.6714
Still in course.
Far from target. Set high gear.
Hinder { 39.0000;41.0000;0.0000;0.0000 } score: 0.2598
Hinder { 61.0000;61.0000;0.0000;0.0000 } score: 0.4117
Hinder { 80.0000;75.0000;0.0000;0.0000 } score: 0.5419
Distance from Hinder to Mass-Target Line:1.4142
Distance Mass-Hinder:49.0889
Hinder not found. Keep high gear.
Predicted position not in hinder safe range.
Now Position: [5.30, 5.30]
Reset intertarget to original target.
count=2
Write current position to file:./trace_mass.dat
Distance Mass-Target:133.9214
Still in course.
Far from target. Set high gear.
Hinder { 39.0000;41.0000;0.0000;0.0000 } score: 0.2471
Hinder { 61.0000;61.0000;0.0000;0.0000 } score: 0.4034
Hinder { 80.0000;75.0000;0.0000;0.0000 } score: 0.5374
Distance from Hinder to Mass-Target Line:1.4142
Distance Mass-Hinder:45.3406
Hinder not found. Keep high gear.
Predicted position not in hinder safe range.
Now Position: [7.95, 7.95]
Reset intertarget to original target.
count=3
Write current position to file:./trace_mass.dat
Distance Mass-Target:130.1714
Still in course.
Far from target. Set high gear.
Hinder { 39.0000;41.0000;0.0000;0.0000 } score: 0.2337
Hinder { 61.0000;61.0000;0.0000;0.0000 } score: 0.3946
Hinder { 80.0000;75.0000;0.0000;0.0000 } score: 0.5326
Distance from Hinder to Mass-Target Line:1.4142
Distance Mass-Hinder:41.5926
Hinder not found. Keep high gear.
Predicted position not in hinder safe range.
Now Position: [10.61, 10.61]
Reset intertarget to original target.
count=4
Write current position to file:./trace_mass.dat
Distance Mass-Target:126.4214
Still in course.
Far from target. Set high gear.
Hinder { 39.0000;41.0000;0.0000;0.0000 } score: 0.2194
Hinder { 61.0000;61.0000;0.0000;0.0000 } score: 0.3853
Hinder { 80.0000;75.0000;0.0000;0.0000 } score: 0.5275
Distance from Hinder to Mass-Target Line:1.4142
Distance Mass-Hinder:37.8450
Hinder not found. Keep high gear.
Predicted position not in hinder safe range.
Now Position: [13.26, 13.26]
Reset intertarget to original target.
count=5
Write current position to file:./trace_mass.dat
Distance Mass-Target:122.6713
Still in course.
Far from target. Set high gear.
Hinder { 39.0000;41.0000;0.0000;0.0000 } score: 0.2043
Hinder { 61.0000;61.0000;0.0000;0.0000 } score: 0.3753
Hinder { 80.0000;75.0000;0.0000;0.0000 } score: 0.5220
Distance from Hinder to Mass-Target Line:1.4142
Distance Mass-Hinder:34.0978
Hinder not found. Keep high gear.
Predicted position not in hinder safe range.
Now Position: [15.91, 15.91]
Reset intertarget to original target.
count=6
Write current position to file:./trace_mass.dat
Distance Mass-Target:118.9212
Still in course.
Far from target. Set high gear.
Hinder { 39.0000;41.0000;0.0000;0.0000 } score: 0.1882
Hinder { 61.0000;61.0000;0.0000;0.0000 } score: 0.3648
Hinder { 80.0000;75.0000;0.0000;0.0000 } score: 0.5163
Distance from Hinder to Mass-Target Line:1.4142
Distance Mass-Hinder:30.3514
Hinder not found. Keep high gear.
Predicted position not in hinder safe range.
Now Position: [18.56, 18.56]
Reset intertarget to original target.
count=7
Write current position to file:./trace_mass.dat
Distance Mass-Target:115.1711
Still in course.
Far from target. Set high gear.
Hinder { 39.0000;41.0000;0.0000;0.0000 } score: 0.1710
Hinder { 61.0000;61.0000;0.0000;0.0000 } score: 0.3535
Hinder { 80.0000;75.0000;0.0000;0.0000 } score: 0.5101
Distance from Hinder to Mass-Target Line:1.4142
Distance Mass-Hinder:26.6059
Hinder not found. Keep high gear.
Predicted position not in hinder safe range.
Now Position: [21.21, 21.21]
Reset intertarget to original target.
count=8
Write current position to file:./trace_mass.dat
Distance Mass-Target:111.4211
Still in course.
Far from target. Set high gear.
Hinder { 39.0000;41.0000;0.0000;0.0000 } score: 0.1526
Hinder { 61.0000;61.0000;0.0000;0.0000 } score: 0.3414
Hinder { 80.0000;75.0000;0.0000;0.0000 } score: 0.5035
Distance from Hinder to Mass-Target Line:1.4142
Distance Mass-Hinder:22.8620
Hinder not found. Keep high gear.
Predicted position not in hinder safe range.
Now Position: [23.87, 23.87]
Reset intertarget to original target.
count=9
Write current position to file:./trace_mass.dat
Distance Mass-Target:107.6710
Still in course.
Far from target. Set high gear.
Hinder { 39.0000;41.0000;0.0000;0.0000 } score: 0.1329
Hinder { 61.0000;61.0000;0.0000;0.0000 } score: 0.3285
Hinder { 80.0000;75.0000;0.0000;0.0000 } score: 0.4965
Distance from Hinder to Mass-Target Line:1.4142
Distance Mass-Hinder:19.1206
Hinder not found. Keep high gear.
Predicted position not in hinder safe range.
Now Position: [26.52, 26.52]
Reset intertarget to original target.
count=10
Write current position to file:./trace_mass.dat
Distance Mass-Target:103.9209
Still in course.
Far from target. Set high gear.
Hinder { 39.0000;41.0000;0.0000;0.0000 } score: 0.1117
Hinder { 61.0000;61.0000;0.0000;0.0000 } score: 0.3146
Hinder { 80.0000;75.0000;0.0000;0.0000 } score: 0.4889
Distance from Hinder to Mass-Target Line:1.4142
Distance Mass-Hinder:15.3833
Hinder not found. Keep high gear.
Predicted position not in hinder safe range.
Now Position: [29.17, 29.17]
Reset intertarget to original target.
count=11
Write current position to file:./trace_mass.dat
Distance Mass-Target:100.1709
Still in course.
Far from target. Set high gear.
Hinder { 39.0000;41.0000;0.0000;0.0000 } score: 0.0890
Hinder { 61.0000;61.0000;0.0000;0.0000 } score: 0.2996
Hinder { 80.0000;75.0000;0.0000;0.0000 } score: 0.4807
Distance from Hinder to Mass-Target Line:1.4142
Distance Mass-Hinder:11.6542
Hinder not found. Keep high gear.
Predicted position not in hinder safe range.
Now Position: [31.82, 31.82]
Reset intertarget to original target.
count=12
Write current position to file:./trace_mass.dat
Distance Mass-Target:96.4208
Still in course.
Far from target. Set high gear.
Hinder { 39.0000;41.0000;0.0000;0.0000 } score: 0.0646
Hinder { 61.0000;61.0000;0.0000;0.0000 } score: 0.2834
Hinder { 80.0000;75.0000;0.0000;0.0000 } score: 0.4719
Distance from Hinder to Mass-Target Line:1.4142
Distance Mass-Hinder:7.9449
Hinder not found. Keep high gear.
Predicted position not in hinder safe range.
Now Position: [34.47, 34.47]
Reset intertarget to original target.
count=13
Write current position to file:./trace_mass.dat
Distance Mass-Target:92.6707
Still in course.
Far from target. Set high gear.
Hinder { 39.0000;41.0000;0.0000;0.0000 } score: 0.0387
Hinder { 61.0000;61.0000;0.0000;0.0000 } score: 0.2658
Hinder { 80.0000;75.0000;0.0000;0.0000 } score: 0.4623
Distance from Hinder to Mass-Target Line:1.4142
Distance Mass-Hinder:4.3067
Hinder found. Set mid gear.
Current position in hinder safe range.
safedist - distNowHnder = -2.9448
Change to second inter-target.
Add an intertarget [40.40, 36.20] to the current route.
Now Position: [36.63, 35.10]
Reset intertarget to original target.
count=14
Write current position to file:./trace_mass.dat
Distance Mass-Target:90.7045
Still in course.
Far from target. Set high gear.
Hinder { 39.0000;41.0000;0.0000;0.0000 } score: 0.0545
Hinder { 61.0000;61.0000;0.0000;0.0000 } score: 0.2654
Hinder { 80.0000;75.0000;0.0000;0.0000 } score: 0.4535
Distance from Hinder to Mass-Target Line:2.4265
Distance Mass-Hinder:5.0030
Hinder not found. Keep high gear.
Predicted position not in hinder safe range.
Now Position: [39.25, 37.78]
Reset intertarget to original target.
count=15
Write current position to file:./trace_mass.dat
Distance Mass-Target:86.9545
Still in course.
Far from target. Set high gear.
Hinder { 61.0000;61.0000;0.0000;0.0000 } score: 0.2385
Hinder { 80.0000;75.0000;0.0000;0.0000 } score: 0.4442
Distance from Hinder to Mass-Target Line:0.6580
Distance Mass-Hinder:28.0618
Hinder not found. Keep high gear.
Predicted position not in hinder safe range.
Now Position: [41.87, 40.47]
Reset intertarget to original target.
count=16
Write current position to file:./trace_mass.dat
Distance Mass-Target:83.2045
Still in course.
Far from target. Set high gear.
Hinder { 61.0000;61.0000;0.0000;0.0000 } score: 0.2167
Hinder { 80.0000;75.0000;0.0000;0.0000 } score: 0.4321
Distance from Hinder to Mass-Target Line:0.6580
Distance Mass-Hinder:24.3130
Hinder not found. Keep high gear.
Predicted position not in hinder safe range.
Now Position: [44.49, 43.15]
Reset intertarget to original target.
count=17
Write current position to file:./trace_mass.dat
Distance Mass-Target:79.4545
Still in course.
Far from target. Set high gear.
Hinder { 61.0000;61.0000;0.0000;0.0000 } score: 0.1928
Hinder { 80.0000;75.0000;0.0000;0.0000 } score: 0.4190
Distance from Hinder to Mass-Target Line:0.6580
Distance Mass-Hinder:20.5647
Hinder not found. Keep high gear.
Predicted position not in hinder safe range.
Now Position: [47.11, 45.83]
Reset intertarget to original target.
count=18
Write current position to file:./trace_mass.dat
Distance Mass-Target:75.7046
Still in course.
Far from target. Set high gear.
Hinder { 61.0000;61.0000;0.0000;0.0000 } score: 0.1663
Hinder { 80.0000;75.0000;0.0000;0.0000 } score: 0.4044
Distance from Hinder to Mass-Target Line:0.6580
Distance Mass-Hinder:16.8170
Hinder not found. Keep high gear.
Predicted position not in hinder safe range.
Now Position: [49.73, 48.52]
Reset intertarget to original target.
count=19
Write current position to file:./trace_mass.dat
Distance Mass-Target:71.9546
Still in course.
Far from target. Set high gear.
Hinder { 61.0000;61.0000;0.0000;0.0000 } score: 0.1370
Hinder { 80.0000;75.0000;0.0000;0.0000 } score: 0.3883
Distance from Hinder to Mass-Target Line:0.6579
Distance Mass-Hinder:13.0707
Hinder not found. Keep high gear.
Predicted position not in hinder safe range.
Now Position: [52.35, 51.20]
Reset intertarget to original target.
count=20
Write current position to file:./trace_mass.dat
Distance Mass-Target:68.2046
Still in course.
Far from target. Set high gear.
Hinder { 61.0000;61.0000;0.0000;0.0000 } score: 0.1044
Hinder { 80.0000;75.0000;0.0000;0.0000 } score: 0.3703
Distance from Hinder to Mass-Target Line:0.6579
Distance Mass-Hinder:9.3274
Hinder not found. Keep high gear.
Predicted position not in hinder safe range.
Now Position: [54.97, 53.88]
Reset intertarget to original target.
count=21
Write current position to file:./trace_mass.dat
Distance Mass-Target:64.4546
Still in course.
Far from target. Set high gear.
Hinder { 61.0000;61.0000;0.0000;0.0000 } score: 0.0677
Hinder { 80.0000;75.0000;0.0000;0.0000 } score: 0.3502
Distance from Hinder to Mass-Target Line:0.6579
Distance Mass-Hinder:5.5930
Hinder not found. Keep high gear.
Predicted position not in hinder safe range.
Now Position: [57.59, 56.57]
Reset intertarget to original target.
count=22
Write current position to file:./trace_mass.dat
Distance Mass-Target:60.7046
Still in course.
Far from target. Set high gear.
Hinder { 61.0000;61.0000;0.0000;0.0000 } score: 0.0271
Hinder { 80.0000;75.0000;0.0000;0.0000 } score: 0.3275
Distance from Hinder to Mass-Target Line:0.6579
Distance Mass-Hinder:1.9204
Hinder found. Set mid gear.
Current position in hinder safe range.
safedist - distNowHnder = -0.5930
Change to second inter-target.
Add an intertarget [60.05, 56.09] to the current route.
Now Position: [59.80, 56.14]
Reset intertarget to original target.
count=23
Write current position to file:./trace_mass.dat
Distance Mass-Target:59.4964
Still in course.
Far from target. Set high gear.
Hinder { 61.0000;61.0000;0.0000;0.0000 } score: 0.1025
Hinder { 80.0000;75.0000;0.0000;0.0000 } score: 0.3131
Distance from Hinder to Mass-Target Line:2.3991
Distance Mass-Hinder:6.0996
Hinder not found. Keep high gear.
Predicted position not in hinder safe range.
Now Position: [62.33, 58.90]
Reset intertarget to original target.
count=24
Write current position to file:./trace_mass.dat
Distance Mass-Target:55.7464
Still in course.
Far from target. Set high gear.
Hinder { 80.0000;75.0000;0.0000;0.0000 } score: 0.2839
Distance from Hinder to Mass-Target Line:2.1481
Distance Mass-Hinder:20.1676
Hinder not found. Keep high gear.
Predicted position not in hinder safe range.
Now Position: [64.87, 61.67]
Reset intertarget to original target.
count=25
Write current position to file:./trace_mass.dat
Distance Mass-Target:51.9964
Still in course.
Far from target. Set high gear.
Hinder { 80.0000;75.0000;0.0000;0.0000 } score: 0.2519
Distance from Hinder to Mass-Target Line:2.1481
Distance Mass-Hinder:16.4438
Hinder not found. Keep high gear.
Predicted position not in hinder safe range.
Now Position: [67.40, 64.43]
Reset intertarget to original target.
count=26
Write current position to file:./trace_mass.dat
Distance Mass-Target:48.2464
Still in course.
Far from target. Set high gear.
Hinder { 80.0000;75.0000;0.0000;0.0000 } score: 0.2148
Distance from Hinder to Mass-Target Line:2.1481
Distance Mass-Hinder:12.7354
Hinder not found. Keep high gear.
Predicted position not in hinder safe range.
Now Position: [69.93, 67.20]
Reset intertarget to original target.
count=27
Write current position to file:./trace_mass.dat
Distance Mass-Target:44.4964
Still in course.
Far from target. Set high gear.
Hinder { 80.0000;75.0000;0.0000;0.0000 } score: 0.1715
Distance from Hinder to Mass-Target Line:2.1481
Distance Mass-Hinder:9.0612
Hinder not found. Keep high gear.
Predicted position not in hinder safe range.
Now Position: [72.47, 69.96]
Reset intertarget to original target.
count=28
Write current position to file:./trace_mass.dat
Distance Mass-Target:40.7463
Still in course.
Far from target. Set high gear.
Hinder { 80.0000;75.0000;0.0000;0.0000 } score: 0.1213
Distance from Hinder to Mass-Target Line:2.1481
Distance Mass-Hinder:5.4905
Hinder not found. Keep high gear.
Predicted position not in hinder safe range.
Now Position: [75.00, 72.73]
Reset intertarget to original target.
count=29
Write current position to file:./trace_mass.dat
Distance Mass-Target:36.9963
Still in course.
Far from target. Set high gear.
Hinder { 80.0000;75.0000;0.0000;0.0000 } score: 0.0723
Distance from Hinder to Mass-Target Line:2.1481
Distance Mass-Hinder:2.5123
Hinder found. Set mid gear.
Current position in hinder safe range.
safedist - distNowHnder = -0.4905
Change to second inter-target.
Add an intertarget [75.00, 74.99] to the current route.
Now Position: [75.00, 74.98]
Reset intertarget to original target.
count=30
Write current position to file:./trace_mass.dat
Distance Mass-Target:35.3720
Still in course.
Far from target. Set high gear.
Hinder { 80.0000;75.0000;0.0000;0.0000 } score: 0.1886
Distance from Hinder to Mass-Target Line:3.5206
Distance Mass-Hinder:6.2390
Hinder not found. Keep high gear.
Predicted position not in hinder safe range.
Now Position: [77.65, 77.63]
Reset intertarget to original target.
count=31
Write current position to file:./trace_mass.dat
Distance Mass-Target:31.6220
Still in course.
Far from target. Set high gear.
Distance from Hinder to Mass-Target Line:0.0664
Distance Mass-Hinder:113.5494
Hinder not found. Keep high gear.
Angle > pi/2, hinder without threat.
Now Position: [80.30, 80.28]
Reset intertarget to original target.
count=32
Write current position to file:./trace_mass.dat
Distance Mass-Target:27.8720
Still in course.
Far from target. Set high gear.
Distance from Hinder to Mass-Target Line:0.0664
Distance Mass-Hinder:117.2994
Hinder not found. Keep high gear.
Angle > pi/2, hinder without threat.
Now Position: [82.95, 82.94]
Reset intertarget to original target.
count=33
Write current position to file:./trace_mass.dat
Distance Mass-Target:24.1220
Still in course.
Far from target. Set high gear.
Distance from Hinder to Mass-Target Line:0.0663
Distance Mass-Hinder:121.0494
Hinder not found. Keep high gear.
Angle > pi/2, hinder without threat.
Now Position: [85.60, 85.59]
Reset intertarget to original target.
count=34
Write current position to file:./trace_mass.dat
Distance Mass-Target:20.3720
Still in course.
Far from target. Set high gear.
Distance from Hinder to Mass-Target Line:0.0663
Distance Mass-Hinder:124.7994
Hinder not found. Keep high gear.
Angle > pi/2, hinder without threat.
Now Position: [88.25, 88.24]
Reset intertarget to original target.
count=35
Write current position to file:./trace_mass.dat
Distance Mass-Target:16.6220
Still in course.
Far from target. Set high gear.
Distance from Hinder to Mass-Target Line:0.0662
Distance Mass-Hinder:128.5494
Hinder not found. Keep high gear.
Angle > pi/2, hinder without threat.
Now Position: [90.90, 90.89]
Reset intertarget to original target.
count=36
Write current position to file:./trace_mass.dat
Distance Mass-Target:12.8720
Still in course.
Far from target. Set high gear.
Distance from Hinder to Mass-Target Line:0.0660
Distance Mass-Hinder:132.2994
Hinder not found. Keep high gear.
Angle > pi/2, hinder without threat.
Now Position: [93.55, 93.55]
Reset intertarget to original target.
count=37
Write current position to file:./trace_mass.dat
Distance Mass-Target:9.1220
Still in course.
Far from target. Set high gear.
Distance from Hinder to Mass-Target Line:0.0658
Distance Mass-Hinder:136.0494
Hinder not found. Keep high gear.
Angle > pi/2, hinder without threat.
Now Position: [96.20, 96.20]
Reset intertarget to original target.
count=38
Write current position to file:./trace_mass.dat
Distance Mass-Target:5.3720
Still in course.
Far from target. Set high gear.
Distance from Hinder to Mass-Target Line:0.0652
Distance Mass-Hinder:139.7994
Hinder not found. Keep high gear.
Angle > pi/2, hinder without threat.
Now Position: [98.85, 98.85]
Reset intertarget to original target.
count=39
Write current position to file:./trace_mass.dat
Distance Mass-Target:1.6220
Still in course.
Close to target. Set low gear.
Distance from Hinder to Mass-Target Line:0.0617
Distance Mass-Hinder:140.5494
Hinder not found. Keep low gear.
Angle > pi/2, hinder without threat.
Now Position: [99.38, 99.38]
Reset intertarget to original target.
count=40
Write current position to file:./trace_mass.dat
Distance Mass-Target:0.8719
Still in course.
Close to target. Set low gear.
Distance from Hinder to Mass-Target Line:0.0573
Distance Mass-Hinder:141.2994
Hinder not found. Keep low gear.
Angle > pi/2, hinder without threat.
Now Position: [99.91, 99.91]
Reset intertarget to original target.
count=41
Write current position to file:./trace_mass.dat
Distance Mass-Target:0.1220
Target reached successfully.
count=42
