Project started ...
Register SyncActionNode CreateMass.
Register SyncActionNode CreateInterTarget.
Register ConditionNode IsOnTarget.
Register ConditionNode IsCloseToTarget.
Register ConditionNode IsThereHinder.
Register SyncActionNode ChangeInterTarget.
Register SyncActionNode ResetInterTarget.
Register SyncActionNode MoveTo.
All Nodes Registered.
Read from stored xml data ...
Tree well created.
Node CreateMass Initialized.
Node CreateInterTarget Initialized.
Node IsOnTarget Initialized.
Node IsCloseToTarget Initialized.
Node IsThereHinder Initialized.
Node ChangeInterTarget Initialized.
Node MoveTo Initialized.
Node ResetInterTarget Initialized.
All Nodes Initialized.
----------------
Sequence
   CreateMass
   CreateInterTarget
   main_control
      IsOnTarget
      ForceFailure
         move_and_set_target
            ForceSuccess
               IsCloseToTarget
            MoveBase
               move_to_intertarget
                  avoid_hinder
                     Inverter
                        IsThereHinder
                     ChangeInterTarget
                  MoveTo
            ResetInterTarget
----------------
BehaviorTree is successfully printed.
Create a mass for moving.
Write current position to file:./trace_mass.dat
Create a target for moving.
Distance Mass-Target:141.4214
Still in course.
Far from target. Set high gear.
39.0000;41.0000;0.0000;0.0000 score: 0.2805
61.0000;61.0000;0.0000;0.0000 score: 0.4251
80.0000;75.0000;0.0000;0.0000 score: 0.5473
Distance from Hinder to Mass-Target Line:1.4142
Distance Mass-Hinder:54.8931
Hinder not found. Keep high gear.
Predicted position not in hinder safe range.
Now Position: [1.77, 1.77]
Reset intertarget to original target.
count=1
Write current position to file:./trace_mass.dat
Distance Mass-Target:138.9214
Still in course.
Far from target. Set high gear.
39.0000;41.0000;0.0000;0.0000 score: 0.2678
61.0000;61.0000;0.0000;0.0000 score: 0.4170
80.0000;75.0000;0.0000;0.0000 score: 0.5448
Distance from Hinder to Mass-Target Line:1.4142
Distance Mass-Hinder:51.5879
Hinder not found. Keep high gear.
Predicted position not in hinder safe range.
Now Position: [3.54, 3.54]
Reset intertarget to original target.
count=2
Write current position to file:./trace_mass.dat
Distance Mass-Target:136.4213
Still in course.
Far from target. Set high gear.
39.0000;41.0000;0.0000;0.0000 score: 0.2598
61.0000;61.0000;0.0000;0.0000 score: 0.4117
80.0000;75.0000;0.0000;0.0000 score: 0.5419
Distance from Hinder to Mass-Target Line:1.4142
Distance Mass-Hinder:49.0889
Hinder not found. Keep high gear.
Predicted position not in hinder safe range.
Now Position: [5.30, 5.30]
Reset intertarget to original target.
count=3
Write current position to file:./trace_mass.dat
Distance Mass-Target:133.9213
Still in course.
Far from target. Set high gear.
39.0000;41.0000;0.0000;0.0000 score: 0.2514
61.0000;61.0000;0.0000;0.0000 score: 0.4062
80.0000;75.0000;0.0000;0.0000 score: 0.5389
Distance from Hinder to Mass-Target Line:1.4142
Distance Mass-Hinder:46.5900
Hinder not found. Keep high gear.
Predicted position not in hinder safe range.
Now Position: [7.07, 7.07]
Reset intertarget to original target.
count=4
Write current position to file:./trace_mass.dat
Distance Mass-Target:131.4213
Still in course.
Far from target. Set high gear.
39.0000;41.0000;0.0000;0.0000 score: 0.2427
61.0000;61.0000;0.0000;0.0000 score: 0.4005
80.0000;75.0000;0.0000;0.0000 score: 0.5358
Distance from Hinder to Mass-Target Line:1.4142
Distance Mass-Hinder:44.0912
Hinder not found. Keep high gear.
Predicted position not in hinder safe range.
Now Position: [8.84, 8.84]
Reset intertarget to original target.
count=5
Write current position to file:./trace_mass.dat
Distance Mass-Target:128.9213
Still in course.
Far from target. Set high gear.
39.0000;41.0000;0.0000;0.0000 score: 0.2337
61.0000;61.0000;0.0000;0.0000 score: 0.3946
80.0000;75.0000;0.0000;0.0000 score: 0.5326
Distance from Hinder to Mass-Target Line:1.4142
Distance Mass-Hinder:41.5926
Hinder not found. Keep high gear.
Predicted position not in hinder safe range.
Now Position: [10.61, 10.61]
Reset intertarget to original target.
count=6
Write current position to file:./trace_mass.dat
Distance Mass-Target:126.4214
Still in course.
Far from target. Set high gear.
39.0000;41.0000;0.0000;0.0000 score: 0.2243
61.0000;61.0000;0.0000;0.0000 score: 0.3884
80.0000;75.0000;0.0000;0.0000 score: 0.5292
Distance from Hinder to Mass-Target Line:1.4142
Distance Mass-Hinder:39.0941
Hinder not found. Keep high gear.
Predicted position not in hinder safe range.
Now Position: [12.37, 12.37]
Reset intertarget to original target.
count=7
Write current position to file:./trace_mass.dat
Distance Mass-Target:123.9213
Still in course.
Far from target. Set high gear.
39.0000;41.0000;0.0000;0.0000 score: 0.2145
61.0000;61.0000;0.0000;0.0000 score: 0.3820
80.0000;75.0000;0.0000;0.0000 score: 0.5257
Distance from Hinder to Mass-Target Line:1.4142
Distance Mass-Hinder:36.5958
Hinder not found. Keep high gear.
Predicted position not in hinder safe range.
Now Position: [14.14, 14.14]
Reset intertarget to original target.
count=8
Write current position to file:./trace_mass.dat
Distance Mass-Target:121.4213
Still in course.
Far from target. Set high gear.
39.0000;41.0000;0.0000;0.0000 score: 0.2043
61.0000;61.0000;0.0000;0.0000 score: 0.3753
80.0000;75.0000;0.0000;0.0000 score: 0.5220
Distance from Hinder to Mass-Target Line:1.4142
Distance Mass-Hinder:34.0978
Hinder not found. Keep high gear.
Predicted position not in hinder safe range.
Now Position: [15.91, 15.91]
Reset intertarget to original target.
count=9
Write current position to file:./trace_mass.dat
Distance Mass-Target:118.9212
Still in course.
Far from target. Set high gear.
39.0000;41.0000;0.0000;0.0000 score: 0.1936
61.0000;61.0000;0.0000;0.0000 score: 0.3684
80.0000;75.0000;0.0000;0.0000 score: 0.5182
Distance from Hinder to Mass-Target Line:1.4142
Distance Mass-Hinder:31.6001
Hinder not found. Keep high gear.
Predicted position not in hinder safe range.
Now Position: [17.68, 17.68]
Reset intertarget to original target.
count=10
Write current position to file:./trace_mass.dat
Distance Mass-Target:116.4212
Still in course.
Far from target. Set high gear.
39.0000;41.0000;0.0000;0.0000 score: 0.1825
61.0000;61.0000;0.0000;0.0000 score: 0.3611
80.0000;75.0000;0.0000;0.0000 score: 0.5143
Distance from Hinder to Mass-Target Line:1.4142
Distance Mass-Hinder:29.1027
Hinder not found. Keep high gear.
Predicted position not in hinder safe range.
Now Position: [19.45, 19.45]
Reset intertarget to original target.
count=11
Write current position to file:./trace_mass.dat
Distance Mass-Target:113.9211
Still in course.
Far from target. Set high gear.
39.0000;41.0000;0.0000;0.0000 score: 0.1710
61.0000;61.0000;0.0000;0.0000 score: 0.3535
80.0000;75.0000;0.0000;0.0000 score: 0.5101
Distance from Hinder to Mass-Target Line:1.4142
Distance Mass-Hinder:26.6059
Hinder not found. Keep high gear.
Predicted position not in hinder safe range.
Now Position: [21.21, 21.21]
Reset intertarget to original target.
count=12
Write current position to file:./trace_mass.dat
Distance Mass-Target:111.4211
Still in course.
Far from target. Set high gear.
39.0000;41.0000;0.0000;0.0000 score: 0.1588
61.0000;61.0000;0.0000;0.0000 score: 0.3455
80.0000;75.0000;0.0000;0.0000 score: 0.5058
Distance from Hinder to Mass-Target Line:1.4142
Distance Mass-Hinder:24.1098
Hinder not found. Keep high gear.
Predicted position not in hinder safe range.
Now Position: [22.98, 22.98]
Reset intertarget to original target.
count=13
Write current position to file:./trace_mass.dat
Distance Mass-Target:108.9210
Still in course.
Far from target. Set high gear.
39.0000;41.0000;0.0000;0.0000 score: 0.1462
61.0000;61.0000;0.0000;0.0000 score: 0.3372
80.0000;75.0000;0.0000;0.0000 score: 0.5012
Distance from Hinder to Mass-Target Line:1.4142
Distance Mass-Hinder:21.6145
Hinder not found. Keep high gear.
Predicted position not in hinder safe range.
Now Position: [24.75, 24.75]
Reset intertarget to original target.
count=14
Write current position to file:./trace_mass.dat
Distance Mass-Target:106.4210
Still in course.
Far from target. Set high gear.
39.0000;41.0000;0.0000;0.0000 score: 0.1329
61.0000;61.0000;0.0000;0.0000 score: 0.3285
80.0000;75.0000;0.0000;0.0000 score: 0.4965
Distance from Hinder to Mass-Target Line:1.4142
Distance Mass-Hinder:19.1205
Hinder not found. Keep high gear.
Predicted position not in hinder safe range.
Now Position: [26.52, 26.52]
Reset intertarget to original target.
count=15
Write current position to file:./trace_mass.dat
Distance Mass-Target:103.9209
Still in course.
Far from target. Set high gear.
39.0000;41.0000;0.0000;0.0000 score: 0.1190
61.0000;61.0000;0.0000;0.0000 score: 0.3193
80.0000;75.0000;0.0000;0.0000 score: 0.4915
Distance from Hinder to Mass-Target Line:1.4142
Distance Mass-Hinder:16.6284
Hinder not found. Keep high gear.
Predicted position not in hinder safe range.
Now Position: [28.28, 28.28]
Reset intertarget to original target.
count=16
Write current position to file:./trace_mass.dat
Distance Mass-Target:101.4209
Still in course.
Far from target. Set high gear.
39.0000;41.0000;0.0000;0.0000 score: 0.1043
61.0000;61.0000;0.0000;0.0000 score: 0.3097
80.0000;75.0000;0.0000;0.0000 score: 0.4862
Distance from Hinder to Mass-Target Line:1.4142
Distance Mass-Hinder:14.1390
Hinder not found. Keep high gear.
Predicted position not in hinder safe range.
Now Position: [30.05, 30.05]
Reset intertarget to original target.
count=17
Write current position to file:./trace_mass.dat
Distance Mass-Target:98.9208
Still in course.
Far from target. Set high gear.
39.0000;41.0000;0.0000;0.0000 score: 0.0890
61.0000;61.0000;0.0000;0.0000 score: 0.2996
80.0000;75.0000;0.0000;0.0000 score: 0.4807
Distance from Hinder to Mass-Target Line:1.4142
Distance Mass-Hinder:11.6542
Hinder not found. Keep high gear.
Predicted position not in hinder safe range.
Now Position: [31.82, 31.82]
Reset intertarget to original target.
count=18
Write current position to file:./trace_mass.dat
Distance Mass-Target:96.4208
Still in course.
Far from target. Set high gear.
39.0000;41.0000;0.0000;0.0000 score: 0.0729
61.0000;61.0000;0.0000;0.0000 score: 0.2889
80.0000;75.0000;0.0000;0.0000 score: 0.4749
Distance from Hinder to Mass-Target Line:1.4142
Distance Mass-Hinder:9.1776
Hinder not found. Keep high gear.
Predicted position not in hinder safe range.
Now Position: [33.59, 33.59]
Reset intertarget to original target.
count=19
Write current position to file:./trace_mass.dat
Distance Mass-Target:93.9208
Still in course.
Far from target. Set high gear.
39.0000;41.0000;0.0000;0.0000 score: 0.0561
61.0000;61.0000;0.0000;0.0000 score: 0.2777
80.0000;75.0000;0.0000;0.0000 score: 0.4688
Distance from Hinder to Mass-Target Line:1.4142
Distance Mass-Hinder:6.7185
Hinder found. Set mid gear.
Current position in hinder safe range.
safedist - distNowHnder = -4.1776
Add an intertarget [44.30, 35.70] to the current route.
Now Position: [35.06, 33.88]
Reset intertarget to original target.
count=20
Write current position to file:./trace_mass.dat
Distance Mass-Target:92.6790
Still in course.
Far from target. Set high gear.
39.0000;41.0000;0.0000;0.0000 score: 0.0653
61.0000;61.0000;0.0000;0.0000 score: 0.2813
80.0000;75.0000;0.0000;0.0000 score: 0.4662
Distance from Hinder to Mass-Target Line:2.1795
Distance Mass-Hinder:7.2650
Hinder found. Set mid gear.
Current position in hinder safe range.
safedist - distNowHnder = -3.1396
Change to second inter-target.
Add an intertarget [40.97, 36.40] to the current route.
Now Position: [36.44, 34.47]
Reset intertarget to original target.
count=21
Write current position to file:./trace_mass.dat
Distance Mass-Target:91.2937
Still in course.
Far from target. Set high gear.
39.0000;41.0000;0.0000;0.0000 score: 0.0580
61.0000;61.0000;0.0000;0.0000 score: 0.2749
80.0000;75.0000;0.0000;0.0000 score: 0.4618
Distance from Hinder to Mass-Target Line:2.7099
Distance Mass-Hinder:6.0594
Hinder found. Set mid gear.
Current position in hinder safe range.
safedist - distNowHnder = -2.0168
Change to second inter-target.
Add an intertarget [40.97, 36.40] to the current route.
Now Position: [37.82, 35.06]
Reset intertarget to original target.
count=22
Write current position to file:./trace_mass.dat
Distance Mass-Target:89.9120
Still in course.
Far from target. Set high gear.
39.0000;41.0000;0.0000;0.0000 score: 0.0553
61.0000;61.0000;0.0000;0.0000 score: 0.2697
80.0000;75.0000;0.0000;0.0000 score: 0.4571
Distance from Hinder to Mass-Target Line:3.2565
Distance Mass-Hinder:5.3570
Hinder found. Set mid gear.
Current position in hinder safe range.
safedist - distNowHnder = -1.0594
Change to second inter-target.
Add an intertarget [40.97, 36.40] to the current route.
Now Position: [39.20, 35.65]
Reset intertarget to original target.
count=23
Write current position to file:./trace_mass.dat
Distance Mass-Target:88.5343
Still in course.
Far from target. Set high gear.
39.0000;41.0000;0.0000;0.0000 score: 0.0554
61.0000;61.0000;0.0000;0.0000 score: 0.2645
80.0000;75.0000;0.0000;0.0000 score: 0.4523
Distance from Hinder to Mass-Target Line:3.8200
Distance Mass-Hinder:5.0179
Hinder found. Set mid gear.
Current position in hinder safe range.
safedist - distNowHnder = -0.3570
Change to second inter-target.
Add an intertarget [40.97, 36.40] to the current route.
Now Position: [40.58, 36.24]
Reset intertarget to original target.
count=24
Write current position to file:./trace_mass.dat
Distance Mass-Target:87.1605
Still in course.
Far from target. Set high gear.
39.0000;41.0000;0.0000;0.0000 score: 0.0592
61.0000;61.0000;0.0000;0.0000 score: 0.2593
80.0000;75.0000;0.0000;0.0000 score: 0.4474
Distance from Hinder to Mass-Target Line:4.4013
Distance Mass-Hinder:5.1148
Hinder found. Set mid gear.
Current position in hinder safe range.
safedist - distNowHnder = -0.0179
Change to second inter-target.
Add an intertarget [40.97, 36.40] to the current route.
Predicted movement will be beyond the range. Set low gear.
Now Position: [41.04, 36.43]
Reset intertarget to original target.
count=25
Write current position to file:./trace_mass.dat
Distance Mass-Target:86.7034
Still in course.
Far from target. Set high gear.
39.0000;41.0000;0.0000;0.0000 score: 0.0575
61.0000;61.0000;0.0000;0.0000 score: 0.2610
80.0000;75.0000;0.0000;0.0000 score: 0.4491
Distance from Hinder to Mass-Target Line:4.5989
Distance Mass-Hinder:5.0330
Hinder found. Set mid gear.
Current position in hinder safe range.
safedist - distNowHnder = -0.0005
Change to second inter-target.
Add an intertarget [41.10, 36.46] to the current route.
Predicted movement will be beyond the range. Set low gear.
Now Position: [41.49, 36.64]
Reset intertarget to original target.
count=26
Write current position to file:./trace_mass.dat
Distance Mass-Target:86.2409
Still in course.
Far from target. Set high gear.
39.0000;41.0000;0.0000;0.0000 score: 0.0589
61.0000;61.0000;0.0000;0.0000 score: 0.2591
80.0000;75.0000;0.0000;0.0000 score: 0.4474
Distance from Hinder to Mass-Target Line:4.7851
Distance Mass-Hinder:5.0850
Hinder found. Set mid gear.
Current position in hinder safe range.
safedist - distNowHnder = -0.0181
Change to second inter-target.
Add an intertarget [41.84, 36.88] to the current route.
Predicted movement will be beyond the range. Set low gear.
Now Position: [41.90, 36.93]
Reset intertarget to original target.
count=27
Write current position to file:./trace_mass.dat
Distance Mass-Target:85.7531
Still in course.
Far from target. Set high gear.
39.0000;41.0000;0.0000;0.0000 score: 0.0589
61.0000;61.0000;0.0000;0.0000 score: 0.2566
80.0000;75.0000;0.0000;0.0000 score: 0.4458
Distance from Hinder to Mass-Target Line:4.8934
Distance Mass-Hinder:5.0329
Hinder found. Set mid gear.
Current position in hinder safe range.
safedist - distNowHnder = -0.0006
Change to second inter-target.
Add an intertarget [41.96, 36.97] to the current route.
Predicted movement will be beyond the range. Set low gear.
Now Position: [42.30, 37.22]
Reset intertarget to original target.
count=28
Write current position to file:./trace_mass.dat
Distance Mass-Target:85.2624
Still in course.
Far from target. Set high gear.
39.0000;41.0000;0.0000;0.0000 score: 0.0600
61.0000;61.0000;0.0000;0.0000 score: 0.2542
80.0000;75.0000;0.0000;0.0000 score: 0.4442
Distance from Hinder to Mass-Target Line:4.9882
Distance Mass-Hinder:5.0845
Hinder found. Set mid gear.
Current position in hinder safe range.
safedist - distNowHnder = -0.0179
Change to second inter-target.
Add an intertarget [42.60, 37.53] to the current route.
Predicted movement will be beyond the range. Set low gear.
Now Position: [42.65, 37.58]
Reset intertarget to original target.
count=29
Write current position to file:./trace_mass.dat
Distance Mass-Target:84.7626
Still in course.
Far from target. Set high gear.
61.0000;61.0000;0.0000;0.0000 score: 0.2513
80.0000;75.0000;0.0000;0.0000 score: 0.4428
Distance from Hinder to Mass-Target Line:2.3318
Distance Mass-Hinder:29.2518
Hinder not found. Keep high gear.
Predicted position not in hinder safe range.
Now Position: [44.34, 39.42]
Reset intertarget to original target.
count=30
Write current position to file:./trace_mass.dat
Distance Mass-Target:82.2626
Still in course.
Far from target. Set high gear.
61.0000;61.0000;0.0000;0.0000 score: 0.2261
80.0000;75.0000;0.0000;0.0000 score: 0.4284
Distance from Hinder to Mass-Target Line:2.3318
Distance Mass-Hinder:24.7676
Hinder not found. Keep high gear.
Predicted position not in hinder safe range.
Now Position: [46.03, 41.27]
Reset intertarget to original target.
count=31
Write current position to file:./trace_mass.dat
Distance Mass-Target:79.7627
Still in course.
Far from target. Set high gear.
61.0000;61.0000;0.0000;0.0000 score: 0.2109
80.0000;75.0000;0.0000;0.0000 score: 0.4196
Distance from Hinder to Mass-Target Line:2.3318
Distance Mass-Hinder:22.2800
Hinder not found. Keep high gear.
Predicted position not in hinder safe range.
Now Position: [47.73, 43.11]
Reset intertarget to original target.
count=32
Write current position to file:./trace_mass.dat
Distance Mass-Target:77.2627
Still in course.
Far from target. Set high gear.
61.0000;61.0000;0.0000;0.0000 score: 0.1947
80.0000;75.0000;0.0000;0.0000 score: 0.4102
Distance from Hinder to Mass-Target Line:2.3318
Distance Mass-Hinder:19.7955
Hinder not found. Keep high gear.
Predicted position not in hinder safe range.
Now Position: [49.42, 44.95]
Reset intertarget to original target.
count=33
Write current position to file:./trace_mass.dat
Distance Mass-Target:74.7628
Still in course.
Far from target. Set high gear.
61.0000;61.0000;0.0000;0.0000 score: 0.1774
80.0000;75.0000;0.0000;0.0000 score: 0.4002
Distance from Hinder to Mass-Target Line:2.3318
Distance Mass-Hinder:17.3155
Hinder not found. Keep high gear.
Predicted position not in hinder safe range.
Now Position: [51.11, 46.79]
Reset intertarget to original target.
count=34
Write current position to file:./trace_mass.dat
Distance Mass-Target:72.2628
Still in course.
Far from target. Set high gear.
61.0000;61.0000;0.0000;0.0000 score: 0.1590
80.0000;75.0000;0.0000;0.0000 score: 0.3895
Distance from Hinder to Mass-Target Line:2.3318
Distance Mass-Hinder:14.8421
Hinder not found. Keep high gear.
Predicted position not in hinder safe range.
Now Position: [52.80, 48.63]
Reset intertarget to original target.
count=35
Write current position to file:./trace_mass.dat
Distance Mass-Target:69.7628
Still in course.
Far from target. Set high gear.
61.0000;61.0000;0.0000;0.0000 score: 0.1392
80.0000;75.0000;0.0000;0.0000 score: 0.3781
Distance from Hinder to Mass-Target Line:2.3318
Distance Mass-Hinder:12.3794
Hinder not found. Keep high gear.
Predicted position not in hinder safe range.
Now Position: [54.49, 50.47]
Reset intertarget to original target.
count=36
Write current position to file:./trace_mass.dat
Distance Mass-Target:67.2629
Still in course.
Far from target. Set high gear.
61.0000;61.0000;0.0000;0.0000 score: 0.1182
80.0000;75.0000;0.0000;0.0000 score: 0.3657
Distance from Hinder to Mass-Target Line:2.3318
Distance Mass-Hinder:9.9353
Hinder not found. Keep high gear.
Predicted position not in hinder safe range.
Now Position: [56.18, 52.31]
Reset intertarget to original target.
count=37
Write current position to file:./trace_mass.dat
Distance Mass-Target:64.7629
Still in course.
Far from target. Set high gear.
61.0000;61.0000;0.0000;0.0000 score: 0.0959
80.0000;75.0000;0.0000;0.0000 score: 0.3523
Distance from Hinder to Mass-Target Line:2.3318
Distance Mass-Hinder:7.5281
Hinder not found. Keep high gear.
Predicted position not in hinder safe range.
Now Position: [57.87, 54.15]
Reset intertarget to original target.
count=38
Write current position to file:./trace_mass.dat
Distance Mass-Target:62.2629
Still in course.
Far from target. Set high gear.
61.0000;61.0000;0.0000;0.0000 score: 0.0727
80.0000;75.0000;0.0000;0.0000 score: 0.3379
Distance from Hinder to Mass-Target Line:2.3318
Distance Mass-Hinder:5.2090
Hinder found. Set mid gear.
Current position in hinder safe range.
safedist - distNowHnder = -2.5281
Change to second inter-target.
Add an intertarget [63.02, 56.43] to the current route.
Now Position: [59.25, 54.76]
Reset intertarget to original target.
count=39
Write current position to file:./trace_mass.dat
Distance Mass-Target:60.8910
Still in course.
Far from target. Set high gear.
61.0000;61.0000;0.0000;0.0000 score: 0.0838
80.0000;75.0000;0.0000;0.0000 score: 0.3322
Distance from Hinder to Mass-Target Line:2.8746
Distance Mass-Hinder:5.6485
Hinder found. Set mid gear.
Current position in hinder safe range.
safedist - distNowHnder = -1.4837
Change to second inter-target.
Add an intertarget [63.02, 56.43] to the current route.
Now Position: [60.62, 55.36]
Reset intertarget to original target.
count=40
Write current position to file:./trace_mass.dat
Distance Mass-Target:59.5254
Still in course.
Far from target. Set high gear.
61.0000;61.0000;0.0000;0.0000 score: 0.0825
80.0000;75.0000;0.0000;0.0000 score: 0.3215
Distance from Hinder to Mass-Target Line:3.4420
Distance Mass-Hinder:5.1255
Hinder found. Set mid gear.
Current position in hinder safe range.
safedist - distNowHnder = -0.6484
Change to second inter-target.
Add an intertarget [63.02, 56.43] to the current route.
Now Position: [61.99, 55.97]
Reset intertarget to original target.
count=41
Write current position to file:./trace_mass.dat
Distance Mass-Target:58.1663
Still in course.
Far from target. Set high gear.
61.0000;61.0000;0.0000;0.0000 score: 0.0864
80.0000;75.0000;0.0000;0.0000 score: 0.3103
Distance from Hinder to Mass-Target Line:4.0358
Distance Mass-Hinder:5.0139
Hinder found. Set mid gear.
Current position in hinder safe range.
safedist - distNowHnder = -0.1256
Change to second inter-target.
Add an intertarget [63.02, 56.43] to the current route.
Predicted movement will be beyond the range. Set low gear.
Now Position: [62.45, 56.17]
Reset intertarget to original target.
count=42
Write current position to file:./trace_mass.dat
Distance Mass-Target:57.7148
Still in course.
Far from target. Set high gear.
61.0000;61.0000;0.0000;0.0000 score: 0.0844
80.0000;75.0000;0.0000;0.0000 score: 0.3141
Distance from Hinder to Mass-Target Line:4.2397
Distance Mass-Hinder:5.0016
Hinder found. Set mid gear.
Current position in hinder safe range.
safedist - distNowHnder = -0.0392
Change to second inter-target.
Add an intertarget [63.02, 56.43] to the current route.
Predicted movement will be beyond the range. Set low gear.
Now Position: [62.90, 56.38]
Reset intertarget to original target.
count=43
Write current position to file:./trace_mass.dat
Distance Mass-Target:57.2642
Still in course.
Far from target. Set high gear.
61.0000;61.0000;0.0000;0.0000 score: 0.0864
80.0000;75.0000;0.0000;0.0000 score: 0.3103
Distance from Hinder to Mass-Target Line:4.4469
Distance Mass-Hinder:5.0139
Hinder found. Set mid gear.
Current position in hinder safe range.
safedist - distNowHnder = -0.0016
Change to second inter-target.
Add an intertarget [63.02, 56.43] to the current route.
Predicted movement will be beyond the range. Set low gear.
Now Position: [63.36, 56.58]
Reset intertarget to original target.
count=44
Write current position to file:./trace_mass.dat
Distance Mass-Target:56.8144
Still in course.
Far from target. Set high gear.
61.0000;61.0000;0.0000;0.0000 score: 0.0890
80.0000;75.0000;0.0000;0.0000 score: 0.3064
Distance from Hinder to Mass-Target Line:4.6572
Distance Mass-Hinder:5.0754
Hinder found. Set mid gear.
Current position in hinder safe range.
safedist - distNowHnder = -0.0138
Change to second inter-target.
Add an intertarget [63.68, 56.78] to the current route.
Predicted movement will be beyond the range. Set low gear.
Now Position: [63.78, 56.84]
Reset intertarget to original target.
count=45
Write current position to file:./trace_mass.dat
Distance Mass-Target:56.3377
Still in course.
Far from target. Set high gear.
61.0000;61.0000;0.0000;0.0000 score: 0.0897
80.0000;75.0000;0.0000;0.0000 score: 0.3026
Distance from Hinder to Mass-Target Line:4.8038
Distance Mass-Hinder:5.0393
Hinder found. Set mid gear.
Current position in hinder safe range.
safedist - distNowHnder = -0.0016
Change to second inter-target.
Add an intertarget [63.89, 56.92] to the current route.
Predicted movement will be beyond the range. Set low gear.
Now Position: [64.19, 57.13]
Reset intertarget to original target.
count=46
Write current position to file:./trace_mass.dat
Distance Mass-Target:55.8542
Still in course.
Far from target. Set high gear.
61.0000;61.0000;0.0000;0.0000 score: 0.0916
80.0000;75.0000;0.0000;0.0000 score: 0.2987
Distance from Hinder to Mass-Target Line:4.9286
Distance Mass-Hinder:5.0754
Hinder found. Set mid gear.
Current position in hinder safe range.
safedist - distNowHnder = -0.0138
Change to second inter-target.
Add an intertarget [64.46, 57.39] to the current route.
Predicted movement will be beyond the range. Set low gear.
Now Position: [64.55, 57.48]
Reset intertarget to original target.
count=47
Write current position to file:./trace_mass.dat
Distance Mass-Target:55.3572
Still in course.
Far from target. Set high gear.
80.0000;75.0000;0.0000;0.0000 score: 0.2950
Distance from Hinder to Mass-Target Line:0.6461
Distance Mass-Hinder:22.8588
Hinder not found. Keep high gear.
Predicted position not in hinder safe range.
Now Position: [66.15, 59.40]
Reset intertarget to original target.
count=48
Write current position to file:./trace_mass.dat
Distance Mass-Target:52.8572
Still in course.
Far from target. Set high gear.
80.0000;75.0000;0.0000;0.0000 score: 0.2591
Distance from Hinder to Mass-Target Line:0.6461
Distance Mass-Hinder:18.3594
Hinder not found. Keep high gear.
Predicted position not in hinder safe range.
Now Position: [67.75, 61.32]
Reset intertarget to original target.
count=49
Write current position to file:./trace_mass.dat
Distance Mass-Target:50.3571
Still in course.
Far from target. Set high gear.
80.0000;75.0000;0.0000;0.0000 score: 0.2361
Distance from Hinder to Mass-Target Line:0.6462
Distance Mass-Hinder:15.8612
Hinder not found. Keep high gear.
Predicted position not in hinder safe range.
Now Position: [69.36, 63.24]
Reset intertarget to original target.
count=50
Write current position to file:./trace_mass.dat
Distance Mass-Target:47.8571
Still in course.
Far from target. Set high gear.
80.0000;75.0000;0.0000;0.0000 score: 0.2105
Distance from Hinder to Mass-Target Line:0.6462
Distance Mass-Hinder:13.3637
Hinder not found. Keep high gear.
Predicted position not in hinder safe range.
Now Position: [70.96, 65.16]
Reset intertarget to original target.
count=51
Write current position to file:./trace_mass.dat
Distance Mass-Target:45.3571
Still in course.
Far from target. Set high gear.
80.0000;75.0000;0.0000;0.0000 score: 0.1820
Distance from Hinder to Mass-Target Line:0.6462
Distance Mass-Hinder:10.8672
Hinder not found. Keep high gear.
Predicted position not in hinder safe range.
Now Position: [72.56, 67.08]
Reset intertarget to original target.
count=52
Write current position to file:./trace_mass.dat
Distance Mass-Target:42.8571
Still in course.
Far from target. Set high gear.
80.0000;75.0000;0.0000;0.0000 score: 0.1500
Distance from Hinder to Mass-Target Line:0.6463
Distance Mass-Hinder:8.3730
Hinder not found. Keep high gear.
Predicted position not in hinder safe range.
Now Position: [74.16, 69.00]
Reset intertarget to original target.
count=53
Write current position to file:./trace_mass.dat
Distance Mass-Target:40.3571
Still in course.
Far from target. Set high gear.
80.0000;75.0000;0.0000;0.0000 score: 0.1139
Distance from Hinder to Mass-Target Line:0.6463
Distance Mass-Hinder:5.8836
Hinder found. Set mid gear.
Current position in hinder safe range.
safedist - distNowHnder = -3.3730
Change to second inter-target.
Add an intertarget [75.04, 75.66] to the current route.
Now Position: [74.36, 70.49]
Reset intertarget to original target.
count=54
Write current position to file:./trace_mass.dat
Distance Mass-Target:39.0966
Still in course.
Far from target. Set high gear.
80.0000;75.0000;0.0000;0.0000 score: 0.1310
Distance from Hinder to Mass-Target Line:1.3013
Distance Mass-Hinder:6.2298
Hinder found. Set mid gear.
Current position in hinder safe range.
safedist - distNowHnder = -2.2256
Change to second inter-target.
Add an intertarget [75.04, 75.66] to the current route.
Now Position: [74.55, 71.98]
Reset intertarget to original target.
count=55
Write current position to file:./trace_mass.dat
Distance Mass-Target:37.8535
Still in course.
Far from target. Set high gear.
80.0000;75.0000;0.0000;0.0000 score: 0.1270
Distance from Hinder to Mass-Target Line:1.9990
Distance Mass-Hinder:5.4691
Hinder found. Set mid gear.
Current position in hinder safe range.
safedist - distNowHnder = -1.2297
Change to second inter-target.
Add an intertarget [75.04, 75.66] to the current route.
Now Position: [74.75, 73.46]
Reset intertarget to original target.
count=56
Write current position to file:./trace_mass.dat
Distance Mass-Target:36.6297
Still in course.
Far from target. Set high gear.
80.0000;75.0000;0.0000;0.0000 score: 0.1297
Distance from Hinder to Mass-Target Line:2.7427
Distance Mass-Hinder:5.0511
Hinder found. Set mid gear.
Current position in hinder safe range.
safedist - distNowHnder = -0.4692
Change to second inter-target.
Add an intertarget [75.04, 75.66] to the current route.
Now Position: [74.95, 74.95]
Reset intertarget to original target.
count=57
Write current position to file:./trace_mass.dat
Distance Mass-Target:35.4271
Still in course.
Far from target. Set high gear.
80.0000;75.0000;0.0000;0.0000 score: 0.1418
Distance from Hinder to Mass-Target Line:3.5356
Distance Mass-Hinder:5.0610
Hinder found. Set mid gear.
Current position in hinder safe range.
safedist - distNowHnder = -0.0511
Change to second inter-target.
Add an intertarget [75.04, 75.66] to the current route.
Predicted movement will be beyond the range. Set low gear.
Now Position: [75.02, 75.44]
Reset intertarget to original target.
count=58
Write current position to file:./trace_mass.dat
Distance Mass-Target:35.0313
Still in course.
Far from target. Set high gear.
80.0000;75.0000;0.0000;0.0000 score: 0.1367
Distance from Hinder to Mass-Target Line:3.8114
Distance Mass-Hinder:5.0080
Hinder found. Set mid gear.
Current position in hinder safe range.
safedist - distNowHnder = -0.0046
Change to second inter-target.
Add an intertarget [75.04, 75.66] to the current route.
Predicted movement will be beyond the range. Set low gear.
Now Position: [75.08, 75.94]
Reset intertarget to original target.
count=59
Write current position to file:./trace_mass.dat
Distance Mass-Target:34.6383
Still in course.
Far from target. Set high gear.
80.0000;75.0000;0.0000;0.0000 score: 0.1418
Distance from Hinder to Mass-Target Line:4.0932
Distance Mass-Hinder:5.0611
Hinder found. Set mid gear.
Current position in hinder safe range.
safedist - distNowHnder = -0.0080
Change to second inter-target.
Add an intertarget [75.15, 76.22] to the current route.
Predicted movement will be beyond the range. Set low gear.
Now Position: [75.20, 76.43]
Reset intertarget to original target.
count=60
Write current position to file:./trace_mass.dat
Distance Mass-Target:34.2150
Still in course.
Far from target. Set high gear.
80.0000;75.0000;0.0000;0.0000 score: 0.1454
Distance from Hinder to Mass-Target Line:4.3386
Distance Mass-Hinder:5.0511
Hinder found. Set mid gear.
Current position in hinder safe range.
safedist - distNowHnder = -0.0047
Change to second inter-target.
Add an intertarget [75.27, 76.63] to the current route.
Predicted movement will be beyond the range. Set low gear.
Now Position: [75.37, 76.90]
Reset intertarget to original target.
count=61
Write current position to file:./trace_mass.dat
Distance Mass-Target:33.7719
Still in course.
Far from target. Set high gear.
80.0000;75.0000;0.0000;0.0000 score: 0.1493
Distance from Hinder to Mass-Target Line:4.5547
Distance Mass-Hinder:5.0609
Hinder found. Set mid gear.
Current position in hinder safe range.
safedist - distNowHnder = -0.0080
Change to second inter-target.
Add an intertarget [75.49, 77.15] to the current route.
Predicted movement will be beyond the range. Set low gear.
Now Position: [75.58, 77.35]
Reset intertarget to original target.
count=62
Write current position to file:./trace_mass.dat
Distance Mass-Target:33.3066
Still in course.
Far from target. Set high gear.
80.0000;75.0000;0.0000;0.0000 score: 0.1525
Distance from Hinder to Mass-Target Line:4.7277
Distance Mass-Hinder:5.0513
Hinder found. Set mid gear.
Current position in hinder safe range.
safedist - distNowHnder = -0.0048
Change to second inter-target.
Add an intertarget [75.69, 77.54] to the current route.
Predicted movement will be beyond the range. Set low gear.
Now Position: [75.83, 77.78]
Reset intertarget to original target.
count=63
Write current position to file:./trace_mass.dat
Distance Mass-Target:32.8279
Still in course.
Far from target. Set high gear.
80.0000;75.0000;0.0000;0.0000 score: 0.1559
Distance from Hinder to Mass-Target Line:4.8659
Distance Mass-Hinder:5.0606
Hinder found. Set mid gear.
Current position in hinder safe range.
safedist - distNowHnder = -0.0079
Change to second inter-target.
Add an intertarget [76.00, 78.00] to the current route.
Predicted movement will be beyond the range. Set low gear.
Now Position: [76.14, 78.18]
Reset intertarget to original target.
count=64
Write current position to file:./trace_mass.dat
Distance Mass-Target:32.3364
Still in course.
Far from target. Set high gear.
80.0000;75.0000;0.0000;0.0000 score: 0.1586
Distance from Hinder to Mass-Target Line:4.9547
Distance Mass-Hinder:5.0514
Hinder found. Set mid gear.
Current position in hinder safe range.
safedist - distNowHnder = -0.0048
Change to second inter-target.
Add an intertarget [76.28, 78.34] to the current route.
Predicted movement will be beyond the range. Set low gear.
Now Position: [76.47, 78.55]
Reset intertarget to original target.
count=65
Write current position to file:./trace_mass.dat
Distance Mass-Target:31.8388
Still in course.
Far from target. Set high gear.
Distance from Hinder to Mass-Target Line:6.5401
Distance Mass-Hinder:110.1261
Hinder not found. Keep high gear.
Angle > pi/2, hinder without threat.
Now Position: [78.32, 80.24]
Reset intertarget to original target.
count=66
Write current position to file:./trace_mass.dat
Distance Mass-Target:29.3388
Still in course.
Far from target. Set high gear.
Distance from Hinder to Mass-Target Line:6.5401
Distance Mass-Hinder:114.6179
Hinder not found. Keep high gear.
Angle > pi/2, hinder without threat.
Now Position: [80.16, 81.92]
Reset intertarget to original target.
count=67
Write current position to file:./trace_mass.dat
Distance Mass-Target:26.8389
Still in course.
Far from target. Set high gear.
Distance from Hinder to Mass-Target Line:6.5401
Distance Mass-Hinder:117.1139
Hinder not found. Keep high gear.
Angle > pi/2, hinder without threat.
Now Position: [82.01, 83.60]
Reset intertarget to original target.
count=68
Write current position to file:./trace_mass.dat
Distance Mass-Target:24.3389
Still in course.
Far from target. Set high gear.
Distance from Hinder to Mass-Target Line:6.5401
Distance Mass-Hinder:119.6101
Hinder not found. Keep high gear.
Angle > pi/2, hinder without threat.
Now Position: [83.86, 85.29]
Reset intertarget to original target.
count=69
Write current position to file:./trace_mass.dat
Distance Mass-Target:21.8390
Still in course.
Far from target. Set high gear.
Distance from Hinder to Mass-Target Line:6.5401
Distance Mass-Hinder:122.1064
Hinder not found. Keep high gear.
Angle > pi/2, hinder without threat.
Now Position: [85.71, 86.97]
Reset intertarget to original target.
count=70
Write current position to file:./trace_mass.dat
Distance Mass-Target:19.3390
Still in course.
Far from target. Set high gear.
Distance from Hinder to Mass-Target Line:6.5402
Distance Mass-Hinder:124.6028
Hinder not found. Keep high gear.
Angle > pi/2, hinder without threat.
Now Position: [87.56, 88.66]
Reset intertarget to original target.
count=71
Write current position to file:./trace_mass.dat
Distance Mass-Target:16.8390
Still in course.
Far from target. Set high gear.
Distance from Hinder to Mass-Target Line:6.5402
Distance Mass-Hinder:127.0994
Hinder not found. Keep high gear.
Angle > pi/2, hinder without threat.
Now Position: [89.40, 90.34]
Reset intertarget to original target.
count=72
Write current position to file:./trace_mass.dat
Distance Mass-Target:14.3391
Still in course.
Far from target. Set high gear.
Distance from Hinder to Mass-Target Line:6.5402
Distance Mass-Hinder:129.5961
Hinder not found. Keep high gear.
Angle > pi/2, hinder without threat.
Now Position: [91.25, 92.02]
Reset intertarget to original target.
count=73
Write current position to file:./trace_mass.dat
Distance Mass-Target:11.8391
Still in course.
Far from target. Set high gear.
Distance from Hinder to Mass-Target Line:6.5402
Distance Mass-Hinder:132.0930
Hinder not found. Keep high gear.
Angle > pi/2, hinder without threat.
Now Position: [93.10, 93.71]
Reset intertarget to original target.
count=74
Write current position to file:./trace_mass.dat
Distance Mass-Target:9.3391
Still in course.
Far from target. Set high gear.
Distance from Hinder to Mass-Target Line:6.5402
Distance Mass-Hinder:134.5899
Hinder not found. Keep high gear.
Angle > pi/2, hinder without threat.
Now Position: [94.95, 95.39]
Reset intertarget to original target.
count=75
Write current position to file:./trace_mass.dat
Distance Mass-Target:6.8392
Still in course.
Far from target. Set high gear.
Distance from Hinder to Mass-Target Line:6.5403
Distance Mass-Hinder:137.0870
Hinder not found. Keep high gear.
Angle > pi/2, hinder without threat.
Now Position: [96.79, 97.08]
Reset intertarget to original target.
count=76
Write current position to file:./trace_mass.dat
Distance Mass-Target:4.3392
Still in course.
Close to target. Set low gear.
Distance from Hinder to Mass-Target Line:6.5404
Distance Mass-Hinder:139.5841
Hinder not found. Keep low gear.
Angle > pi/2, hinder without threat.
Now Position: [97.16, 97.41]
Reset intertarget to original target.
count=77
Write current position to file:./trace_mass.dat
Distance Mass-Target:3.8392
Still in course.
Close to target. Set low gear.
Distance from Hinder to Mass-Target Line:6.5404
Distance Mass-Hinder:138.0858
Hinder not found. Keep low gear.
Angle > pi/2, hinder without threat.
Now Position: [97.53, 97.75]
Reset intertarget to original target.
count=78
Write current position to file:./trace_mass.dat
Distance Mass-Target:3.3393
Still in course.
Close to target. Set low gear.
Distance from Hinder to Mass-Target Line:6.5403
Distance Mass-Hinder:138.5852
Hinder not found. Keep low gear.
Angle > pi/2, hinder without threat.
Now Position: [97.90, 98.09]
Reset intertarget to original target.
count=79
Write current position to file:./trace_mass.dat
Distance Mass-Target:2.8393
Still in course.
Close to target. Set low gear.
Distance from Hinder to Mass-Target Line:6.5403
Distance Mass-Hinder:139.0846
Hinder not found. Keep low gear.
Angle > pi/2, hinder without threat.
Now Position: [98.27, 98.42]
Reset intertarget to original target.
count=80
Write current position to file:./trace_mass.dat
Distance Mass-Target:2.3393
Still in course.
Close to target. Set low gear.
Distance from Hinder to Mass-Target Line:6.5403
Distance Mass-Hinder:139.5840
Hinder not found. Keep low gear.
Angle > pi/2, hinder without threat.
Now Position: [98.64, 98.76]
Reset intertarget to original target.
count=81
Write current position to file:./trace_mass.dat
Distance Mass-Target:1.8394
Still in course.
Close to target. Set low gear.
Distance from Hinder to Mass-Target Line:6.5402
Distance Mass-Hinder:140.0834
Hinder not found. Keep low gear.
Angle > pi/2, hinder without threat.
Now Position: [99.01, 99.10]
Reset intertarget to original target.
count=82
Write current position to file:./trace_mass.dat
Distance Mass-Target:1.3394
Still in course.
Close to target. Set low gear.
Distance from Hinder to Mass-Target Line:6.5401
Distance Mass-Hinder:140.5828
Hinder not found. Keep low gear.
Angle > pi/2, hinder without threat.
Now Position: [99.38, 99.43]
Reset intertarget to original target.
count=83
Write current position to file:./trace_mass.dat
Distance Mass-Target:0.8395
Still in course.
Close to target. Set low gear.
Distance from Hinder to Mass-Target Line:6.5399
Distance Mass-Hinder:141.0823
Hinder not found. Keep low gear.
Angle > pi/2, hinder without threat.
Now Position: [99.75, 99.77]
Reset intertarget to original target.
count=84
Write current position to file:./trace_mass.dat
Distance Mass-Target:0.3395
Target reached successfully.
count=85
